Wed 31 Jul 2024 03:33:39 PM EDT
$PROB RUN# 100 - fit of Phase I data base model
$INPUT C NUM ID TIME SEQ CMT EVID AMT DV AGE WT HT EGFR ALB BMI SEX AAG
       SCR AST ALT CP TAFD TAD LDOS MDV BLQ PHASE

$DATA ../../../data/derived/pk.csv IGNORE=@ IGNORE=(BLQ.EQ.1)

$SUBROUTINE ADVAN2 TRANS2

$PK
 
;log transformed PK parms
 
KA   = EXP(THETA(1)+ETA(1))
V   = EXP(THETA(2)+ETA(2))
CL   = EXP(THETA(3)+ETA(3))

S2 = V/1000 ; dose in mcg, conc in mcg/mL

$ERROR
IPRED = F 

Y=IPRED*(1+EPS(1))

$THETA  ; log values
(-0.69)   ;  1 KA (1/hr) - 1.5
(3.5)   ;  2 V2 (L) - 60
(1)     ;  3 CL (L/hr) - 3.5


$OMEGA BLOCK(3)
0.2   ;ETA(KA)
0.01 0.2   ;ETA(V)
0.01 0.01 0.2   ;ETA(CL)

$SIGMA
0.05     ; 1 pro error

$EST MAXEVAL=9999 METHOD=1 INTER SIGL=9 NSIG=3 PRINT=1 RANMETHOD=P MSFO=./100.MSF
$COV PRINT=E RANMETHOD=P
$TABLE NUM IPRED NPDE CWRES NOPRINT ONEHEADER RANMETHOD=P FILE=100.tab
$TABLE NUM CL V KA ETAS(1:LAST) NOAPPEND NOPRINT ONEHEADER FILE=100par.tab

NM-TRAN MESSAGES
  
 WARNINGS AND ERRORS (IF ANY) FOR PROBLEM    1
             
 (WARNING  2) NM-TRAN INFERS THAT THE DATA ARE POPULATION.
  
Note: Analytical 2nd Derivatives are constructed in FSUBS but are never used.
      You may insert $ABBR DERIV2=NO after the first $PROB to save FSUBS construction and compilation time
  

License Registered to: Metrum Research Group (with RADAR5NM)
Expiration Date:    14 JUL 2025
Current Date:       31 JUL 2024
Days until program expires : 348
1NONLINEAR MIXED EFFECTS MODEL PROGRAM (NONMEM) VERSION 7.5.1
 ORIGINALLY DEVELOPED BY STUART BEAL, LEWIS SHEINER, AND ALISON BOECKMANN
 CURRENT DEVELOPERS ARE ROBERT BAUER, ICON DEVELOPMENT SOLUTIONS,
 AND ALISON BOECKMANN. IMPLEMENTATION, EFFICIENCY, AND STANDARDIZATION
 PERFORMED BY NOUS INFOSYSTEMS.

 PROBLEM NO.:         1
 RUN# 100 - fit of Phase I data base model
0DATA CHECKOUT RUN:              NO
 DATA SET LOCATED ON UNIT NO.:    2
 THIS UNIT TO BE REWOUND:        NO
 NO. OF DATA RECS IN DATA SET:     4292
 NO. OF DATA ITEMS IN DATA SET:  27
 ID DATA ITEM IS DATA ITEM NO.:   3
 DEP VARIABLE IS DATA ITEM NO.:   9
 MDV DATA ITEM IS DATA ITEM NO.: 25
0INDICES PASSED TO SUBROUTINE PRED:
   7   4   8   0   0   0   6   0   0   0   0
0LABELS FOR DATA ITEMS:
 C NUM ID TIME SEQ CMT EVID AMT DV AGE WT HT EGFR ALB BMI SEX AAG SCR AST ALT CP TAFD TAD LDOS MDV BLQ PHASE
0(NONBLANK) LABELS FOR PRED-DEFINED ITEMS:
 KA V CL IPRED
0FORMAT FOR DATA:
 (2(10E7.0/),7E7.0)

 TOT. NO. OF OBS RECS:     3142
 TOT. NO. OF INDIVIDUALS:      160
0LENGTH OF THETA:   3
0DEFAULT THETA BOUNDARY TEST OMITTED:    NO
0OMEGA HAS BLOCK FORM:
  1
  1  1
  1  1  1
0DEFAULT OMEGA BOUNDARY TEST OMITTED:    NO
0SIGMA HAS SIMPLE DIAGONAL FORM WITH DIMENSION:   1
0DEFAULT SIGMA BOUNDARY TEST OMITTED:    NO
0INITIAL ESTIMATE OF THETA:
  -0.6900E+00  0.3500E+01  0.1000E+01
0INITIAL ESTIMATE OF OMEGA:
 BLOCK SET NO.   BLOCK                                                                    FIXED
        1                                                                                   NO
                  0.2000E+00
                  0.1000E-01   0.2000E+00
                  0.1000E-01   0.1000E-01   0.2000E+00
0INITIAL ESTIMATE OF SIGMA:
 0.5000E-01
0COVARIANCE STEP OMITTED:        NO
 EIGENVLS. PRINTED:             YES
 SPECIAL COMPUTATION:            NO
 COMPRESSED FORMAT:              NO
 GRADIENT METHOD USED:     NOSLOW
 SIGDIGITS ETAHAT (SIGLO):                  -1
 SIGDIGITS GRADIENTS (SIGL):                -1
 EXCLUDE COV FOR FOCE (NOFCOV):              NO
 Cholesky Transposition of R Matrix (CHOLROFF):0
 KNUTHSUMOFF:                                -1
 RESUME COV ANALYSIS (RESUME):               NO
 SIR SAMPLE SIZE (SIRSAMPLE):
 NON-LINEARLY TRANSFORM THETAS DURING COV (THBND): 1
 PRECONDTIONING CYCLES (PRECOND):        0
 PRECONDTIONING TYPES (PRECONDS):        TOS
 FORCED PRECONDTIONING CYCLES (PFCOND):0
 PRECONDTIONING TYPE (PRETYPE):        0
 FORCED POS. DEFINITE SETTING DURING PRECONDITIONING: (FPOSDEF):0
 SIMPLE POS. DEFINITE SETTING: (POSDEF):-1
0TABLES STEP OMITTED:    NO
 NO. OF TABLES:           2
 SEED NUMBER (SEED):    11456
 NPDTYPE:    0
 INTERPTYPE:    0
 RANMETHOD:             3UP
 MC SAMPLES (ESAMPLE):    300
 WRES SQUARE ROOT TYPE (WRESCHOL): EIGENVALUE
0-- TABLE   1 --
0RECORDS ONLY:    ALL
04 COLUMNS APPENDED:    YES
 PRINTED:                NO
 HEADERS:               ONE
 FILE TO BE FORWARDED:   NO
 FORMAT:                S1PE11.4
 IDFORMAT:
 LFORMAT:
 RFORMAT:
 FIXED_EFFECT_ETAS:
0USER-CHOSEN ITEMS:
 NUM IPRED NPDE CWRES
0-- TABLE   2 --
0RECORDS ONLY:    ALL
04 COLUMNS APPENDED:    NO
 PRINTED:                NO
 HEADERS:               ONE
 FILE TO BE FORWARDED:   NO
 FORMAT:                S1PE11.4
 IDFORMAT:
 LFORMAT:
 RFORMAT:
 FIXED_EFFECT_ETAS:
0USER-CHOSEN ITEMS:
 NUM CL V KA ETA1 ETA2 ETA3
1DOUBLE PRECISION PREDPP VERSION 7.5.1

 ONE COMPARTMENT MODEL WITH FIRST-ORDER ABSORPTION (ADVAN2)
0MAXIMUM NO. OF BASIC PK PARAMETERS:   3
0BASIC PK PARAMETERS (AFTER TRANSLATION):
   ELIMINATION RATE (K) IS BASIC PK PARAMETER NO.:  1
   ABSORPTION RATE (KA) IS BASIC PK PARAMETER NO.:  3

 TRANSLATOR WILL CONVERT PARAMETERS
 CLEARANCE (CL) AND VOLUME (V) TO K (TRANS2)
0COMPARTMENT ATTRIBUTES
 COMPT. NO.   FUNCTION   INITIAL    ON/OFF      DOSE      DEFAULT    DEFAULT
                         STATUS     ALLOWED    ALLOWED    FOR DOSE   FOR OBS.
    1         DEPOT        OFF        YES        YES        YES        NO
    2         CENTRAL      ON         NO         YES        NO         YES
    3         OUTPUT       OFF        YES        NO         NO         NO
1
 ADDITIONAL PK PARAMETERS - ASSIGNMENT OF ROWS IN GG
 COMPT. NO.                             INDICES
              SCALE      BIOAVAIL.   ZERO-ORDER  ZERO-ORDER  ABSORB
                         FRACTION    RATE        DURATION    LAG
    1            *           *           *           *           *
    2            4           *           *           *           *
    3            *           -           -           -           -
             - PARAMETER IS NOT ALLOWED FOR THIS MODEL
             * PARAMETER IS NOT SUPPLIED BY PK SUBROUTINE;
               WILL DEFAULT TO ONE IF APPLICABLE
0DATA ITEM INDICES USED BY PRED ARE:
   EVENT ID DATA ITEM IS DATA ITEM NO.:      7
   TIME DATA ITEM IS DATA ITEM NO.:          4
   DOSE AMOUNT DATA ITEM IS DATA ITEM NO.:   8
   COMPT. NO. DATA ITEM IS DATA ITEM NO.:    6

0PK SUBROUTINE CALLED WITH EVERY EVENT RECORD.
 PK SUBROUTINE NOT CALLED AT NONEVENT (ADDITIONAL OR LAGGED) DOSE TIMES.
0ERROR SUBROUTINE CALLED WITH EVERY EVENT RECORD.
1


 #TBLN:      1
 #METH: First Order Conditional Estimation with Interaction

 ESTIMATION STEP OMITTED:                 NO
 ANALYSIS TYPE:                           POPULATION
 NUMBER OF SADDLE POINT RESET ITERATIONS:      0
 GRADIENT METHOD USED:               NOSLOW
 CONDITIONAL ESTIMATES USED:              YES
 CENTERED ETA:                            NO
 EPS-ETA INTERACTION:                     YES
 LAPLACIAN OBJ. FUNC.:                    NO
 NO. OF FUNCT. EVALS. ALLOWED:            9999
 NO. OF SIG. FIGURES REQUIRED:            3
 INTERMEDIATE PRINTOUT:                   YES
 ESTIMATE OUTPUT TO MSF:                  YES
 IND. OBJ. FUNC. VALUES SORTED:           NO
 NUMERICAL DERIVATIVE
       FILE REQUEST (NUMDER):               NONE
 MAP (ETAHAT) ESTIMATION METHOD (OPTMAP):   0
 ETA HESSIAN EVALUATION METHOD (ETADER):    0
 INITIAL ETA FOR MAP ESTIMATION (MCETA):    0
 SIGDIGITS FOR MAP ESTIMATION (SIGLO):      9
 GRADIENT SIGDIGITS OF
       FIXED EFFECTS PARAMETERS (SIGL):     9
 NOPRIOR SETTING (NOPRIOR):                 0
 NOCOV SETTING (NOCOV):                     OFF
 DERCONT SETTING (DERCONT):                 OFF
 FINAL ETA RE-EVALUATION (FNLETA):          1
 EXCLUDE NON-INFLUENTIAL (NON-INFL.) ETAS
       IN SHRINKAGE (ETASTYPE):             NO
 NON-INFL. ETA CORRECTION (NONINFETA):      0
 RAW OUTPUT FILE (FILE): 100.ext
 EXCLUDE TITLE (NOTITLE):                   NO
 EXCLUDE COLUMN LABELS (NOLABEL):           NO
 FORMAT FOR ADDITIONAL FILES (FORMAT):      S1PE12.5
 PARAMETER ORDER FOR OUTPUTS (ORDER):       TSOL
 KNUTHSUMOFF:                               0
 INCLUDE LNTWOPI:                           NO
 INCLUDE CONSTANT TERM TO PRIOR (PRIORC):   NO
 INCLUDE CONSTANT TERM TO OMEGA (ETA) (OLNTWOPI):NO
 ADDITIONAL CONVERGENCE TEST (CTYPE=4)?:    NO
 EM OR BAYESIAN METHOD USED:                 NONE


 THE FOLLOWING LABELS ARE EQUIVALENT
 PRED=PREDI
 RES=RESI
 WRES=WRESI
 IWRS=IWRESI
 IPRD=IPREDI
 IRS=IRESI

 MONITORING OF SEARCH:


0ITERATION NO.:    0    OBJECTIVE VALUE:   36509.8288334039        NO. OF FUNC. EVALS.:   6
 CUMULATIVE NO. OF FUNC. EVALS.:        6
 NPARAMETR: -6.9000E-01  3.5000E+00  1.0000E+00  2.0000E-01  1.0000E-02  1.0000E-02  2.0000E-01  1.0000E-02  2.0000E-01  5.0000E-02

 PARAMETER: -1.0000E-01  1.0000E-01  1.0000E-01  1.0000E-01  1.0000E-01  1.0000E-01  1.0000E-01  1.0000E-01  1.0000E-01  1.0000E-01

 GRADIENT:  -1.2578E+04 -5.0509E+04  2.0162E+03 -2.0884E+03 -8.5256E+02  1.0764E+02 -1.1253E+03  2.5232E+01  1.5843E+01 -4.6203E+03


0ITERATION NO.:    1    OBJECTIVE VALUE:   35752.2590506302        NO. OF FUNC. EVALS.:   8
 CUMULATIVE NO. OF FUNC. EVALS.:       14
 NPARAMETR: -6.3376E-01  4.6456E+00  9.8693E-01  2.0054E-01  1.0069E-02  1.0007E-02  2.0030E-01  1.0008E-02  2.0000E-01  5.0300E-02

 PARAMETER: -9.1849E-02  1.3273E-01  9.8693E-02  1.0135E-01  1.0055E-01  9.9930E-02  1.0073E-01  9.9984E-02  9.9990E-02  1.0299E-01

 GRADIENT:  -1.2929E+04  1.2430E+04  7.1387E+02 -2.1166E+03  2.0284E+02  2.8982E+01  1.0671E+02 -6.6991E+01  3.7275E+01 -4.5856E+03


0ITERATION NO.:    2    OBJECTIVE VALUE:   35567.5416964077        NO. OF FUNC. EVALS.:  10
 CUMULATIVE NO. OF FUNC. EVALS.:       24
 NPARAMETR: -5.3714E-01  4.1744E+00  9.7920E-01  2.0146E-01  1.0070E-02  1.0026E-02  2.0025E-01  1.0012E-02  1.9998E-01  5.0802E-02

 PARAMETER: -7.7846E-02  1.1927E-01  9.7920E-02  1.0365E-01  1.0033E-01  9.9899E-02  1.0061E-01  1.0006E-01  9.9949E-02  1.0796E-01

 GRADIENT:  -1.1712E+04 -1.3891E+04  9.3504E+02 -1.7743E+03 -2.1534E+02  3.8244E+01  7.8444E+01 -4.9115E+01  3.5249E+01 -4.3774E+03


0ITERATION NO.:    3    OBJECTIVE VALUE:   33898.0016529430        NO. OF FUNC. EVALS.:   7
 CUMULATIVE NO. OF FUNC. EVALS.:       31
 NPARAMETR:  1.0743E+00  4.5883E+00  8.2316E-01  2.1689E-01  1.0457E-02  1.0337E-02  1.9955E-01  1.0097E-02  1.9971E-01  6.0208E-02

 PARAMETER:  1.5569E-01  1.3109E-01  8.2316E-02  1.4053E-01  1.0042E-01  9.9263E-02  9.8857E-02  1.0116E-01  9.9262E-02  1.9289E-01

 GRADIENT:  -9.3189E+02  4.0372E+03 -2.9767E+03 -1.4522E+00  5.8390E+00 -2.6413E+01  1.7355E+02 -5.1027E+01 -7.0912E+00 -2.2899E+03


0ITERATION NO.:    4    OBJECTIVE VALUE:   33826.9948714259        NO. OF FUNC. EVALS.:   8
 CUMULATIVE NO. OF FUNC. EVALS.:       39
 NPARAMETR:  1.1120E+00  4.6111E+00  1.1156E+00  2.1654E-01  1.0510E-02  1.0355E-02  1.9889E-01  1.0130E-02  1.9975E-01  6.2874E-02

 PARAMETER:  1.6116E-01  1.3175E-01  1.1156E-01  1.3972E-01  1.0101E-01  9.9515E-02  9.7197E-02  1.0163E-01  9.9341E-02  2.1456E-01

 GRADIENT:  -8.4600E+02  4.1555E+03  1.5667E+03  2.9103E+00  4.8690E+00 -6.4686E+00  1.7194E+02 -6.4809E+01  3.0648E+01 -2.0238E+03


0ITERATION NO.:    5    OBJECTIVE VALUE:   33687.4484874542        NO. OF FUNC. EVALS.:   8
 CUMULATIVE NO. OF FUNC. EVALS.:       47
 NPARAMETR:  9.1127E-01  4.5933E+00  1.0307E+00  2.0829E-01  1.0869E-02  1.0286E-02  1.9326E-01  1.0473E-02  1.9925E-01  8.5775E-02

 PARAMETER:  1.3207E-01  1.3124E-01  1.0307E-01  1.2032E-01  1.0651E-01  1.0079E-01  8.2635E-02  1.0643E-01  9.7942E-02  3.6986E-01

 GRADIENT:  -1.4926E+03  2.7322E+03  2.1044E+01 -1.4674E+01  6.6402E+00 -1.0063E+01  1.7235E+02 -5.9026E+01  5.2080E+01 -1.7574E+02


0ITERATION NO.:    6    OBJECTIVE VALUE:   33599.1041892546        NO. OF FUNC. EVALS.:   7
 CUMULATIVE NO. OF FUNC. EVALS.:       54
 NPARAMETR:  1.3077E+00  4.5114E+00  1.0214E+00  1.0546E-01  1.2343E-02  8.7444E-03  1.1881E-01  1.4595E-02  1.7568E-01  8.8358E-02

 PARAMETER:  1.8951E-01  1.2890E-01  1.0214E-01 -2.2000E-01  1.6998E-01  1.2042E-01 -1.6527E-01  1.8626E-01  3.0991E-02  3.8469E-01

 GRADIENT:  -1.8890E+02 -4.3230E+03 -1.2659E+02  2.1135E+00  1.8113E+00 -1.2876E+01  9.1956E+01 -7.6242E+01  3.7452E+01  3.0202E+01


0ITERATION NO.:    7    OBJECTIVE VALUE:   33571.3045194619        NO. OF FUNC. EVALS.:   7
 CUMULATIVE NO. OF FUNC. EVALS.:       61
 NPARAMETR:  1.3240E+00  4.6200E+00  1.0287E+00  1.0227E-01 -1.1303E-04  1.1308E-02  7.1928E-02  2.2018E-02  1.5196E-01  8.9141E-02

 PARAMETER:  1.9189E-01  1.3200E-01  1.0287E-01 -2.3536E-01 -1.5807E-03  1.5814E-01 -4.1007E-01  3.8622E-01 -6.1982E-02  3.8910E-01

 GRADIENT:  -1.7484E+02  8.6893E+03 -5.4388E+02  1.6794E+00 -9.1294E+00 -4.7157E+00 -2.6491E+01 -8.5843E+01  3.3210E+01  1.6547E+01


0ITERATION NO.:    8    OBJECTIVE VALUE:   33533.2518294897        NO. OF FUNC. EVALS.:  10
 CUMULATIVE NO. OF FUNC. EVALS.:       71
 NPARAMETR:  1.2903E+00  4.6019E+00  1.0565E+00  1.0925E-01  5.4908E-03  1.4688E-02  5.8946E-02  4.4479E-02  1.3331E-01  8.9367E-02

 PARAMETER:  1.8700E-01  1.3148E-01  1.0565E-01 -2.0235E-01  7.4292E-02  1.9873E-01 -5.1195E-01  8.4904E-01 -2.5063E-01  3.9037E-01

 GRADIENT:  -2.7367E+02  7.2196E+03 -1.9962E+02  1.1904E+00  1.3374E-01 -1.2673E+01 -8.4412E+01 -4.7967E+01  1.4771E+01  2.5827E+01


0ITERATION NO.:    9    OBJECTIVE VALUE:   33525.5577738350        NO. OF FUNC. EVALS.:   7
 CUMULATIVE NO. OF FUNC. EVALS.:       78
 NPARAMETR:  1.4147E+00  4.6444E+00  1.0619E+00  8.5969E-02 -2.4354E-03  2.0624E-02  7.6566E-02  6.6856E-02  1.4597E-01  9.0626E-02

 PARAMETER:  2.0503E-01  1.3270E-01  1.0619E-01 -3.2217E-01 -3.7146E-02  3.1458E-01 -3.7928E-01  1.1464E+00 -3.4606E-01  3.9736E-01

 GRADIENT:   6.5376E+01  1.4761E+04 -1.4173E+03 -1.8682E-01  1.0074E+00 -8.1979E+00 -3.5156E+01 -1.7048E+01 -4.1789E+00  7.7608E+01


0ITERATION NO.:   10    OBJECTIVE VALUE:   33524.3669634074        NO. OF FUNC. EVALS.:   7
 CUMULATIVE NO. OF FUNC. EVALS.:       85
 NPARAMETR:  1.4069E+00  4.6271E+00  1.0432E+00  8.9720E-02  1.2440E-03  4.8262E-02  7.3085E-02  7.0925E-02  1.8681E-01  9.0147E-02

 PARAMETER:  2.0389E-01  1.3220E-01  1.0432E-01 -3.0081E-01  1.8573E-02  7.2057E-01 -4.0222E-01  1.2220E+00 -2.7887E-01  3.9471E-01

 GRADIENT:   7.0842E+01  1.3262E+04 -1.3979E+03 -5.4677E-01 -1.4627E+01  1.5304E+01 -6.2272E+01  3.0010E+00  5.2763E+01  7.0576E+01


0ITERATION NO.:   11    OBJECTIVE VALUE:   33520.2821797560        NO. OF FUNC. EVALS.:   7
 CUMULATIVE NO. OF FUNC. EVALS.:       92
 NPARAMETR:  1.3762E+00  4.6101E+00  1.0388E+00  9.6241E-02  5.1536E-03  8.0851E-02  7.2711E-02  7.2833E-02  1.9818E-01  9.0267E-02

 PARAMETER:  1.9944E-01  1.3172E-01  1.0388E-01 -2.6573E-01  7.4292E-02  1.1655E+00 -4.0656E-01  1.1967E+00 -4.5597E-01  3.9537E-01

 GRADIENT:   3.6129E+00  9.9643E+03 -1.0543E+03 -7.9114E-02 -3.0157E+01  3.2880E+01 -5.6703E+01  2.1971E+00  4.2400E+01  9.1188E+01


0ITERATION NO.:   12    OBJECTIVE VALUE:   33506.8230312724        NO. OF FUNC. EVALS.:   8
 CUMULATIVE NO. OF FUNC. EVALS.:      100
 NPARAMETR:  1.3923E+00  4.5824E+00  1.0617E+00  9.3703E-02  8.1563E-03  6.6656E-02  7.9434E-02  8.3066E-02  1.8584E-01  8.9743E-02

 PARAMETER:  2.0178E-01  1.3092E-01  1.0617E-01 -2.7909E-01  1.1916E-01  9.7382E-01 -3.6493E-01  1.2947E+00 -4.7842E-01  3.9247E-01

 GRADIENT:   2.7594E+00  1.7106E+03  2.0102E+02 -6.1531E-01 -7.3633E+00  1.2025E+01 -3.0551E+01  6.6607E+00  2.2699E+01  7.8510E+01


0ITERATION NO.:   13    OBJECTIVE VALUE:   33504.3957610681        NO. OF FUNC. EVALS.:   7
 CUMULATIVE NO. OF FUNC. EVALS.:      107
 NPARAMETR:  1.3834E+00  4.5672E+00  1.0430E+00  9.5351E-02  9.5084E-03  6.3039E-02  8.6240E-02  8.4412E-02  1.6994E-01  8.8417E-02

 PARAMETER:  2.0049E-01  1.3049E-01  1.0430E-01 -2.7038E-01  1.3771E-01  9.1299E-01 -3.2487E-01  1.2577E+00 -5.2791E-01  3.8502E-01

 GRADIENT:  -1.2964E+01  5.1249E+01  1.5809E+02 -2.7678E-01  1.3144E+00 -2.4881E+00  7.4627E+00 -4.7099E+00  3.2311E+00  1.2174E+01


0ITERATION NO.:   14    OBJECTIVE VALUE:   33504.2132456583        NO. OF FUNC. EVALS.:   7
 CUMULATIVE NO. OF FUNC. EVALS.:      114
 NPARAMETR:  1.3788E+00  4.5607E+00  1.0328E+00  9.6608E-02  1.0865E-02  6.7445E-02  8.4438E-02  8.6259E-02  1.7361E-01  8.8029E-02

 PARAMETER:  1.9983E-01  1.3031E-01  1.0328E-01 -2.6383E-01  1.5632E-01  9.7042E-01 -3.3719E-01  1.2823E+00 -5.6978E-01  3.8282E-01

 GRADIENT:  -1.5951E+01 -2.3999E+02  2.3780E+01 -1.0598E-01  6.5359E+00 -3.0141E+00 -8.9454E+00  3.1571E+00  6.4106E-01 -7.6717E+00


0ITERATION NO.:   15    OBJECTIVE VALUE:   33503.9994587616        NO. OF FUNC. EVALS.:   7
 CUMULATIVE NO. OF FUNC. EVALS.:      121
 NPARAMETR:  1.3858E+00  4.5610E+00  1.0316E+00  9.5329E-02  1.0268E-02  7.0809E-02  8.6021E-02  8.6664E-02  1.7594E-01  8.8055E-02

 PARAMETER:  2.0084E-01  1.3031E-01  1.0316E-01 -2.7049E-01  1.4872E-01  1.0256E+00 -3.2708E-01  1.2752E+00 -5.9297E-01  3.8297E-01

 GRADIENT:  -2.3505E+00  2.9236E+01 -4.6915E+01  5.2143E-02  1.0359E+00  1.2315E+00  5.1047E-02  3.0625E-01  5.0831E+00 -4.3990E+00


0ITERATION NO.:   16    OBJECTIVE VALUE:   33503.7230257100        NO. OF FUNC. EVALS.:   7
 CUMULATIVE NO. OF FUNC. EVALS.:      128
 NPARAMETR:  1.3979E+00  4.5633E+00  1.0364E+00  9.2606E-02  8.5307E-03  7.5045E-02  8.7076E-02  8.6916E-02  1.7636E-01  8.8266E-02

 PARAMETER:  2.0260E-01  1.3038E-01  1.0364E-01 -2.8498E-01  1.2537E-01  1.1029E+00 -3.1905E-01  1.2805E+00 -6.8541E-01  3.8416E-01

 GRADIENT:   1.3630E+01  4.5122E+01  2.2203E+01  4.1966E-01 -2.2747E+00  3.2174E+00  6.1160E+00 -1.5048E+00  4.8308E+00  6.9906E+00


0ITERATION NO.:   17    OBJECTIVE VALUE:   33503.4633592457        NO. OF FUNC. EVALS.:   7
 CUMULATIVE NO. OF FUNC. EVALS.:      135
 NPARAMETR:  1.3995E+00  4.5640E+00  1.0355E+00  9.1160E-02  6.8445E-03  7.7016E-02  8.5740E-02  8.5734E-02  1.7316E-01  8.8274E-02

 PARAMETER:  2.0283E-01  1.3040E-01  1.0355E-01 -2.9285E-01  1.0138E-01  1.1408E+00 -3.2526E-01  1.2876E+00 -7.9718E-01  3.8421E-01

 GRADIENT:   1.2902E+01  3.0010E+02 -2.5832E+01  1.0030E+00 -2.6100E-01  4.6888E-01  1.9843E+00 -1.4032E+00  1.3362E+00  5.6732E+00


0ITERATION NO.:   18    OBJECTIVE VALUE:   33503.3995707526        NO. OF FUNC. EVALS.:   7
 CUMULATIVE NO. OF FUNC. EVALS.:      142
 NPARAMETR:  1.4007E+00  4.5625E+00  1.0350E+00  9.0049E-02  5.7940E-03  8.0033E-02  8.5367E-02  8.5943E-02  1.7546E-01  8.8185E-02

 PARAMETER:  2.0301E-01  1.3036E-01  1.0350E-01 -2.9898E-01  8.6349E-02  1.1927E+00 -3.2661E-01  1.3030E+00 -8.8912E-01  3.8371E-01

 GRADIENT:   1.0380E+01  6.0854E+01 -8.7086E-01  1.3862E+00 -2.1857E+00  3.2756E+00 -6.7699E-01 -1.8350E-01  2.1036E+00  1.9998E+00


0ITERATION NO.:   19    OBJECTIVE VALUE:   33503.3264957916        NO. OF FUNC. EVALS.:   7
 CUMULATIVE NO. OF FUNC. EVALS.:      149
 NPARAMETR:  1.4016E+00  4.5616E+00  1.0352E+00  8.8637E-02  4.5824E-03  7.9246E-02  8.5312E-02  8.6126E-02  1.7399E-01  8.8125E-02

 PARAMETER:  2.0313E-01  1.3033E-01  1.0352E-01 -3.0688E-01  6.8833E-02  1.1904E+00 -3.2614E-01  1.3223E+00 -9.5672E-01  3.8337E-01

 GRADIENT:   9.1297E+00 -1.8476E+02  4.1384E+01  1.6093E+00  1.1122E+00  1.0184E-01 -1.5476E+00  4.4709E-01  3.1172E-01 -1.8369E+00


0ITERATION NO.:   20    OBJECTIVE VALUE:   33503.2760720215        NO. OF FUNC. EVALS.:   7
 CUMULATIVE NO. OF FUNC. EVALS.:      156
 NPARAMETR:  1.4044E+00  4.5616E+00  1.0346E+00  8.6389E-02  2.7263E-03  7.9357E-02  8.5489E-02  8.5859E-02  1.7414E-01  8.8148E-02

 PARAMETER:  2.0353E-01  1.3033E-01  1.0346E-01 -3.1973E-01  4.1482E-02  1.2074E+00 -3.2422E-01  1.3410E+00 -1.0518E+00  3.8350E-01

 GRADIENT:   1.4148E+01 -6.0880E+01  8.1081E+00  1.7402E+00 -1.2695E+00  1.5286E+00  1.7374E-01 -2.9747E-01  6.5828E-01 -2.6572E-01


0ITERATION NO.:   21    OBJECTIVE VALUE:   33503.2304029683        NO. OF FUNC. EVALS.:   7
 CUMULATIVE NO. OF FUNC. EVALS.:      163
 NPARAMETR:  1.4049E+00  4.5624E+00  1.0336E+00  8.2223E-02 -7.8838E-04  7.7293E-02  8.5885E-02  8.5649E-02  1.7384E-01  8.8265E-02

 PARAMETER:  2.0361E-01  1.3035E-01  1.0336E-01 -3.4444E-01 -1.2296E-02  1.2055E+00 -3.2145E-01  1.3860E+00 -1.2175E+00  3.8416E-01

 GRADIENT:   1.6823E+01  2.3135E+02 -5.3901E+01  1.7967E+00 -3.6374E+00  2.4540E+00  2.5766E+00 -1.0225E+00  6.1809E-01  5.9816E+00


0ITERATION NO.:   22    OBJECTIVE VALUE:   33503.2076170343        NO. OF FUNC. EVALS.:   7
 CUMULATIVE NO. OF FUNC. EVALS.:      170
 NPARAMETR:  1.4029E+00  4.5624E+00  1.0336E+00  8.2014E-02 -9.0189E-04  7.6124E-02  8.5779E-02  8.5791E-02  1.7255E-01  8.8268E-02

 PARAMETER:  2.0332E-01  1.3035E-01  1.0336E-01 -3.4571E-01 -1.4084E-02  1.1888E+00 -3.2208E-01  1.3907E+00 -1.2134E+00  3.8418E-01

 GRADIENT:   1.2546E+01  1.9938E+02 -4.4299E+01  1.8620E+00 -2.5476E-01 -6.4385E-01  1.8619E+00 -6.9704E-01 -1.2227E-01  5.3193E+00


0ITERATION NO.:   23    OBJECTIVE VALUE:   33503.1888511831        NO. OF FUNC. EVALS.:   7
 CUMULATIVE NO. OF FUNC. EVALS.:      177
 NPARAMETR:  1.4012E+00  4.5614E+00  1.0343E+00  8.0089E-02 -2.2297E-03  7.5190E-02  8.5504E-02  8.5988E-02  1.7371E-01  8.8210E-02

 PARAMETER:  2.0308E-01  1.3033E-01  1.0343E-01 -3.5759E-01 -3.5235E-02  1.1882E+00 -3.2399E-01  1.4168E+00 -1.2912E+00  3.8385E-01

 GRADIENT:   7.1154E+00 -1.0554E+02  1.4249E+01  1.8308E+00 -2.2835E-01  2.8067E-01 -5.7162E-01  6.3036E-01  8.4203E-02  2.7605E+00


0ITERATION NO.:   24    OBJECTIVE VALUE:   33503.1797994180        NO. OF FUNC. EVALS.:   7
 CUMULATIVE NO. OF FUNC. EVALS.:      184
 NPARAMETR:  1.4012E+00  4.5612E+00  1.0340E+00  7.7978E-02 -3.5907E-03  7.3681E-02  8.5496E-02  8.5780E-02  1.7358E-01  8.8188E-02

 PARAMETER:  2.0307E-01  1.3032E-01  1.0340E-01 -3.7095E-01 -5.7506E-02  1.1800E+00 -3.2464E-01  1.4352E+00 -1.3585E+00  3.8372E-01

 GRADIENT:   8.2430E+00 -1.0518E+02  8.7402E+00  1.6995E+00 -1.1842E+00  7.8010E-01 -3.4920E-01  4.5928E-01  1.7371E-01  1.7215E+00


0ITERATION NO.:   25    OBJECTIVE VALUE:   33503.1696109677        NO. OF FUNC. EVALS.:   7
 CUMULATIVE NO. OF FUNC. EVALS.:      191
 NPARAMETR:  1.4007E+00  4.5612E+00  1.0337E+00  7.5485E-02 -4.8864E-03  7.1508E-02  8.5408E-02  8.5434E-02  1.7256E-01  8.8162E-02

 PARAMETER:  2.0300E-01  1.3032E-01  1.0337E-01 -3.8719E-01 -7.9537E-02  1.1640E+00 -3.2604E-01  1.4516E+00 -1.4212E+00  3.8358E-01

 GRADIENT:   9.0703E+00 -6.3887E+01 -3.5338E+00  1.5235E+00 -1.0522E+00 -1.9965E-03 -7.8376E-02  6.5686E-03  4.7937E-02  7.6777E-02


0ITERATION NO.:   26    OBJECTIVE VALUE:   33503.1584514615        NO. OF FUNC. EVALS.:   7
 CUMULATIVE NO. OF FUNC. EVALS.:      198
 NPARAMETR:  1.3985E+00  4.5613E+00  1.0336E+00  7.2935E-02 -5.7856E-03  6.9618E-02  8.5310E-02  8.5337E-02  1.7218E-01  8.8169E-02

 PARAMETER:  2.0268E-01  1.3032E-01  1.0336E-01 -4.0437E-01 -9.5807E-02  1.1528E+00 -3.2746E-01  1.4665E+00 -1.4804E+00  3.8362E-01

 GRADIENT:   6.1334E+00 -4.4127E+01 -5.8458E+00  1.3320E+00 -6.1345E-01 -5.0171E-01 -4.7061E-01  8.8320E-02 -7.6606E-03  2.2236E-01


0ITERATION NO.:   27    OBJECTIVE VALUE:   33503.1310392992        NO. OF FUNC. EVALS.:   8
 CUMULATIVE NO. OF FUNC. EVALS.:      206
 NPARAMETR:  1.3931E+00  4.5616E+00  1.0336E+00  6.6193E-02 -6.8988E-03  6.5621E-02  8.5212E-02  8.5344E-02  1.7206E-01  8.8197E-02

 PARAMETER:  2.0190E-01  1.3033E-01  1.0336E-01 -4.5287E-01 -1.1992E-01  1.1407E+00 -3.2957E-01  1.4910E+00 -1.6162E+00  3.8378E-01

 GRADIENT:  -9.9548E-01 -2.2703E+01 -4.1394E+00  6.8285E-01 -1.3568E-01 -7.6660E-01 -1.2379E+00  5.0071E-01  1.2139E-02  1.4350E+00


0ITERATION NO.:   28    OBJECTIVE VALUE:   33503.1062042484        NO. OF FUNC. EVALS.:   7
 CUMULATIVE NO. OF FUNC. EVALS.:      213
 NPARAMETR:  1.3915E+00  4.5618E+00  1.0338E+00  6.3411E-02 -4.9166E-03  6.5436E-02  8.5094E-02  8.5440E-02  1.7085E-01  8.8192E-02

 PARAMETER:  2.0167E-01  1.3034E-01  1.0338E-01 -4.7434E-01 -8.7316E-02  1.1621E+00 -3.2827E-01  1.4621E+00 -1.6022E+00  3.8375E-01

 GRADIENT:  -3.2342E+00 -2.7380E+01  2.4029E+00  3.4726E-01  3.2484E+00 -3.7154E+00 -1.3946E+00  3.4107E-01 -2.8734E-01  2.4089E-01


0ITERATION NO.:   29    OBJECTIVE VALUE:   33503.0508107195        NO. OF FUNC. EVALS.:   8
 CUMULATIVE NO. OF FUNC. EVALS.:      221
 NPARAMETR:  1.3892E+00  4.5616E+00  1.0337E+00  5.7214E-02 -3.1591E-03  6.4839E-02  8.5487E-02  8.5731E-02  1.7253E-01  8.8162E-02

 PARAMETER:  2.0133E-01  1.3033E-01  1.0337E-01 -5.2576E-01 -5.9065E-02  1.2123E+00 -3.2475E-01  1.4376E+00 -1.6899E+00  3.8358E-01

 GRADIENT:  -5.3583E+00 -4.8554E+01  3.2250E+00 -4.4140E-01  7.1971E-02 -4.0816E-01 -2.5787E-01  3.5387E-01  8.4514E-02 -5.7152E-01


0ITERATION NO.:   30    OBJECTIVE VALUE:   33503.0344108196        NO. OF FUNC. EVALS.:   7
 CUMULATIVE NO. OF FUNC. EVALS.:      228
 NPARAMETR:  1.3918E+00  4.5617E+00  1.0338E+00  5.9191E-02 -9.9501E-04  6.7917E-02  8.5770E-02  8.5982E-02  1.7305E-01  8.8162E-02

 PARAMETER:  2.0171E-01  1.3034E-01  1.0338E-01 -5.0877E-01 -1.8290E-02  1.2484E+00 -3.2217E-01  1.3988E+00 -1.6027E+00  3.8357E-01

 GRADIENT:  -1.8998E+00 -2.9333E+01  8.1556E-01 -2.8635E-01 -4.1855E-01  1.8286E-01  9.5311E-01  9.5549E-03  1.4789E-01 -4.3468E-01


0ITERATION NO.:   31    OBJECTIVE VALUE:   33503.0322385989        NO. OF FUNC. EVALS.:   7
 CUMULATIVE NO. OF FUNC. EVALS.:      235
 NPARAMETR:  1.3922E+00  4.5619E+00  1.0338E+00  5.9964E-02 -6.4134E-04  6.8648E-02  8.5321E-02  8.5619E-02  1.7285E-01  8.8173E-02

 PARAMETER:  2.0176E-01  1.3034E-01  1.0338E-01 -5.0229E-01 -1.1713E-02  1.2537E+00 -3.2474E-01  1.3900E+00 -1.5844E+00  3.8364E-01

 GRADIENT:  -1.5699E+00  2.0801E+00 -3.7870E+00 -2.0884E-01 -3.8180E-01  3.3343E-01 -6.1449E-01  1.0271E-01  1.6462E-01  9.5227E-02


0ITERATION NO.:   32    OBJECTIVE VALUE:   33503.0307781896        NO. OF FUNC. EVALS.:   7
 CUMULATIVE NO. OF FUNC. EVALS.:      242
 NPARAMETR:  1.3919E+00  4.5619E+00  1.0341E+00  5.9202E-02 -7.9644E-04  6.8107E-02  8.5551E-02  8.5791E-02  1.7285E-01  8.8166E-02

 PARAMETER:  2.0172E-01  1.3034E-01  1.0341E-01 -5.0868E-01 -1.4639E-02  1.2518E+00 -3.2341E-01  1.3939E+00 -1.6026E+00  3.8360E-01

 GRADIENT:  -2.0397E+00 -1.4474E+01  3.1711E+00 -2.8109E-01 -2.8836E-01  1.1145E-01  2.4450E-01  1.2007E-02  1.3964E-01 -3.7120E-01


0ITERATION NO.:   33    OBJECTIVE VALUE:   33503.0302726940        NO. OF FUNC. EVALS.:   7
 CUMULATIVE NO. OF FUNC. EVALS.:      249
 NPARAMETR:  1.3921E+00  4.5619E+00  1.0339E+00  5.9445E-02 -6.7050E-04  6.8384E-02  8.5454E-02  8.5720E-02  1.7284E-01  8.8166E-02

 PARAMETER:  2.0175E-01  1.3034E-01  1.0339E-01 -5.0663E-01 -1.2299E-02  1.2543E+00 -3.2396E-01  1.3911E+00 -1.6016E+00  3.8360E-01

 GRADIENT:  -1.6798E+00 -4.2441E+00 -5.6269E-01 -2.5368E-01 -2.9302E-01  1.7682E-01 -1.1239E-01  4.2616E-02  1.4482E-01 -3.6645E-01


0ITERATION NO.:   34    OBJECTIVE VALUE:   33503.0277276004        NO. OF FUNC. EVALS.:   9
 CUMULATIVE NO. OF FUNC. EVALS.:      258
 NPARAMETR:  1.3927E+00  4.5619E+00  1.0338E+00  5.9858E-02 -3.7403E-04  6.9047E-02  8.5265E-02  8.5581E-02  1.7280E-01  8.8165E-02

 PARAMETER:  2.0184E-01  1.3034E-01  1.0338E-01 -5.0317E-01 -6.8370E-03  1.2621E+00 -3.2504E-01  1.3849E+00 -1.6200E+00  3.8360E-01

 GRADIENT:  -8.0487E-01  1.5568E+01 -7.4026E+00 -1.8710E-01 -2.7959E-01  2.7759E-01 -7.9271E-01  8.5690E-02  1.4416E-01 -3.9798E-01


0ITERATION NO.:   35    OBJECTIVE VALUE:   33503.0214302151        NO. OF FUNC. EVALS.:   8
 CUMULATIVE NO. OF FUNC. EVALS.:      266
 NPARAMETR:  1.3939E+00  4.5619E+00  1.0335E+00  6.0240E-02  1.3739E-04  7.0281E-02  8.5037E-02  8.5433E-02  1.7289E-01  8.8166E-02

 PARAMETER:  2.0201E-01  1.3034E-01  1.0335E-01 -4.9999E-01  2.5035E-03  1.2806E+00 -3.2636E-01  1.3748E+00 -1.7054E+00  3.8360E-01

 GRADIENT:   7.6796E-01  4.2765E+01 -1.6433E+01 -7.0036E-02 -4.0799E-01  5.9632E-01 -1.6536E+00  1.5584E-01  1.3845E-01 -3.6812E-01


0ITERATION NO.:   36    OBJECTIVE VALUE:   33503.0122837820        NO. OF FUNC. EVALS.:   7
 CUMULATIVE NO. OF FUNC. EVALS.:      273
 NPARAMETR:  1.3949E+00  4.5619E+00  1.0336E+00  6.0131E-02  3.4298E-04  7.1119E-02  8.5051E-02  8.5468E-02  1.7320E-01  8.8171E-02

 PARAMETER:  2.0217E-01  1.3034E-01  1.0336E-01 -5.0090E-01  6.2552E-03  1.2970E+00 -3.2629E-01  1.3714E+00 -1.8518E+00  3.8363E-01

 GRADIENT:   1.9122E+00  4.8238E+01 -1.6581E+01  8.8787E-03 -8.5552E-01  1.1201E+00 -1.6498E+00  1.7531E-01  1.2950E-01 -3.3746E-02


0ITERATION NO.:   37    OBJECTIVE VALUE:   33502.9982635214        NO. OF FUNC. EVALS.:   7
 CUMULATIVE NO. OF FUNC. EVALS.:      280
 NPARAMETR:  1.3956E+00  4.5620E+00  1.0341E+00  6.0067E-02  4.6769E-05  7.1289E-02  8.5401E-02  8.5740E-02  1.7332E-01  8.8180E-02

 PARAMETER:  2.0226E-01  1.3034E-01  1.0341E-01 -5.0143E-01  8.5340E-04  1.3008E+00 -3.2423E-01  1.3785E+00 -2.0411E+00  3.8368E-01

 GRADIENT:   1.7270E+00  2.0200E+01 -3.3580E+00  1.0694E-01 -8.4541E-01  9.2300E-01 -3.3014E-01  4.1821E-02  7.5942E-02  4.0283E-01


0ITERATION NO.:   38    OBJECTIVE VALUE:   33502.9904890275        NO. OF FUNC. EVALS.:   8
 CUMULATIVE NO. OF FUNC. EVALS.:      288
 NPARAMETR:  1.3942E+00  4.5620E+00  1.0342E+00  5.8382E-02 -5.0719E-04  6.9970E-02  8.5677E-02  8.5989E-02  1.7323E-01  8.8177E-02

 PARAMETER:  2.0206E-01  1.3034E-01  1.0342E-01 -5.1565E-01 -9.3874E-03  1.2950E+00 -3.2264E-01  1.3910E+00 -2.2404E+00  3.8366E-01

 GRADIENT:  -3.4592E-01 -8.4272E+00  3.6577E+00 -3.2324E-02 -3.3556E-01  3.2470E-01  5.4484E-01  7.7521E-02  3.5955E-02  1.5070E-01


0ITERATION NO.:   39    OBJECTIVE VALUE:   33502.9862136242        NO. OF FUNC. EVALS.:   7
 CUMULATIVE NO. OF FUNC. EVALS.:      295
 NPARAMETR:  1.3943E+00  4.5620E+00  1.0342E+00  5.7522E-02 -3.9363E-04  7.0012E-02  8.5609E-02  8.5914E-02  1.7346E-01  8.8181E-02

 PARAMETER:  2.0207E-01  1.3034E-01  1.0342E-01 -5.2307E-01 -7.3398E-03  1.3055E+00 -3.2302E-01  1.3883E+00 -2.5158E+00  3.8368E-01

 GRADIENT:  -2.5573E-01 -8.9718E+00  4.2756E+00 -1.0330E-01 -9.7865E-01  9.9830E-01  3.1994E-01  7.8964E-02  3.1921E-02  4.6521E-01


0ITERATION NO.:   40    OBJECTIVE VALUE:   33502.9811336174        NO. OF FUNC. EVALS.:   7
 CUMULATIVE NO. OF FUNC. EVALS.:      302
 NPARAMETR:  1.3947E+00  4.5620E+00  1.0343E+00  5.7935E-02 -7.7911E-05  7.0507E-02  8.5514E-02  8.5810E-02  1.7283E-01  8.8184E-02

 PARAMETER:  2.0213E-01  1.3034E-01  1.0343E-01 -5.1950E-01 -1.4476E-03  1.3100E+00 -3.2357E-01  1.3812E+00 -2.7116E+00  3.8370E-01

 GRADIENT:  -5.5179E-01 -1.4433E+01  7.6442E+00  1.4279E-02  5.0030E-02 -1.2598E-01  2.1660E-01 -9.8723E-02  8.2667E-03  3.3657E-01


0ITERATION NO.:   41    OBJECTIVE VALUE:   33502.9805748209        NO. OF FUNC. EVALS.:   7
 CUMULATIVE NO. OF FUNC. EVALS.:      309
 NPARAMETR:  1.3949E+00  4.5620E+00  1.0341E+00  5.7745E-02 -5.2610E-05  7.0589E-02  8.5457E-02  8.5775E-02  1.7298E-01  8.8179E-02

 PARAMETER:  2.0216E-01  1.3034E-01  1.0341E-01 -5.2114E-01 -9.7910E-04  1.3137E+00 -3.2390E-01  1.3806E+00 -2.9229E+00  3.8367E-01

 GRADIENT:   2.4723E-01 -6.9607E-01  6.1229E-01 -7.2666E-03 -2.5069E-01  2.4710E-01 -5.4112E-02 -3.1643E-02  8.1535E-03  1.3608E-01


0ITERATION NO.:   42    OBJECTIVE VALUE:   33502.9803712584        NO. OF FUNC. EVALS.:   7
 CUMULATIVE NO. OF FUNC. EVALS.:      316
 NPARAMETR:  1.3949E+00  4.5619E+00  1.0340E+00  5.7633E-02 -1.1215E-04  7.0532E-02  8.5439E-02  8.5770E-02  1.7303E-01  8.8175E-02

 PARAMETER:  2.0216E-01  1.3034E-01  1.0340E-01 -5.2211E-01 -2.0892E-03  1.3139E+00 -3.2400E-01  1.3818E+00 -3.0965E+00  3.8365E-01

 GRADIENT:   4.9588E-01  6.1021E+00 -2.9991E+00 -1.7390E-02 -3.0606E-01  3.3573E-01 -1.6648E-01  1.4192E-02  6.2318E-03 -9.9830E-03


0ITERATION NO.:   43    OBJECTIVE VALUE:   33502.9796092387        NO. OF FUNC. EVALS.:   9
 CUMULATIVE NO. OF FUNC. EVALS.:      325
 NPARAMETR:  1.3948E+00  4.5619E+00  1.0339E+00  5.7536E-02 -2.2913E-04  7.0400E-02  8.5454E-02  8.5797E-02  1.7303E-01  8.8173E-02

 PARAMETER:  2.0214E-01  1.3034E-01  1.0339E-01 -5.2295E-01 -4.2719E-03  1.3125E+00 -3.2393E-01  1.3844E+00 -3.3990E+00  3.8364E-01

 GRADIENT:   4.1524E-01  9.1991E+00 -4.6404E+00 -1.8826E-02 -2.0166E-01  2.5179E-01 -1.6857E-01  5.8987E-02  3.1685E-03 -1.3400E-01


0ITERATION NO.:   44    OBJECTIVE VALUE:   33502.9765076800        NO. OF FUNC. EVALS.:   8
 CUMULATIVE NO. OF FUNC. EVALS.:      333
 NPARAMETR:  1.3946E+00  4.5620E+00  1.0343E+00  5.7517E-02 -2.6806E-04  7.0367E-02  8.5553E-02  8.5870E-02  1.7297E-01  8.8184E-02

 PARAMETER:  2.0212E-01  1.3034E-01  1.0343E-01 -5.2312E-01 -4.9986E-03  1.3122E+00 -3.2334E-01  1.3856E+00 -4.3100E+00  3.8370E-01

 GRADIENT:  -5.8791E-01 -1.1099E+01  6.7410E+00  3.8921E-03 -3.6681E-02  1.0206E-02  2.4699E-01 -1.1853E-02  3.9520E-04  3.2712E-01


0ITERATION NO.:   45    OBJECTIVE VALUE:   33502.9765076800        NO. OF FUNC. EVALS.:  17
 CUMULATIVE NO. OF FUNC. EVALS.:      350
 NPARAMETR:  1.3946E+00  4.5620E+00  1.0343E+00  5.7517E-02 -2.6806E-04  7.0367E-02  8.5553E-02  8.5870E-02  1.7297E-01  8.8184E-02

 PARAMETER:  2.0212E-01  1.3034E-01  1.0343E-01 -5.2312E-01 -4.9986E-03  1.3122E+00 -3.2334E-01  1.3856E+00 -4.3100E+00  3.8370E-01

 GRADIENT:  -6.5058E-01 -2.9686E+02 -1.4773E+01  3.8921E-03 -3.6681E-02  1.0206E-02  2.4699E-01 -1.1853E-02  3.9520E-04  2.5026E-01


0ITERATION NO.:   46    OBJECTIVE VALUE:   33502.9652481699        NO. OF FUNC. EVALS.:  15
 CUMULATIVE NO. OF FUNC. EVALS.:      365
 NPARAMETR:  1.3954E+00  4.5645E+00  1.0371E+00  5.7295E-02 -2.0510E-04  7.0366E-02  8.5419E-02  8.5719E-02  1.7297E-01  8.8220E-02

 PARAMETER:  2.0223E-01  1.3041E-01  1.0371E-01 -5.2505E-01 -3.8320E-03  1.3147E+00 -3.2413E-01  1.3830E+00 -4.6174E+00  3.8390E-01

 GRADIENT:   1.7720E-02 -5.8506E+01 -3.3811E-01 -2.7698E-02 -4.1515E-01  3.6753E-01 -1.2996E-01 -4.4573E-02  0.0000E+00  1.0659E+00


0ITERATION NO.:   47    OBJECTIVE VALUE:   33502.9649425573        NO. OF FUNC. EVALS.:  13
 CUMULATIVE NO. OF FUNC. EVALS.:      378
 NPARAMETR:  1.3954E+00  4.5647E+00  1.0373E+00  5.7377E-02 -1.8948E-04  7.0366E-02  8.5439E-02  8.5758E-02  1.7286E-01  8.8213E-02

 PARAMETER:  2.0224E-01  1.3042E-01  1.0373E-01 -5.2434E-01 -3.5376E-03  1.3137E+00 -3.2401E-01  1.3832E+00 -4.5264E+00  3.8387E-01

 GRADIENT:   2.5893E-02 -2.1826E+01 -1.2299E+00 -7.6335E-03 -4.6118E-02  2.5245E-02 -1.0050E-01 -2.0998E-02  0.0000E+00  4.8711E-01


0ITERATION NO.:   48    OBJECTIVE VALUE:   33502.9648920197        NO. OF FUNC. EVALS.:  33
 CUMULATIVE NO. OF FUNC. EVALS.:      411             RESET HESSIAN, TYPE I
 NPARAMETR:  1.3954E+00  4.5646E+00  1.0374E+00  5.7429E-02 -1.8338E-04  7.0393E-02  8.5461E-02  8.5785E-02  1.7287E-01  8.8205E-02

 PARAMETER:  2.0224E-01  1.3042E-01  1.0374E-01 -5.2388E-01 -3.4222E-03  1.3136E+00 -3.2388E-01  1.3833E+00 -4.5264E+00  3.8382E-01

 GRADIENT:  -3.4298E-01  2.2364E+02  2.8370E+01  3.0830E-03  3.3595E-02 -4.6990E-02 -3.4726E-02 -1.6644E-02  0.0000E+00  1.3765E-01


0ITERATION NO.:   49    OBJECTIVE VALUE:   33502.9648920197        NO. OF FUNC. EVALS.:  11
 CUMULATIVE NO. OF FUNC. EVALS.:      422
 NPARAMETR:  1.3954E+00  4.5646E+00  1.0374E+00  5.7429E-02 -1.8338E-04  7.0393E-02  8.5461E-02  8.5785E-02  1.7287E-01  8.8205E-02

 PARAMETER:  2.0224E-01  1.3042E-01  1.0374E-01 -5.2388E-01 -3.4222E-03  1.3136E+00 -3.2388E-01  1.3833E+00 -4.5264E+00  3.8382E-01

 GRADIENT:  -4.0567E-01 -6.2252E+01  6.8046E+00  3.0830E-03  3.3595E-02 -4.6990E-02 -3.4726E-02 -1.6644E-02  0.0000E+00  6.0761E-02


0ITERATION NO.:   50    OBJECTIVE VALUE:   33502.9648920197        NO. OF FUNC. EVALS.:   8
 CUMULATIVE NO. OF FUNC. EVALS.:      430
 NPARAMETR:  1.3954E+00  4.5646E+00  1.0374E+00  5.7429E-02 -1.8338E-04  7.0393E-02  8.5461E-02  8.5785E-02  1.7287E-01  8.8205E-02

 PARAMETER:  2.0224E-01  1.3042E-01  1.0374E-01 -5.2388E-01 -3.4222E-03  1.3136E+00 -3.2388E-01  1.3833E+00 -4.5264E+00  3.8382E-01

 GRADIENT:  -4.0567E-01 -6.2252E+01  6.8046E+00  3.0830E-03  3.3595E-02 -4.6990E-02 -3.4726E-02 -1.6644E-02  0.0000E+00  6.0761E-02


 #TERM:
0MINIMIZATION SUCCESSFUL
 NO. OF FUNCTION EVALUATIONS USED:      430
 NO. OF SIG. DIGITS IN FINAL EST.:  3.1
0PARAMETER ESTIMATE IS NEAR ITS BOUNDARY
 THIS MUST BE ADDRESSED BEFORE THE COVARIANCE STEP CAN BE IMPLEMENTED

 ETABAR IS THE ARITHMETIC MEAN OF THE ETA-ESTIMATES,
 AND THE P-VALUE IS GIVEN FOR THE NULL HYPOTHESIS THAT THE TRUE MEAN IS 0.

 ETABAR:         2.9944E-03 -2.3108E-03  1.3556E-03
 SE:             1.8349E-02  2.2122E-02  3.2492E-02
 N:                     160         160         160

 P VAL.:         8.7037E-01  9.1681E-01  9.6672E-01

 ETASHRINKSD(%)  3.1484E+00  4.2783E+00  1.1489E+00
 ETASHRINKVR(%)  6.1977E+00  8.3735E+00  2.2845E+00
 EBVSHRINKSD(%)  3.7652E+00  4.2692E+00  1.4278E+00
 EBVSHRINKVR(%)  7.3887E+00  8.3562E+00  2.8351E+00
 RELATIVEINF(%)  4.5580E-04  3.3958E-02  1.0000E-10
 EPSSHRINKSD(%)  4.0857E+00
 EPSSHRINKVR(%)  8.0044E+00

  
 TOTAL DATA POINTS NORMALLY DISTRIBUTED (N):         3142
 N*LOG(2PI) CONSTANT TO OBJECTIVE FUNCTION:    5774.6097426581628     
 OBJECTIVE FUNCTION VALUE WITHOUT CONSTANT:    33502.964892019656     
 OBJECTIVE FUNCTION VALUE WITH CONSTANT:       39277.574634677818     
 REPORTED OBJECTIVE FUNCTION DOES NOT CONTAIN CONSTANT
  
 TOTAL EFFECTIVE ETAS (NIND*NETA):                           480
  
 #TERE:
 Elapsed estimation  time in seconds:   168.24
 Elapsed postprocess time in seconds:    13.29
1
 
 
 
 
 
 
 
 
 
 
 
 
 
 
 
 
 
 
 
 
 ************************************************************************************************************************
 ********************                                                                                ********************
 ********************               FIRST ORDER CONDITIONAL ESTIMATION WITH INTERACTION              ********************
 #OBJT:**************                       MINIMUM VALUE OF OBJECTIVE FUNCTION                      ********************
 ********************                                                                                ********************
 ************************************************************************************************************************
 





 #OBJV:********************************************    33502.965       **************************************************
1
 ************************************************************************************************************************
 ********************                                                                                ********************
 ********************               FIRST ORDER CONDITIONAL ESTIMATION WITH INTERACTION              ********************
 ********************                             FINAL PARAMETER ESTIMATE                           ********************
 ********************                                                                                ********************
 ************************************************************************************************************************
 


 THETA - VECTOR OF FIXED EFFECTS PARAMETERS   *********


         TH 1      TH 2      TH 3     
 
         1.40E+00  4.56E+00  1.04E+00
 


 OMEGA - COV MATRIX FOR RANDOM EFFECTS - ETAS  ********


         ETA1      ETA2      ETA3     
 
 ETA1
+        5.74E-02
 
 ETA2
+       -1.83E-04  8.55E-02
 
 ETA3
+        7.04E-02  8.58E-02  1.73E-01
 


 SIGMA - COV MATRIX FOR RANDOM EFFECTS - EPSILONS  ****


         EPS1     
 
 EPS1
+        8.82E-02
 
1


 OMEGA - CORR MATRIX FOR RANDOM EFFECTS - ETAS  *******


         ETA1      ETA2      ETA3     
 
 ETA1
+        2.40E-01
 
 ETA2
+       -2.62E-03  2.92E-01
 
 ETA3
+        7.06E-01  7.06E-01  4.16E-01
 


 SIGMA - CORR MATRIX FOR RANDOM EFFECTS - EPSILONS  ***


         EPS1     
 
 EPS1
+        2.97E-01
 
 Elapsed finaloutput time in seconds:     1.38
 #CPUT: Total CPU Time in Seconds,       46.394
Stop Time:
Wed 31 Jul 2024 03:38:01 PM EDT
