Starting NMTRAN
  
 WARNINGS AND ERRORS (IF ANY) FOR PROBLEM    1
             
 (WARNING  2) NM-TRAN INFERS THAT THE DATA ARE POPULATION.
  
Note: Analytical 2nd Derivatives are constructed in FSUBS but are never used.
      You may insert $ABBR DERIV2=NO after the first $PROB to save FSUBS construction and compilation time
  
Recompiling certain components
Building NONMEM Executable
Starting nonmem execution ...
License Registered to: Metrum Research Group (with RADAR5NM)
Expiration Date:    14 JUL 2025
Current Date:       31 JUL 2024
Days until program expires : 348


 First Order Conditional Estimation with Interaction
 MONITORING OF SEARCH:


0ITERATION NO.:    0    OBJECTIVE VALUE:   31993.0311157110        NO. OF FUNC. EVALS.:   8
 CUMULATIVE NO. OF FUNC. EVALS.:        8
 NPARAMETR:  5.0000E-01  3.5000E+00  1.0000E+00  4.0000E+00  2.0000E+00  2.0000E-01  1.0000E-02  1.0000E-02  2.0000E-01  1.0000E-02
             2.0000E-01  5.0000E-02
 PARAMETER:  1.0000E-01  1.0000E-01  1.0000E-01  1.0000E-01  1.0000E-01  1.0000E-01  1.0000E-01  1.0000E-01  1.0000E-01  1.0000E-01
             1.0000E-01  1.0000E-01
 GRADIENT:   1.5760E+03 -2.7377E+04 -5.6573E+02 -5.5543E+04  1.6494E+04 -7.8795E+01  2.3902E+01 -3.1123E+01 -2.9211E+02 -7.8179E+01
             8.0332E+01  3.0340E+02

0ITERATION NO.:    1    OBJECTIVE VALUE:   31737.8601754341        NO. OF FUNC. EVALS.:  12
 CUMULATIVE NO. OF FUNC. EVALS.:       20
 NPARAMETR:  4.9864E-01  3.6650E+00  1.0010E+00  4.3827E+00  1.9432E+00  2.0001E-01  9.9997E-03  1.0001E-02  2.0002E-01  1.0002E-02
             1.9999E-01  4.9995E-02
 PARAMETER:  9.9729E-02  1.0472E-01  1.0010E-01  1.0957E-01  9.7159E-02  1.0001E-01  9.9996E-02  1.0001E-01  1.0005E-01  1.0001E-01
             9.9986E-02  9.9948E-02
 GRADIENT:   2.9210E+03 -1.3106E+04 -1.4782E+03  4.7933E+04  2.0922E+04 -2.5459E+02  7.6419E+00 -1.2898E+01  2.2583E+01 -7.0603E+01
             4.3900E+01  2.7949E+02

0ITERATION NO.:    2    OBJECTIVE VALUE:   31658.4339010146        NO. OF FUNC. EVALS.:  11
 CUMULATIVE NO. OF FUNC. EVALS.:       31
 NPARAMETR:  4.9614E-01  3.7437E+00  1.0035E+00  4.0540E+00  1.8714E+00  2.0002E-01  1.0000E-02  1.0001E-02  2.0002E-01  1.0003E-02
             1.9999E-01  4.9990E-02
 PARAMETER:  9.9228E-02  1.0696E-01  1.0035E-01  1.0135E-01  9.3572E-02  1.0006E-01  9.9995E-02  1.0001E-01  1.0005E-01  1.0003E-01
             9.9979E-02  9.9900E-02
 GRADIENT:   1.3541E+03 -1.4816E+04 -8.8092E+02 -4.1702E+04  1.5932E+04 -5.8985E+01 -5.9584E+00 -2.9925E+01  1.2345E+01 -6.5796E+01
             7.0906E+01  5.4276E+02

0ITERATION NO.:    3    OBJECTIVE VALUE:   31312.0681945765        NO. OF FUNC. EVALS.:  10
 CUMULATIVE NO. OF FUNC. EVALS.:       41
 NPARAMETR:  4.8560E-01  4.2442E+00  1.0153E+00  4.0861E+00  1.5003E+00  2.0008E-01  1.0002E-02  1.0005E-02  2.0001E-01  1.0009E-02
             1.9997E-01  4.9947E-02
 PARAMETER:  9.7119E-02  1.2126E-01  1.0153E-01  1.0215E-01  7.5016E-02  1.0021E-01  9.9994E-02  1.0003E-01  1.0003E-01  1.0009E-01
             9.9919E-02  9.9469E-02
 GRADIENT:   3.3226E+02  9.0394E+03 -1.1433E+03 -2.5944E+04  9.1169E+03  3.4957E+00 -3.0873E+01 -3.3831E+01  1.6421E+02 -2.8106E+01
             5.4495E+01  8.9998E+02

0ITERATION NO.:    4    OBJECTIVE VALUE:   31290.7199016485        NO. OF FUNC. EVALS.:  11
 CUMULATIVE NO. OF FUNC. EVALS.:       52
 NPARAMETR:  4.7485E-01  3.9599E+00  1.0408E+00  4.1492E+00  1.0074E+00  2.0014E-01  1.0007E-02  1.0012E-02  1.9991E-01  1.0015E-02
             1.9993E-01  4.9801E-02
 PARAMETER:  9.4969E-02  1.1314E-01  1.0408E-01  1.0373E-01  5.0368E-02  1.0036E-01  1.0004E-01  1.0009E-01  9.9764E-02  1.0017E-01
             9.9820E-02  9.8002E-02
 GRADIENT:  -2.0084E+02 -9.9147E+03 -2.0995E+02 -5.2290E+03 -7.7932E+03  2.1009E+01 -2.3411E+01 -3.5754E+01  1.2186E+02 -4.4250E+01
             5.5625E+01  1.0141E+03

0ITERATION NO.:    5    OBJECTIVE VALUE:   31278.0842331096        NO. OF FUNC. EVALS.:  10
 CUMULATIVE NO. OF FUNC. EVALS.:       62
 NPARAMETR:  4.3729E-01  3.9830E+00  1.2998E+00  4.1550E+00  1.0251E+00  2.0032E-01  1.0105E-02  1.0133E-02  1.9778E-01  1.0095E-02
             1.9924E-01  4.6540E-02
 PARAMETER:  8.7457E-02  1.1380E-01  1.2998E-01  1.0387E-01  5.1255E-02  1.0080E-01  1.0097E-01  1.0125E-01  9.4372E-02  1.0145E-01
             9.8022E-02  6.4143E-02
 GRADIENT:  -3.7280E+02 -8.7549E+03  4.1333E+03 -4.2577E+03 -8.5229E+03  2.0211E+01 -2.5235E+01 -2.7824E+01  1.3672E+02 -6.5875E+00
            -6.2346E+00  6.9477E+02

0ITERATION NO.:    6    OBJECTIVE VALUE:   31246.7163444664        NO. OF FUNC. EVALS.:   9
 CUMULATIVE NO. OF FUNC. EVALS.:       71
 NPARAMETR:  3.3103E-01  3.9937E+00  1.2182E+00  4.1577E+00  1.0121E+00  2.0092E-01  1.0406E-02  1.0488E-02  1.9138E-01  1.0267E-02
             1.9763E-01  3.8393E-02
 PARAMETER:  6.6207E-02  1.1411E-01  1.2182E-01  1.0394E-01  5.0605E-02  1.0229E-01  1.0382E-01  1.0464E-01  7.7815E-02  1.0465E-01
             9.3768E-02 -3.2071E-02
 GRADIENT:  -8.6517E+02 -6.8620E+03  3.1179E+03 -3.3286E+03 -1.0684E+04  5.9319E+00 -3.4957E+01 -2.5724E+01  1.4846E+02 -2.0526E+01
             2.8179E+01 -2.6076E+02

0ITERATION NO.:    7    OBJECTIVE VALUE:   31234.3103922295        NO. OF FUNC. EVALS.:   9
 CUMULATIVE NO. OF FUNC. EVALS.:       80
 NPARAMETR:  6.5582E-01  4.1020E+00  1.2015E+00  4.1254E+00  8.8995E-01  2.2634E-01  1.6287E-02  1.5657E-02  1.2082E-01  1.3140E-02
             1.6682E-01  3.6834E-02
 PARAMETER:  1.3116E-01  1.1720E-01  1.2015E-01  1.0313E-01  4.4498E-02  1.6187E-01  1.5310E-01  1.4718E-01 -1.5563E-01  1.6329E-01
             4.7884E-03 -5.2796E-02
 GRADIENT:   1.5117E+02 -7.2180E+03  3.2751E+03 -1.7011E+03 -1.1911E+04  7.0476E+00 -1.6023E+01 -4.7362E+01  1.0969E+02 -3.4017E+01
            -8.3981E+00 -5.7326E+02

0ITERATION NO.:    8    OBJECTIVE VALUE:   31190.4084930727        NO. OF FUNC. EVALS.:  11
 CUMULATIVE NO. OF FUNC. EVALS.:       91
 NPARAMETR:  5.8499E-01  4.1340E+00  1.1796E+00  4.1392E+00  9.0092E-01  2.6518E-01  2.4957E-02  2.3685E-02  6.7196E-02  1.5364E-02
             1.3552E-01  3.6820E-02
 PARAMETER:  1.1700E-01  1.1811E-01  1.1796E-01  1.0348E-01  4.5046E-02  2.4105E-01  2.1674E-01  2.0569E-01 -4.6189E-01  2.4251E-01
            -1.1013E-01 -5.2991E-02
 GRADIENT:  -9.4101E+01 -9.0115E+03  3.4369E+03  3.5678E+01 -1.2286E+04  3.1828E+01 -2.9397E+01 -5.2146E+01  1.5532E+00 -5.2978E+01
            -5.5096E+01 -5.6134E+02

0ITERATION NO.:    9    OBJECTIVE VALUE:   31179.9991392395        NO. OF FUNC. EVALS.:   9
 CUMULATIVE NO. OF FUNC. EVALS.:      100
 NPARAMETR:  5.9144E-01  4.1640E+00  1.1204E+00  4.1386E+00  8.8132E-01  2.8616E-01  8.4875E-02  8.1765E-02  6.3632E-02  6.4712E-02
             2.1927E-01  3.6409E-02
 PARAMETER:  1.1829E-01  1.1897E-01  1.1204E-01  1.0346E-01  4.4066E-02  2.7913E-01  7.0956E-01  6.8355E-01 -7.2312E-01  9.7004E-01
            -3.0441E-02 -5.8598E-02
 GRADIENT:  -3.0394E+01 -8.0242E+03  2.3331E+03 -1.6976E+02 -1.2592E+04  6.0312E+00  2.7670E+01 -1.9837E+01 -1.1657E+02  4.4162E+01
             4.9852E+01 -6.7409E+02

0ITERATION NO.:   10    OBJECTIVE VALUE:   31176.7161335134        NO. OF FUNC. EVALS.:   9
 CUMULATIVE NO. OF FUNC. EVALS.:      109
 NPARAMETR:  5.8478E-01  4.1509E+00  1.0978E+00  4.1401E+00  8.8814E-01  3.1347E-01  9.6497E-02  9.5416E-02  7.0752E-02  7.3873E-02
             2.0503E-01  3.6176E-02
 PARAMETER:  1.1696E-01  1.1860E-01  1.0978E-01  1.0350E-01  4.4407E-02  3.2469E-01  7.7078E-01  7.6215E-01 -6.9055E-01  1.0327E+00
            -1.2176E-01 -6.1817E-02
 GRADIENT:   2.7051E+01 -9.5561E+03  2.3130E+03 -1.4833E+01 -1.2735E+04  6.0503E+00  4.1261E+01 -2.3128E+01 -1.1257E+02  5.5186E+01
             7.9820E+00 -7.0004E+02

0ITERATION NO.:   11    OBJECTIVE VALUE:   31168.2638868799        NO. OF FUNC. EVALS.:  10
 CUMULATIVE NO. OF FUNC. EVALS.:      119
 NPARAMETR:  6.0754E-01  4.1412E+00  1.0919E+00  4.1509E+00  9.0539E-01  4.8293E-01  1.2618E-01  1.6975E-01  7.6950E-02  8.8228E-02
             2.2986E-01  3.5786E-02
 PARAMETER:  1.2151E-01  1.1832E-01  1.0919E-01  1.0377E-01  4.5269E-02  5.4078E-01  8.1202E-01  1.0924E+00 -6.5602E-01  9.8364E-01
            -1.2695E-01 -6.7237E-02
 GRADIENT:   3.0766E+01 -1.0319E+04  2.3727E+03  9.5230E+02 -1.2581E+04  4.8100E+01  2.4340E+01 -5.8927E+00 -9.7913E+01  4.7789E+01
             3.4515E+01 -7.2203E+02

0ITERATION NO.:   12    OBJECTIVE VALUE:   31163.3377335240        NO. OF FUNC. EVALS.:   9
 CUMULATIVE NO. OF FUNC. EVALS.:      128
 NPARAMETR:  6.1980E-01  4.1946E+00  1.0846E+00  4.1275E+00  8.8122E-01  3.3830E-01  1.3967E-01  2.5820E-01  1.0056E-01  1.3207E-01
             3.0522E-01  3.6428E-02
 PARAMETER:  1.2396E-01  1.1985E-01  1.0846E-01  1.0319E-01  4.4061E-02  3.6281E-01  1.0739E+00  1.9853E+00 -6.6851E-01  5.7812E-01
            -2.8025E-01 -5.8336E-02
 GRADIENT:  -1.5034E+02  1.7771E+03  1.2890E+03 -1.3970E+03 -1.1724E+04 -6.5199E+00  4.1003E+01  3.2019E+01 -6.6372E+01  1.7545E+01
             3.1363E+01 -6.9014E+02

0ITERATION NO.:   13    OBJECTIVE VALUE:   31072.4776937581        NO. OF FUNC. EVALS.:  10
 CUMULATIVE NO. OF FUNC. EVALS.:      138
 NPARAMETR:  5.0675E-01  4.1769E+00  1.0413E+00  4.1597E+00  1.0702E+00  4.6939E-01  1.6954E-01  2.2833E-01  1.1233E-01  1.1130E-01
             2.1722E-01  3.7053E-02
 PARAMETER:  1.0135E-01  1.1934E-01  1.0413E-01  1.0399E-01  5.3508E-02  5.2656E-01  1.1067E+00  1.4904E+00 -5.8105E-01  5.9967E-01
            -2.9749E-01 -4.9843E-02
 GRADIENT:  -3.5607E+02  1.2733E+04 -6.9615E+02 -1.4933E+03 -5.9038E+03  4.6952E+01  5.3068E+01 -8.2972E+00 -3.5898E+01  1.6471E+01
            -8.9160E-01 -4.3761E+02

0ITERATION NO.:   14    OBJECTIVE VALUE:   31056.9740169964        NO. OF FUNC. EVALS.:   9
 CUMULATIVE NO. OF FUNC. EVALS.:      147
 NPARAMETR:  5.3074E-01  4.1628E+00  9.9128E-01  4.1516E+00  1.1050E+00  3.7238E-01  7.9857E-02  2.0745E-01  7.0253E-02  8.5687E-02
             2.2048E-01  3.7411E-02
 PARAMETER:  1.0615E-01  1.1894E-01  9.9128E-02  1.0379E-01  5.5250E-02  4.1080E-01  5.8524E-01  1.5203E+00 -5.6156E-01  8.4038E-01
            -4.0182E-01 -4.5032E-02
 GRADIENT:   1.2674E+02  1.2136E+04 -2.0637E+03 -3.3002E+03 -2.8501E+03  3.6452E+01 -2.0250E+00  1.1854E+01 -5.4047E+01  3.2033E+01
            -1.4743E+01 -3.8124E+02

0ITERATION NO.:   15    OBJECTIVE VALUE:   31017.5450878960        NO. OF FUNC. EVALS.:  10
 CUMULATIVE NO. OF FUNC. EVALS.:      157
 NPARAMETR:  4.3139E-01  4.0826E+00  1.0126E+00  4.1664E+00  1.2275E+00  3.0769E-01  8.1162E-02  1.7532E-01  8.7344E-02  8.3587E-02
             1.9906E-01  3.8511E-02
 PARAMETER:  8.6277E-02  1.1665E-01  1.0126E-01  1.0416E-01  6.1373E-02  3.1539E-01  6.5435E-01  1.4134E+00 -4.5357E-01  6.8375E-01
            -3.6828E-01 -3.0533E-02
 GRADIENT:   1.1276E+02 -2.4510E+01 -6.1368E+02 -6.5274E+03 -1.0304E+03  2.4206E+01 -1.1198E+01  1.0983E+01  1.3062E+01  6.5834E-01
             1.3100E+01 -1.4876E+02

0ITERATION NO.:   16    OBJECTIVE VALUE:   31004.6233621660        NO. OF FUNC. EVALS.:   9
 CUMULATIVE NO. OF FUNC. EVALS.:      166
 NPARAMETR:  3.4390E-01  4.0706E+00  1.0480E+00  4.1982E+00  1.3033E+00  2.4181E-01  7.4069E-02  1.3344E-01  8.3135E-02  7.6263E-02
             1.7480E-01  3.9789E-02
 PARAMETER:  6.8779E-02  1.1630E-01  1.0480E-01  1.0496E-01  6.5165E-02  1.9493E-01  6.7361E-01  1.2136E+00 -4.9702E-01  6.7674E-01
            -3.5298E-01 -1.4210E-02
 GRADIENT:  -1.2253E+02  5.1414E+02  5.1272E+01 -3.1987E+03  2.5982E+02  9.3098E+00 -1.5152E+00 -3.1914E+00 -1.1412E+01  5.8555E+00
             8.4925E+00  1.2630E+01

0ITERATION NO.:   17    OBJECTIVE VALUE:   31003.6539127035        NO. OF FUNC. EVALS.:   9
 CUMULATIVE NO. OF FUNC. EVALS.:      175
 NPARAMETR:  3.5475E-01  4.0679E+00  1.0445E+00  4.2075E+00  1.3014E+00  2.3628E-01  7.7164E-02  1.3884E-01  8.7957E-02  7.8245E-02
             1.7560E-01  3.9941E-02
 PARAMETER:  7.0950E-02  1.1623E-01  1.0445E-01  1.0519E-01  6.5071E-02  1.8335E-01  7.0993E-01  1.2773E+00 -4.7827E-01  6.1753E-01
            -3.7640E-01 -1.2314E-02
 GRADIENT:  -2.9263E+01  3.0348E+02 -1.2607E+02 -1.0160E+03  1.6077E+02  4.2852E+00  1.5884E+00 -1.5009E+00  3.3313E+00  1.6708E-01
             5.6941E+00  2.6660E+01

0ITERATION NO.:   18    OBJECTIVE VALUE:   31002.4550713457        NO. OF FUNC. EVALS.:   9
 CUMULATIVE NO. OF FUNC. EVALS.:      184
 NPARAMETR:  3.6319E-01  4.0698E+00  1.0551E+00  4.2159E+00  1.2951E+00  2.1749E-01  7.0641E-02  1.4070E-01  8.4701E-02  7.6621E-02
             1.7722E-01  3.9761E-02
 PARAMETER:  7.2639E-02  1.1628E-01  1.0551E-01  1.0540E-01  6.4754E-02  1.4193E-01  6.7740E-01  1.3492E+00 -4.8630E-01  5.8503E-01
            -4.1745E-01 -1.4572E-02
 GRADIENT:  -4.4402E+00 -5.0439E+02  1.4241E+02  8.5704E+02 -1.5097E+02 -2.2503E+00 -4.8732E+00  5.9215E+00 -2.0525E-01 -1.9625E+00
             4.7927E+00 -1.0732E+01

0ITERATION NO.:   19    OBJECTIVE VALUE:   31002.4438392498        NO. OF FUNC. EVALS.:   9
 CUMULATIVE NO. OF FUNC. EVALS.:      193
 NPARAMETR:  3.6332E-01  4.0699E+00  1.0530E+00  4.2141E+00  1.2957E+00  2.1984E-01  7.1530E-02  1.3857E-01  8.5197E-02  7.6468E-02
             1.7471E-01  3.9773E-02
 PARAMETER:  7.2664E-02  1.1628E-01  1.0530E-01  1.0535E-01  6.4785E-02  1.4729E-01  6.8226E-01  1.3217E+00 -4.8496E-01  5.9292E-01
            -4.1219E-01 -1.4413E-02
 GRADIENT:  -1.4487E+00 -2.9263E+02  6.0172E+01  5.2584E+02 -9.2820E+01 -1.4791E+00 -2.4970E+00  2.6852E+00  4.1164E-01 -1.4312E+00
             2.9734E+00 -6.0982E+00

0ITERATION NO.:   20    OBJECTIVE VALUE:   31002.4279787166        NO. OF FUNC. EVALS.:  10
 CUMULATIVE NO. OF FUNC. EVALS.:      203
 NPARAMETR:  3.6356E-01  4.0703E+00  1.0524E+00  4.2130E+00  1.2962E+00  2.2175E-01  7.2255E-02  1.3845E-01  8.5460E-02  7.6745E-02
             1.7426E-01  3.9783E-02
 PARAMETER:  7.2712E-02  1.1629E-01  1.0524E-01  1.0532E-01  6.4811E-02  1.5162E-01  6.8620E-01  1.3149E+00 -4.8502E-01  5.9768E-01
            -4.1082E-01 -1.4296E-02
 GRADIENT:  -1.7296E+00 -1.7386E+02  3.4595E+01  3.0862E+02 -5.3398E+01 -9.0373E-01 -1.4564E+00  1.7288E+00  2.6246E-01 -8.8125E-01
             2.2788E+00 -3.7621E+00

0ITERATION NO.:   21    OBJECTIVE VALUE:   31002.4162346726        NO. OF FUNC. EVALS.:   9
 CUMULATIVE NO. OF FUNC. EVALS.:      212
 NPARAMETR:  3.6410E-01  4.0706E+00  1.0521E+00  4.2122E+00  1.2964E+00  2.2294E-01  7.2563E-02  1.3807E-01  8.5549E-02  7.6792E-02
             1.7347E-01  3.9791E-02
 PARAMETER:  7.2819E-02  1.1630E-01  1.0521E-01  1.0530E-01  6.4820E-02  1.5430E-01  6.8728E-01  1.3077E+00 -4.8489E-01  6.0180E-01
            -4.1138E-01 -1.4189E-02
 GRADIENT:  -1.2077E+00 -7.9560E+01  1.1563E+01  1.5648E+02 -2.7853E+01 -4.3966E-01 -6.9575E-01  7.1577E-01  1.8559E-01 -4.9750E-01
             1.2278E+00 -1.9382E+00

0ITERATION NO.:   22    OBJECTIVE VALUE:   31002.3763791371        NO. OF FUNC. EVALS.:   9
 CUMULATIVE NO. OF FUNC. EVALS.:      221
 NPARAMETR:  3.6534E-01  4.0713E+00  1.0521E+00  4.2108E+00  1.2969E+00  2.2513E-01  7.3297E-02  1.3810E-01  8.5781E-02  7.7164E-02
             1.7272E-01  3.9809E-02
 PARAMETER:  7.3068E-02  1.1632E-01  1.0521E-01  1.0527E-01  6.4844E-02  1.5918E-01  6.9086E-01  1.3017E+00 -4.8501E-01  6.0842E-01
            -4.1367E-01 -1.3966E-02
 GRADIENT:   3.1934E-01  6.0610E+01 -1.1551E+01 -1.0791E+02  2.0548E+01  2.6401E-01  5.6246E-01 -4.5667E-01 -1.4521E-01  3.1753E-01
            -3.7811E-01  1.1240E+00

0ITERATION NO.:   23    OBJECTIVE VALUE:   31002.3763791371        NO. OF FUNC. EVALS.:  20
 CUMULATIVE NO. OF FUNC. EVALS.:      241
 NPARAMETR:  3.6534E-01  4.0713E+00  1.0521E+00  4.2108E+00  1.2969E+00  2.2513E-01  7.3297E-02  1.3810E-01  8.5781E-02  7.7164E-02
             1.7272E-01  3.9809E-02
 PARAMETER:  7.3068E-02  1.1632E-01  1.0521E-01  1.0527E-01  6.4844E-02  1.5918E-01  6.9086E-01  1.3017E+00 -4.8501E-01  6.0842E-01
            -4.1367E-01 -1.3966E-02
 GRADIENT:  -4.2490E+00 -2.6978E+03 -8.0427E+02 -7.7661E+02 -5.0639E+01  2.6401E-01  5.6246E-01 -4.5667E-01 -1.4521E-01  3.1753E-01
            -3.7811E-01  4.9567E-01

0ITERATION NO.:   24    OBJECTIVE VALUE:   30998.7480247102        NO. OF FUNC. EVALS.:  21
 CUMULATIVE NO. OF FUNC. EVALS.:      262
 NPARAMETR:  3.9933E-01  4.0977E+00  1.0919E+00  4.2112E+00  1.2923E+00  2.2377E-01  7.3394E-02  1.3464E-01  8.4153E-02  7.4245E-02
             1.6841E-01  3.9909E-02
 PARAMETER:  7.9865E-02  1.1708E-01  1.0919E-01  1.0528E-01  6.4616E-02  1.5615E-01  6.9387E-01  1.2729E+00 -5.0007E-01  5.7707E-01
            -4.0614E-01 -1.2706E-02
 GRADIENT:  -3.6211E+01 -1.3254E+03 -2.1262E+02 -2.8978E+02 -1.3801E+02  9.3167E-01  2.9477E+00 -2.0081E+00 -2.7743E+00 -9.0533E-01
            -2.9008E-01  6.1126E+00

0ITERATION NO.:   25    OBJECTIVE VALUE:   30997.9507311552        NO. OF FUNC. EVALS.:  19
 CUMULATIVE NO. OF FUNC. EVALS.:      281
 NPARAMETR:  4.3365E-01  4.1190E+00  1.1153E+00  4.2094E+00  1.2865E+00  2.2066E-01  6.8824E-02  1.3233E-01  8.1523E-02  7.1542E-02
             1.6660E-01  3.9902E-02
 PARAMETER:  8.6730E-02  1.1769E-01  1.1153E-01  1.0524E-01  6.4323E-02  1.4916E-01  6.5522E-01  1.2598E+00 -5.0026E-01  5.8071E-01
            -4.0853E-01 -1.2798E-02
 GRADIENT:  -7.6285E+00  4.4115E+01  1.1832E+01 -7.8266E+01  1.9735E+00  8.1421E-01 -8.0165E-01 -1.5261E+00 -2.5890E+00 -1.8736E+00
            -3.1619E-01 -1.3091E+00

0ITERATION NO.:   26    OBJECTIVE VALUE:   30997.9137930785        NO. OF FUNC. EVALS.:  19
 CUMULATIVE NO. OF FUNC. EVALS.:      300
 NPARAMETR:  4.3441E-01  4.1188E+00  1.1149E+00  4.2095E+00  1.2863E+00  2.2145E-01  6.9705E-02  1.3438E-01  8.2585E-02  7.3337E-02
             1.6928E-01  3.9916E-02
 PARAMETER:  8.6882E-02  1.1768E-01  1.1149E-01  1.0524E-01  6.4315E-02  1.5095E-01  6.6243E-01  1.2771E+00 -4.9539E-01  5.9257E-01
            -4.0953E-01 -1.2626E-02
 GRADIENT:   1.5825E+00  1.3253E+00 -5.6455E+00 -8.5995E+01  6.8534E+00  7.1930E-02  1.7287E-01  9.0251E-02 -1.0750E+00 -3.7155E-01
             7.3342E-01  3.5081E-01

0ITERATION NO.:   27    OBJECTIVE VALUE:   30997.9080571300        NO. OF FUNC. EVALS.:  19
 CUMULATIVE NO. OF FUNC. EVALS.:      319
 NPARAMETR:  4.3380E-01  4.1187E+00  1.1149E+00  4.2099E+00  1.2863E+00  2.2079E-01  6.9144E-02  1.3407E-01  8.2739E-02  7.3503E-02
             1.6912E-01  3.9914E-02
 PARAMETER:  8.6761E-02  1.1768E-01  1.1149E-01  1.0525E-01  6.4314E-02  1.4946E-01  6.5807E-01  1.2760E+00 -4.9176E-01  5.9954E-01
            -4.1233E-01 -1.2642E-02
 GRADIENT:   1.1352E+00  5.1908E+00 -5.1365E+00  6.3131E+00  8.2143E-01  1.7216E-02  8.6615E-02 -3.0992E-02  8.3474E-02 -7.1296E-02
             8.5797E-02 -1.2525E-01

0ITERATION NO.:   28    OBJECTIVE VALUE:   30997.9078604697        NO. OF FUNC. EVALS.:  19
 CUMULATIVE NO. OF FUNC. EVALS.:      338
 NPARAMETR:  4.3359E-01  4.1188E+00  1.1150E+00  4.2099E+00  1.2863E+00  2.2061E-01  6.9009E-02  1.3401E-01  8.2692E-02  7.3503E-02
             1.6912E-01  3.9917E-02
 PARAMETER:  8.6718E-02  1.1768E-01  1.1150E-01  1.0525E-01  6.4315E-02  1.4903E-01  6.5707E-01  1.2760E+00 -4.9161E-01  6.0070E-01
            -4.1271E-01 -1.2614E-02
 GRADIENT:   9.9601E-03  4.8380E+00 -1.0300E+00  9.1640E-01  3.5113E-01  1.3835E-02  5.4780E-03 -4.8937E-03  3.6217E-02  1.0203E-03
             3.3797E-02  9.1665E-02

0ITERATION NO.:   29    OBJECTIVE VALUE:   30997.9078604697        NO. OF FUNC. EVALS.:  12
 CUMULATIVE NO. OF FUNC. EVALS.:      350
 NPARAMETR:  4.3359E-01  4.1188E+00  1.1150E+00  4.2099E+00  1.2863E+00  2.2061E-01  6.9009E-02  1.3401E-01  8.2692E-02  7.3503E-02
             1.6912E-01  3.9917E-02
 PARAMETER:  8.6718E-02  1.1768E-01  1.1150E-01  1.0525E-01  6.4315E-02  1.4903E-01  6.5707E-01  1.2760E+00 -4.9161E-01  6.0070E-01
            -4.1271E-01 -1.2614E-02
 GRADIENT:   9.9601E-03  4.8380E+00 -1.0300E+00  9.1640E-01  3.5113E-01  1.3835E-02  5.4780E-03 -4.8937E-03  3.6217E-02  1.0203E-03
             3.3797E-02  9.1665E-02
 Elapsed estimation  time in seconds:   107.07
 Elapsed covariance  time in seconds:    78.44
 Elapsed postprocess time in seconds:    11.12
 Elapsed finaloutput time in seconds:     1.04
Done with nonmem execution
