Tue Jan  4 21:06:50 EST 2022
$PROBLEM From bbr: see 105.yaml for details

$INPUT C NUM ID TIME SEQ CMT EVID AMT DV AGE WT HT EGFR ALB BMI SEX AAG
       SCR AST ALT CP TAFD TAD LDOS MDV BLQ PHASE

$DATA ../../../data/derived/analysis3.csv IGNORE=(C='C', BLQ=1)

$SUBROUTINE ADVAN4 TRANS4

$PK
 
;log transformed PK parms
 
V2WT = LOG(WT/70)
CLWT = LOG(WT/70)*0.75
CLEGFR = LOG(EGFR/90)*THETA(6)
CLAGE = LOG(AGE/35)*THETA(7)
V3WT = LOG(WT/70)
QWT  = LOG(WT/70)*0.75

KA   = EXP(THETA(1)+ETA(1))
V2   = EXP(THETA(2)+V2WT+ETA(2))
CL   = EXP(THETA(3)+CLWT+CLEGFR+CLAGE+ETA(3))
V3   = EXP(THETA(4)+V3WT)
Q    = EXP(THETA(5)+QWT) 

S2 = V2/1000 ; dose in mcg, conc in mcg/mL

$ERROR
IPRED = F 
Y=IPRED*(1+EPS(1))

$THETA  ; log values
(0.5)   ;  1 KA (1/hr) - 1.5
(3.5)   ;  2 V2 (L) - 60
(1)     ;  3 CL (L/hr) - 3.5
(4)     ;  4 V3 (L) - 70
(2)     ;  5 Q  (L/hr) - 4
(1)     ;  6 CL (L/hr)
(1)     ;  7 CL (L/hr)

$OMEGA BLOCK(3)
0.2   ;ETA(KA)
0.01 0.2   ;ETA(V2)
0.01 0.01 0.2   ;ETA(CL)

$SIGMA
0.05     ; 1 pro error

$EST MAXEVAL=9999 METHOD=1 INTER SIGL=6 NSIG=3 PRINT=1 MSFO=./105.msf 
$COV PRINT=E
$TABLE NUM CL V2 Q V3 KA ETAS(1:LAST) IPRED NPDE CWRES NOPRINT ONEHEADER FILE=105.tab
$TABLE NUM CL V2 Q V3 KA ETAS(1:LAST) NOAPPEND NOPRINT ONEHEADER FILE=105par.tab
NM-TRAN MESSAGES
  
 WARNINGS AND ERRORS (IF ANY) FOR PROBLEM    1
             
 (WARNING  2) NM-TRAN INFERS THAT THE DATA ARE POPULATION.

License Registered to: Metrum Research Group (with RADAR5NM)
Expiration Date:    14 JUL 2022
Current Date:        4 JAN 2022
Days until program expires : 190
1NONLINEAR MIXED EFFECTS MODEL PROGRAM (NONMEM) VERSION 7.4.4
 ORIGINALLY DEVELOPED BY STUART BEAL, LEWIS SHEINER, AND ALISON BOECKMANN
 CURRENT DEVELOPERS ARE ROBERT BAUER, ICON DEVELOPMENT SOLUTIONS,
 AND ALISON BOECKMANN. IMPLEMENTATION, EFFICIENCY, AND STANDARDIZATION
 PERFORMED BY NOUS INFOSYSTEMS.

 PROBLEM NO.:         1
 From bbr: see 105.yaml for details
0DATA CHECKOUT RUN:              NO
 DATA SET LOCATED ON UNIT NO.:    2
 THIS UNIT TO BE REWOUND:        NO
 NO. OF DATA RECS IN DATA SET:     4292
 NO. OF DATA ITEMS IN DATA SET:  27
 ID DATA ITEM IS DATA ITEM NO.:   3
 DEP VARIABLE IS DATA ITEM NO.:   9
 MDV DATA ITEM IS DATA ITEM NO.: 25
0INDICES PASSED TO SUBROUTINE PRED:
   7   4   8   0   0   0   6   0   0   0   0
0LABELS FOR DATA ITEMS:
 C NUM ID TIME SEQ CMT EVID AMT DV AGE WT HT EGFR ALB BMI SEX AAG SCR AST ALT CP TAFD TAD LDOS MDV BLQ PHASE
0(NONBLANK) LABELS FOR PRED-DEFINED ITEMS:
 KA V2 CL V3 Q IPRED
0FORMAT FOR DATA:
 (2(10E7.0/),7E7.0)

 TOT. NO. OF OBS RECS:     3142
 TOT. NO. OF INDIVIDUALS:      160
0LENGTH OF THETA:   7
0DEFAULT THETA BOUNDARY TEST OMITTED:    NO
0OMEGA HAS BLOCK FORM:
  1
  1  1
  1  1  1
0DEFAULT OMEGA BOUNDARY TEST OMITTED:    NO
0SIGMA HAS SIMPLE DIAGONAL FORM WITH DIMENSION:   1
0DEFAULT SIGMA BOUNDARY TEST OMITTED:    NO
0INITIAL ESTIMATE OF THETA:
   0.5000E+00  0.3500E+01  0.1000E+01  0.4000E+01  0.2000E+01  0.1000E+01  0.1000E+01
0INITIAL ESTIMATE OF OMEGA:
 BLOCK SET NO.   BLOCK                                                                    FIXED
        1                                                                                   NO
                  0.2000E+00
                  0.1000E-01   0.2000E+00
                  0.1000E-01   0.1000E-01   0.2000E+00
0INITIAL ESTIMATE OF SIGMA:
 0.5000E-01
0COVARIANCE STEP OMITTED:        NO
 EIGENVLS. PRINTED:             YES
 SPECIAL COMPUTATION:            NO
 COMPRESSED FORMAT:              NO
 GRADIENT METHOD USED:     NOSLOW
 SIGDIGITS ETAHAT (SIGLO):                  -1
 SIGDIGITS GRADIENTS (SIGL):                -1
 EXCLUDE COV FOR FOCE (NOFCOV):              NO
 TURN OFF Cholesky Transposition of R Matrix (CHOLROFF): NO
 KNUTHSUMOFF:                                -1
 RESUME COV ANALYSIS (RESUME):               NO
 SIR SAMPLE SIZE (SIRSAMPLE):              -1
 NON-LINEARLY TRANSFORM THETAS DURING COV (THBND): 1
 PRECONDTIONING CYCLES (PRECOND):        0
 PRECONDTIONING TYPES (PRECONDS):        TOS
 FORCED PRECONDTIONING CYCLES (PFCOND):0
 PRECONDTIONING TYPE (PRETYPE):        0
 FORCED POS. DEFINITE SETTING: (FPOSDEF):0
0TABLES STEP OMITTED:    NO
 NO. OF TABLES:           2
 SEED NUMBER (SEED):    11456
 RANMETHOD:             3U
 MC SAMPLES (ESAMPLE):    300
 WRES SQUARE ROOT TYPE (WRESCHOL): EIGENVALUE
0-- TABLE   1 --
0RECORDS ONLY:    ALL
04 COLUMNS APPENDED:    YES
 PRINTED:                NO
 HEADERS:               ONE
 FILE TO BE FORWARDED:   NO
 FORMAT:                S1PE11.4
 LFORMAT:
 RFORMAT:
 FIXED_EFFECT_ETAS:
0USER-CHOSEN ITEMS:
 NUM CL V2 Q V3 KA ETA1 ETA2 ETA3 IPRED NPDE CWRES
0-- TABLE   2 --
0RECORDS ONLY:    ALL
04 COLUMNS APPENDED:    NO
 PRINTED:                NO
 HEADERS:               ONE
 FILE TO BE FORWARDED:   NO
 FORMAT:                S1PE11.4
 LFORMAT:
 RFORMAT:
 FIXED_EFFECT_ETAS:
0USER-CHOSEN ITEMS:
 NUM CL V2 Q V3 KA ETA1 ETA2 ETA3
1DOUBLE PRECISION PREDPP VERSION 7.4.4

 TWO COMPARTMENT MODEL WITH FIRST-ORDER ABSORPTION (ADVAN4)
0MAXIMUM NO. OF BASIC PK PARAMETERS:   5
0BASIC PK PARAMETERS (AFTER TRANSLATION):
   BASIC PK PARAMETER NO.  1: ELIMINATION RATE (K)
   BASIC PK PARAMETER NO.  2: CENTRAL-TO-PERIPH. RATE (K23)
   BASIC PK PARAMETER NO.  3: PERIPH.-TO-CENTRAL RATE (K32)
   BASIC PK PARAMETER NO.  5: ABSORPTION RATE (KA)
 TRANSLATOR WILL CONVERT PARAMETERS
 CL, V2, Q, V3 TO K, K23, K32 (TRANS4)
0COMPARTMENT ATTRIBUTES
 COMPT. NO.   FUNCTION   INITIAL    ON/OFF      DOSE      DEFAULT    DEFAULT
                         STATUS     ALLOWED    ALLOWED    FOR DOSE   FOR OBS.
    1         DEPOT        OFF        YES        YES        YES        NO
    2         CENTRAL      ON         NO         YES        NO         YES
    3         PERIPH.      ON         NO         YES        NO         NO
    4         OUTPUT       OFF        YES        NO         NO         NO
1
 ADDITIONAL PK PARAMETERS - ASSIGNMENT OF ROWS IN GG
 COMPT. NO.                             INDICES
              SCALE      BIOAVAIL.   ZERO-ORDER  ZERO-ORDER  ABSORB
                         FRACTION    RATE        DURATION    LAG
    1            *           *           *           *           *
    2            6           *           *           *           *
    3            *           *           *           *           *
    4            *           -           -           -           -
             - PARAMETER IS NOT ALLOWED FOR THIS MODEL
             * PARAMETER IS NOT SUPPLIED BY PK SUBROUTINE;
               WILL DEFAULT TO ONE IF APPLICABLE
0DATA ITEM INDICES USED BY PRED ARE:
   EVENT ID DATA ITEM IS DATA ITEM NO.:      7
   TIME DATA ITEM IS DATA ITEM NO.:          4
   DOSE AMOUNT DATA ITEM IS DATA ITEM NO.:   8
   COMPT. NO. DATA ITEM IS DATA ITEM NO.:    6

0PK SUBROUTINE CALLED WITH EVERY EVENT RECORD.
 PK SUBROUTINE NOT CALLED AT NONEVENT (ADDITIONAL OR LAGGED) DOSE TIMES.
0ERROR SUBROUTINE CALLED WITH EVERY EVENT RECORD.
1


 #TBLN:      1
 #METH: First Order Conditional Estimation with Interaction

 ESTIMATION STEP OMITTED:                 NO
 ANALYSIS TYPE:                           POPULATION
 NUMBER OF SADDLE POINT RESET ITERATIONS:      0
 GRADIENT METHOD USED:               NOSLOW
 CONDITIONAL ESTIMATES USED:              YES
 CENTERED ETA:                            NO
 EPS-ETA INTERACTION:                     YES
 LAPLACIAN OBJ. FUNC.:                    NO
 NO. OF FUNCT. EVALS. ALLOWED:            9999
 NO. OF SIG. FIGURES REQUIRED:            3
 INTERMEDIATE PRINTOUT:                   YES
 ESTIMATE OUTPUT TO MSF:                  YES
 IND. OBJ. FUNC. VALUES SORTED:           NO
 NUMERICAL DERIVATIVE
       FILE REQUEST (NUMDER):               NONE
 MAP (ETAHAT) ESTIMATION METHOD (OPTMAP):   0
 ETA HESSIAN EVALUATION METHOD (ETADER):    0
 INITIAL ETA FOR MAP ESTIMATION (MCETA):    0
 SIGDIGITS FOR MAP ESTIMATION (SIGLO):      6
 GRADIENT SIGDIGITS OF
       FIXED EFFECTS PARAMETERS (SIGL):     6
 NOPRIOR SETTING (NOPRIOR):                 OFF
 NOCOV SETTING (NOCOV):                     OFF
 DERCONT SETTING (DERCONT):                 OFF
 FINAL ETA RE-EVALUATION (FNLETA):          ON
 EXCLUDE NON-INFLUENTIAL (NON-INFL.) ETAS
       IN SHRINKAGE (ETASTYPE):             NO
 NON-INFL. ETA CORRECTION (NONINFETA):      OFF
 RAW OUTPUT FILE (FILE): 105.ext
 EXCLUDE TITLE (NOTITLE):                   NO
 EXCLUDE COLUMN LABELS (NOLABEL):           NO
 FORMAT FOR ADDITIONAL FILES (FORMAT):      S1PE12.5
 PARAMETER ORDER FOR OUTPUTS (ORDER):       TSOL
 WISHART PRIOR DF INTERPRETATION (WISHTYPE):0
 KNUTHSUMOFF:                               0
 INCLUDE LNTWOPI:                           NO
 INCLUDE CONSTANT TERM TO PRIOR (PRIORC):   NO
 INCLUDE CONSTANT TERM TO OMEGA (ETA) (OLNTWOPI):NO
 ADDITIONAL CONVERGENCE TEST (CTYPE=4)?:    NO
 EM OR BAYESIAN METHOD USED:                 NONE


 THE FOLLOWING LABELS ARE EQUIVALENT
 PRED=PREDI
 RES=RESI
 WRES=WRESI
 IWRS=IWRESI
 IPRD=IPREDI
 IRS=IRESI

 MONITORING OF SEARCH:


0ITERATION NO.:    0    OBJECTIVE VALUE:   32090.8200564709        NO. OF FUNC. EVALS.:  10
 CUMULATIVE NO. OF FUNC. EVALS.:       10
 NPARAMETR:  5.0000E-01  3.5000E+00  1.0000E+00  4.0000E+00  2.0000E+00  1.0000E+00  1.0000E+00  2.0000E-01  1.0000E-02  1.0000E-02
             2.0000E-01  1.0000E-02  2.0000E-01  5.0000E-02
 PARAMETER:  1.0000E-01  1.0000E-01  1.0000E-01  1.0000E-01  1.0000E-01  1.0000E-01  1.0000E-01  1.0000E-01  1.0000E-01  1.0000E-01
             1.0000E-01  1.0000E-01  1.0000E-01  1.0000E-01
 GRADIENT:   1.5888E+03 -2.7149E+04 -2.3646E+03 -5.5521E+04  1.6634E+04  1.7434E+03  1.4195E+03 -7.7410E+01  2.1729E+01 -1.0253E+01
            -2.8929E+02 -1.2543E+02 -1.1187E+02  3.1283E+02

0ITERATION NO.:    1    OBJECTIVE VALUE:   31846.8545397823        NO. OF FUNC. EVALS.:  14
 CUMULATIVE NO. OF FUNC. EVALS.:       24
 NPARAMETR:  4.9856E-01  3.6722E+00  1.0043E+00  4.4026E+00  1.9397E+00  9.9684E-01  9.9743E-01  2.0001E-01  9.9997E-03  1.0000E-02
             2.0002E-01  1.0003E-02  2.0001E-01  4.9994E-02
 PARAMETER:  9.9712E-02  1.0492E-01  1.0043E-01  1.1006E-01  9.6985E-02  9.9684E-02  9.9743E-02  1.0001E-01  9.9996E-02  1.0000E-01
             1.0005E-01  1.0002E-01  1.0002E-01  9.9943E-02
 GRADIENT:   2.9606E+03 -1.2428E+04 -3.2124E+03  5.3175E+04  2.1877E+04  1.6050E+03  1.4172E+03 -2.5871E+02  4.2065E+00  1.6046E+01
             3.1012E+01 -9.2719E+01 -1.3558E+02  2.3267E+02

0ITERATION NO.:    2    OBJECTIVE VALUE:   31742.6173511741        NO. OF FUNC. EVALS.:  15
 CUMULATIVE NO. OF FUNC. EVALS.:       39
 NPARAMETR:  4.9799E-01  3.6891E+00  1.0055E+00  4.3200E+00  1.9227E+00  9.9622E-01  9.9688E-01  2.0001E-01  9.9998E-03  1.0000E-02
             2.0002E-01  1.0003E-02  2.0001E-01  4.9993E-02
 PARAMETER:  9.9597E-02  1.0540E-01  1.0055E-01  1.0800E-01  9.6136E-02  9.9622E-02  9.9688E-02  1.0002E-01  9.9996E-02  1.0000E-01
             1.0005E-01  1.0003E-01  1.0003E-01  9.9934E-02
 GRADIENT:   2.5870E+03 -1.2864E+04 -3.1169E+03  2.5951E+04  1.9332E+04  1.6319E+03  1.4218E+03 -1.9669E+02  2.8300E+00  9.3812E+00
             2.9109E+01 -9.3102E+01 -1.3080E+02  4.5447E+02

0ITERATION NO.:    3    OBJECTIVE VALUE:   31446.3480407731        NO. OF FUNC. EVALS.:  12
 CUMULATIVE NO. OF FUNC. EVALS.:       51
 NPARAMETR:  4.8848E-01  4.0893E+00  1.0315E+00  4.3678E+00  1.6343E+00  9.8196E-01  9.8462E-01  2.0006E-01  1.0001E-02  1.0001E-02
             2.0001E-01  1.0010E-02  2.0005E-01  4.9935E-02
 PARAMETER:  9.7696E-02  1.1684E-01  1.0315E-01  1.0919E-01  8.1715E-02  9.8196E-02  9.8462E-02  1.0014E-01  9.9995E-02  9.9999E-02
             1.0003E-01  1.0011E-01  1.0013E-01  9.9352E-02
 GRADIENT:   1.3221E+03  4.4939E+03 -2.8081E+03  3.0950E+04  1.3781E+04  1.5187E+03  1.3729E+03 -5.4954E+01 -4.3649E+01 -1.4846E+01
             1.6951E+02 -3.5540E+01 -1.1645E+02  6.7252E+02

0ITERATION NO.:    4    OBJECTIVE VALUE:   31376.6111810757        NO. OF FUNC. EVALS.:  13
 CUMULATIVE NO. OF FUNC. EVALS.:       64
 NPARAMETR:  4.8298E-01  3.9211E+00  1.0649E+00  4.4215E+00  1.3666E+00  9.6277E-01  9.6756E-01  2.0005E-01  1.0006E-02  1.0004E-02
             1.9993E-01  1.0013E-02  2.0011E-01  4.9820E-02
 PARAMETER:  9.6595E-02  1.1203E-01  1.0649E-01  1.1054E-01  6.8331E-02  9.6277E-02  9.6756E-02  1.0012E-01  1.0005E-01  1.0003E-01
             9.9822E-02  1.0015E-01  1.0027E-01  9.8199E-02
 GRADIENT:   7.9022E+02 -7.4456E+03 -1.8042E+03  3.1015E+04  2.9387E+03  1.3969E+03  1.2774E+03 -1.0868E+01 -1.6506E+01 -2.7377E+01
             1.3782E+02 -5.9211E+01 -8.1119E+01  8.1372E+02

0ITERATION NO.:    5    OBJECTIVE VALUE:   31327.0708654639        NO. OF FUNC. EVALS.:  12
 CUMULATIVE NO. OF FUNC. EVALS.:       76
 NPARAMETR:  4.8270E-01  3.9385E+00  1.4128E+00  4.4064E+00  1.4252E+00  6.8311E-01  7.1345E-01  1.9922E-01  1.0062E-02  1.0065E-02
             1.9845E-01  1.0053E-02  2.0073E-01  4.7639E-02
 PARAMETER:  9.6540E-02  1.1253E-01  1.4128E-01  1.1016E-01  7.1260E-02  6.8311E-02  7.1345E-02  9.8054E-02  1.0082E-01  1.0085E-01
             9.6084E-02  1.0087E-01  1.0179E-01  7.5813E-02
 GRADIENT:   9.0596E+02 -6.5598E+03  4.2699E+03  3.4700E+04  4.3845E+03  4.1826E+02  5.8168E+02 -2.4814E+01 -1.6696E+01 -5.8755E+01
             1.4577E+02 -1.6302E+01 -2.3519E+01  5.6910E+02

0ITERATION NO.:    6    OBJECTIVE VALUE:   31295.5139564112        NO. OF FUNC. EVALS.:  11
 CUMULATIVE NO. OF FUNC. EVALS.:       87
 NPARAMETR:  4.7472E-01  3.9531E+00  1.1037E+00  4.3737E+00  1.3751E+00 -3.4156E-01 -2.7923E-01  1.9537E-01  1.0322E-02  1.0461E-02
             1.9146E-01  1.0121E-02  2.0294E-01  3.8955E-02
 PARAMETER:  9.4944E-02  1.1294E-01  1.1037E-01  1.0934E-01  6.8757E-02 -3.4156E-02 -2.7923E-02  8.8278E-02  1.0444E-01  1.0584E-01
             7.7999E-02  1.0296E-01  1.0712E-01 -2.4808E-02
 GRADIENT:   8.3025E+02 -5.1557E+03  1.2733E+03  3.5200E+04  3.3637E+03 -2.2274E+03 -2.5139E+02 -3.2453E+01 -2.0795E+01 -5.0789E+01
             1.5026E+02 -3.6401E+01 -7.6172E+01 -3.1685E+02

0ITERATION NO.:    7    OBJECTIVE VALUE:   31285.3083717705        NO. OF FUNC. EVALS.:  11
 CUMULATIVE NO. OF FUNC. EVALS.:       98
 NPARAMETR:  4.4032E-01  3.9730E+00  1.0824E+00  4.3581E+00  1.3476E+00  1.4672E-01 -9.3744E-01  1.9084E-01  1.0677E-02  1.1013E-02
             1.8255E-01  1.0265E-02  2.0678E-01  3.3567E-02
 PARAMETER:  8.8063E-02  1.1352E-01  1.0824E-01  1.0895E-01  6.7378E-02  1.4672E-02 -9.3744E-02  7.6551E-02  1.0931E-01  1.1274E-01
             5.3956E-02  1.0636E-01  1.1627E-01 -9.9234E-02
 GRADIENT:   6.3967E+02 -3.7863E+03  1.5634E+03  3.6896E+04  2.2859E+03 -7.8812E+02 -1.0361E+03 -3.2193E+01 -2.5934E+01 -4.6914E+01
             1.5276E+02 -3.5055E+01 -6.1361E+00 -1.1431E+03

0ITERATION NO.:    8    OBJECTIVE VALUE:   31261.5794739854        NO. OF FUNC. EVALS.:  11
 CUMULATIVE NO. OF FUNC. EVALS.:      109
 NPARAMETR:  2.4459E-01  3.9704E+00  1.0937E+00  4.3609E+00  1.3887E+00  1.1552E-01 -7.3950E-01  1.6518E-01  1.3083E-02  1.4336E-02
             1.3267E-01  1.1415E-02  2.2338E-01  3.2592E-02
 PARAMETER:  4.8919E-02  1.1344E-01  1.0937E-01  1.0902E-01  6.9434E-02  1.1552E-02 -7.3950E-02  4.3623E-03  1.4396E-01  1.5775E-01
            -1.0791E-01  1.3321E-01  1.5306E-01 -1.1397E-01
 GRADIENT:  -8.3026E+01 -3.5834E+03  1.5916E+03  3.7989E+04  2.0970E+03 -8.1275E+02 -7.4937E+02 -2.0187E+01 -4.4740E+01 -3.6364E+01
             1.0809E+02 -3.6404E+01  5.3038E+01 -1.3489E+03

0ITERATION NO.:    9    OBJECTIVE VALUE:   31213.5723891752        NO. OF FUNC. EVALS.:  13
 CUMULATIVE NO. OF FUNC. EVALS.:      122
 NPARAMETR:  3.2829E-01  4.0697E+00  1.0947E+00  4.3550E+00  1.3184E+00  1.0470E-01 -7.1774E-01  1.3397E-01  1.6015E-02  1.8109E-02
             8.5414E-02  1.2740E-02  2.4674E-01  3.2894E-02
 PARAMETER:  6.5658E-02  1.1628E-01  1.0947E-01  1.0888E-01  6.5918E-02  1.0470E-02 -7.1774E-02 -1.0033E-01  1.9568E-01  2.2126E-01
            -3.3548E-01  1.7206E-01  1.9966E-01 -1.0936E-01
 GRADIENT:   2.3615E+01  1.3700E+03  1.4713E+03  3.5852E+04  9.1343E+02 -7.5969E+02 -6.5208E+02 -3.7306E+01 -4.2435E+01 -2.9908E+01
             4.4874E+01 -3.6696E+01  8.4513E+01 -1.2966E+03

0ITERATION NO.:   10    OBJECTIVE VALUE:   31209.1950437534        NO. OF FUNC. EVALS.:  12
 CUMULATIVE NO. OF FUNC. EVALS.:      134
 NPARAMETR:  2.8108E-01  4.0652E+00  1.0813E+00  4.3606E+00  1.3369E+00  1.0990E-01 -8.9177E-01  1.2839E-01  1.6686E-02  1.8900E-02
             7.8329E-02  1.3245E-02  2.5017E-01  3.4128E-02
 PARAMETER:  5.6216E-02  1.1615E-01  1.0813E-01  1.0901E-01  6.6843E-02  1.0990E-02 -8.9177E-02 -1.2164E-01  2.0826E-01  2.3590E-01
            -3.8149E-01  1.8380E-01  2.0561E-01 -9.0952E-02
 GRADIENT:  -1.8762E+02  1.8501E+03  1.4178E+03  3.5504E+04  1.2032E+03 -7.2688E+02 -8.0912E+02 -3.4050E+01 -4.3987E+01 -2.8020E+01
             2.3774E+01 -3.6464E+01  6.4848E+01 -1.0840E+03

0ITERATION NO.:   11    OBJECTIVE VALUE:   31183.5650718470        NO. OF FUNC. EVALS.:  11
 CUMULATIVE NO. OF FUNC. EVALS.:      145
 NPARAMETR:  2.2675E-01  4.0561E+00  1.0836E+00  4.3489E+00  1.3126E+00  1.3143E-01 -7.8633E-01  9.8633E-02  3.6521E-02  3.6673E-02
             8.9074E-02  5.6560E-02  2.2043E-01  3.3153E-02
 PARAMETER:  4.5350E-02  1.1589E-01  1.0836E-01  1.0872E-01  6.5628E-02  1.3143E-02 -7.8633E-02 -2.5346E-01  5.2005E-01  5.2221E-01
            -3.8550E-01  7.3519E-01  5.6177E-02 -1.0545E-01
 GRADIENT:  -6.2636E+02  1.4765E+03  1.7149E+03  3.3240E+04 -1.5330E+03 -9.1350E+02 -9.5929E+02 -7.4975E+01  1.5581E+01 -2.4349E+01
             3.2337E+01 -1.0709E+00  5.4863E+01 -1.2591E+03

0ITERATION NO.:   12    OBJECTIVE VALUE:   31177.7904410587        NO. OF FUNC. EVALS.:  12
 CUMULATIVE NO. OF FUNC. EVALS.:      157
 NPARAMETR:  2.5715E-01  4.0396E+00  1.0733E+00  4.3523E+00  1.3157E+00  1.2683E-01 -8.0024E-01  1.1922E-01  4.0461E-02  5.0347E-02
             8.3659E-02  6.9396E-02  2.4887E-01  3.3203E-02
 PARAMETER:  5.1431E-02  1.1542E-01  1.0733E-01  1.0881E-01  6.5786E-02  1.2683E-02 -8.0024E-02 -1.5869E-01  5.2406E-01  6.5211E-01
            -4.2418E-01  9.3004E-01  7.2729E-02 -1.0470E-01
 GRADIENT:  -2.7303E+02 -2.6004E+03  1.7607E+03  3.3764E+04 -1.1713E+03 -8.7306E+02 -9.3241E+02 -6.2903E+01  8.4369E+00 -1.4108E+01
            -3.3662E-01  1.4287E+01  6.7527E+01 -1.2269E+03

0ITERATION NO.:   13    OBJECTIVE VALUE:   31168.1418496999        NO. OF FUNC. EVALS.:  11
 CUMULATIVE NO. OF FUNC. EVALS.:      168
 NPARAMETR:  2.6998E-01  4.0632E+00  1.1455E+00  4.3462E+00  1.2906E+00  1.6073E-01 -6.7569E-01  1.3488E-01  4.0452E-02  1.0427E-01
             8.3986E-02  7.6864E-02  2.3137E-01  3.2409E-02
 PARAMETER:  5.3997E-02  1.1609E-01  1.1455E-01  1.0866E-01  6.4529E-02  1.6073E-02 -6.7569E-02 -9.6978E-02  4.9259E-01  1.2697E+00
            -4.1059E-01  7.9965E-01 -1.4546E-01 -1.1680E-01
 GRADIENT:  -6.9750E+02 -3.0138E+03  3.3830E+03  3.2990E+04 -3.2008E+03 -9.8647E+02 -1.0918E+03 -4.4294E+01 -2.0981E+01  2.4972E+01
             1.2413E+01  7.0625E+00  3.0367E+01 -1.3852E+03

0ITERATION NO.:   14    OBJECTIVE VALUE:   31163.9935721330        NO. OF FUNC. EVALS.:  11
 CUMULATIVE NO. OF FUNC. EVALS.:      179
 NPARAMETR:  2.7698E-01  4.0678E+00  1.1394E+00  4.3437E+00  1.3106E+00  1.3754E-01 -7.3316E-01  1.4416E-01  5.5982E-02  1.3525E-01
             1.1076E-01  9.6500E-02  3.1838E-01  3.3721E-02
 PARAMETER:  5.5397E-02  1.1622E-01  1.1394E-01  1.0859E-01  6.5529E-02  1.3754E-02 -7.3316E-02 -6.3698E-02  6.5939E-01  1.5931E+00
            -3.0346E-01  6.9297E-01  2.0418E-02 -9.6958E-02
 GRADIENT:  -5.6714E+02 -3.4737E+01  2.5222E+03  3.0870E+04 -1.7675E+03 -7.2905E+02 -8.1833E+02 -4.7800E+01 -8.5821E+00  3.6800E+01
             7.1934E+01 -3.3051E+00  7.7655E+01 -1.1215E+03

0ITERATION NO.:   15    OBJECTIVE VALUE:   31135.9149628854        NO. OF FUNC. EVALS.:  11
 CUMULATIVE NO. OF FUNC. EVALS.:      190
 NPARAMETR:  2.9485E-01  4.0925E+00  1.1624E+00  4.3456E+00  1.3394E+00  1.8507E-01 -5.7110E-01  2.3956E-01  1.0728E-01  1.7643E-01
             1.2290E-01  1.1430E-01  2.7944E-01  3.3133E-02
 PARAMETER:  5.8969E-02  1.1693E-01  1.1624E-01  1.0864E-01  6.6971E-02  1.8507E-02 -5.7110E-02  1.9025E-01  9.8021E-01  1.6121E+00
            -3.9013E-01  6.0646E-01 -1.0209E-01 -1.0575E-01
 GRADIENT:  -6.0009E+02  3.9316E+03  2.6730E+03  3.2777E+04 -6.5558E+02 -8.2974E+02 -8.4410E+02 -1.3684E+01  1.3039E+01  2.9006E+01
             3.7243E+01 -7.9627E+00  6.9624E+01 -1.2112E+03

0ITERATION NO.:   16    OBJECTIVE VALUE:   31033.8029033550        NO. OF FUNC. EVALS.:  13
 CUMULATIVE NO. OF FUNC. EVALS.:      203
 NPARAMETR:  3.2086E-01  4.1108E+00  1.1742E+00  4.3073E+00  1.3422E+00  3.5962E-01 -1.1257E-01  2.4316E-01  1.0778E-01  1.5192E-01
             1.1066E-01  1.1053E-01  1.9745E-01  3.3292E-02
 PARAMETER:  6.4172E-02  1.1745E-01  1.1742E-01  1.0768E-01  6.7109E-02  3.5962E-02 -1.1257E-02  1.9771E-01  9.7743E-01  1.3778E+00
            -4.7720E-01  8.0986E-01 -4.0249E-01 -1.0336E-01
 GRADIENT:  -4.8395E+02  6.1705E+03  2.2146E+03  2.4390E+04  3.8995E+01 -5.5136E+02 -3.1347E+02 -1.5559E+01  2.4677E+01  1.9146E+01
            -3.0439E+01  2.3650E+01  4.7700E+01 -1.1163E+03

0ITERATION NO.:   17    OBJECTIVE VALUE:   30969.6309067861        NO. OF FUNC. EVALS.:  11
 CUMULATIVE NO. OF FUNC. EVALS.:      214
 NPARAMETR:  3.5947E-01  4.0984E+00  1.1605E+00  4.2622E+00  1.3392E+00  5.0201E-01  8.7250E-02  2.4490E-01  9.6789E-02  1.1638E-01
             9.8526E-02  8.4600E-02  1.2742E-01  3.5221E-02
 PARAMETER:  7.1895E-02  1.1710E-01  1.1605E-01  1.0656E-01  6.6958E-02  5.0201E-02  8.7250E-03  2.0127E-01  8.7467E-01  1.0517E+00
            -4.9846E-01  7.3931E-01 -6.1760E-01 -7.5195E-02
 GRADIENT:  -1.6841E+02  3.8554E+03  1.6599E+03  1.2690E+04  1.9063E+02  3.2559E+02  2.7639E+02 -5.5248E+00  4.5296E+01 -3.3916E+01
            -2.9000E+01  2.5125E+01 -2.5641E+01 -7.1308E+02

0ITERATION NO.:   18    OBJECTIVE VALUE:   30938.7652759834        NO. OF FUNC. EVALS.:  11
 CUMULATIVE NO. OF FUNC. EVALS.:      225
 NPARAMETR:  3.9347E-01  4.0999E+00  1.1058E+00  4.2191E+00  1.3361E+00  4.5365E-01 -2.5793E-02  2.1693E-01  6.9640E-02  1.1503E-01
             7.9536E-02  7.4376E-02  1.3359E-01  3.7822E-02
 PARAMETER:  7.8694E-02  1.1714E-01  1.1058E-01  1.0548E-01  6.6805E-02  4.5365E-02 -2.5793E-03  1.4062E-01  6.6867E-01  1.1045E+00
            -5.2481E-01  7.3633E-01 -6.1049E-01 -3.9562E-02
 GRADIENT:   7.9573E+01  5.2178E+03 -2.1717E+02  2.5510E+03  2.1194E+03  7.0403E+01  3.7095E+01 -9.4653E+00  7.7198E+00 -4.0106E+00
            -3.8841E+01  2.2516E+01  8.5389E+00 -2.8534E+02

0ITERATION NO.:   19    OBJECTIVE VALUE:   30935.9428142167        NO. OF FUNC. EVALS.:  11
 CUMULATIVE NO. OF FUNC. EVALS.:      236
 NPARAMETR:  4.0301E-01  4.0673E+00  1.1122E+00  4.2081E+00  1.3080E+00  4.2361E-01  1.2201E-02  2.1987E-01  6.7967E-02  1.1995E-01
             8.1588E-02  6.3843E-02  1.2337E-01  4.0161E-02
 PARAMETER:  8.0603E-02  1.1621E-01  1.1122E-01  1.0520E-01  6.5401E-02  4.2361E-02  1.2201E-03  1.4736E-01  6.4823E-01  1.1440E+00
            -4.9594E-01  5.1125E-01 -6.3124E-01 -9.5633E-03
 GRADIENT:   1.1020E+02 -3.9844E+03  1.0733E+03 -1.0674E+03 -1.0562E+02 -1.4419E+02  8.0611E+01  2.2598E+00 -1.3162E+01 -2.5409E+00
            -3.4035E-01 -1.9608E+01  1.7564E+01  6.0115E+01

0ITERATION NO.:   20    OBJECTIVE VALUE:   30933.2738542297        NO. OF FUNC. EVALS.:  11
 CUMULATIVE NO. OF FUNC. EVALS.:      247
 NPARAMETR:  4.0145E-01  4.0717E+00  1.0927E+00  4.2117E+00  1.3011E+00  4.4443E-01 -1.5740E-02  2.2762E-01  7.1989E-02  1.2668E-01
             8.4557E-02  7.1008E-02  1.2955E-01  4.0097E-02
 PARAMETER:  8.0289E-02  1.1634E-01  1.0927E-01  1.0529E-01  6.5056E-02  4.4443E-02 -1.5740E-03  1.6467E-01  6.7481E-01  1.1875E+00
            -4.8605E-01  5.8527E-01 -6.5984E-01 -1.0357E-02
 GRADIENT:   1.3955E+02 -1.7418E+03  2.9789E+02  2.9212E+02  3.8288E+01  3.0375E+01  4.2366E+01  1.1720E+00 -5.1999E+00 -1.8960E-01
             1.3438E+00 -8.6486E+00  1.4043E+01  4.7856E+01

0ITERATION NO.:   21    OBJECTIVE VALUE:   30933.1518581317        NO. OF FUNC. EVALS.:  11
 CUMULATIVE NO. OF FUNC. EVALS.:      258
 NPARAMETR:  3.7999E-01  4.0731E+00  1.0793E+00  4.2107E+00  1.3051E+00  4.3428E-01 -2.4247E-02  2.2573E-01  7.2850E-02  1.2845E-01
             8.6409E-02  7.6910E-02  1.3307E-01  3.9785E-02
 PARAMETER:  7.5999E-02  1.1638E-01  1.0793E-01  1.0527E-01  6.5255E-02  4.3428E-02 -2.4247E-03  1.6052E-01  6.8572E-01  1.2090E+00
            -4.7715E-01  6.6471E-01 -7.0235E-01 -1.4264E-02
 GRADIENT:   7.9610E+01  5.9502E+02 -1.9873E+02  2.5806E+02  3.9351E+02 -4.9008E+01  4.7047E+01 -1.2033E+00  3.5327E+00 -2.5943E+00
            -2.5761E+00  4.4030E+00  4.6361E+00  1.2351E+00

0ITERATION NO.:   22    OBJECTIVE VALUE:   30932.8747954227        NO. OF FUNC. EVALS.:  12
 CUMULATIVE NO. OF FUNC. EVALS.:      270
 NPARAMETR:  3.7305E-01  4.0726E+00  1.0793E+00  4.2100E+00  1.3039E+00  4.4974E-01 -3.5774E-02  2.2381E-01  7.2120E-02  1.3090E-01
             8.6319E-02  7.7258E-02  1.3462E-01  3.9753E-02
 PARAMETER:  7.4610E-02  1.1636E-01  1.0793E-01  1.0525E-01  6.5193E-02  4.4974E-02 -3.5774E-03  1.5625E-01  6.8175E-01  1.2374E+00
            -4.7571E-01  6.5663E-01 -7.2072E-01 -1.4666E-02
 GRADIENT:   3.7944E+01  4.9175E+02 -7.8795E+01 -3.8429E+01  2.8128E+02  7.9642E+01 -1.1270E+00 -6.1979E-01  8.8302E-02  1.6222E+00
            -1.3396E+00  2.8730E+00  5.2278E+00 -5.2264E+00

0ITERATION NO.:   23    OBJECTIVE VALUE:   30932.8747954227        NO. OF FUNC. EVALS.:  27
 CUMULATIVE NO. OF FUNC. EVALS.:      297
 NPARAMETR:  3.7305E-01  4.0726E+00  1.0793E+00  4.2100E+00  1.3039E+00  4.4974E-01 -3.5774E-02  2.2381E-01  7.2120E-02  1.3090E-01
             8.6319E-02  7.7258E-02  1.3462E-01  3.9753E-02
 PARAMETER:  7.4610E-02  1.1636E-01  1.0793E-01  1.0525E-01  6.5193E-02  4.4974E-02 -3.5774E-03  1.5625E-01  6.8175E-01  1.2374E+00
            -4.7571E-01  6.5663E-01 -7.2072E-01 -1.4666E-02
 GRADIENT:   3.3385E+01 -2.2741E+03 -8.9391E+02 -7.1371E+02  2.0988E+02 -1.4430E+01 -5.9654E+01 -6.1979E-01  8.8302E-02  1.6222E+00
            -1.3396E+00  2.8730E+00  5.2278E+00 -5.8554E+00

0ITERATION NO.:   24    OBJECTIVE VALUE:   30929.6625061894        NO. OF FUNC. EVALS.:  27
 CUMULATIVE NO. OF FUNC. EVALS.:      324
 NPARAMETR:  4.0291E-01  4.1032E+00  1.1158E+00  4.2127E+00  1.2921E+00  4.4802E-01  1.7120E-02  2.1570E-01  7.0767E-02  1.3183E-01
             8.4912E-02  7.5562E-02  1.3567E-01  3.9858E-02
 PARAMETER:  8.0582E-02  1.1723E-01  1.1158E-01  1.0532E-01  6.4607E-02  4.4802E-02  1.7120E-03  1.3778E-01  6.8144E-01  1.2694E+00
            -4.8682E-01  6.1161E-01 -7.2566E-01 -1.3349E-02
 GRADIENT:  -3.1605E+01 -3.1338E+02 -3.1610E+02  4.1784E+02 -9.5947E+01 -5.2630E+01  7.9924E+01 -1.8954E+00 -2.3997E+00  8.1686E+00
             2.3742E-01 -1.8392E+00  8.2683E+00 -5.7058E+00

0ITERATION NO.:   25    OBJECTIVE VALUE:   30929.2055935449        NO. OF FUNC. EVALS.:  25
 CUMULATIVE NO. OF FUNC. EVALS.:      349
 NPARAMETR:  4.2100E-01  4.1170E+00  1.1359E+00  4.2119E+00  1.2911E+00  4.5735E-01 -1.4416E-02  2.1174E-01  6.9183E-02  1.2257E-01
             8.3357E-02  7.1758E-02  1.2585E-01  3.9964E-02
 PARAMETER:  8.4199E-02  1.1763E-01  1.1359E-01  1.0530E-01  6.4557E-02  4.5735E-02 -1.4416E-03  1.2852E-01  6.7238E-01  1.1912E+00
            -4.9451E-01  6.0486E-01 -7.2343E-01 -1.2017E-02
 GRADIENT:  -5.8989E+01  7.4522E+01  1.8743E+02  4.0924E+02 -2.4432E+02 -4.0558E+00 -7.1904E+01 -6.1266E-01  3.7201E+00 -6.1712E+00
            -1.8035E+00 -3.7049E+00  5.3924E-01  6.3031E+00

0ITERATION NO.:   26    OBJECTIVE VALUE:   30928.8969965175        NO. OF FUNC. EVALS.:  25
 CUMULATIVE NO. OF FUNC. EVALS.:      374
 NPARAMETR:  4.2562E-01  4.1144E+00  1.1320E+00  4.2086E+00  1.2929E+00  4.5570E-01  1.3123E-02  2.1736E-01  6.8745E-02  1.2943E-01
             8.4012E-02  7.4738E-02  1.3186E-01  3.9887E-02
 PARAMETER:  8.5123E-02  1.1755E-01  1.1320E-01  1.0522E-01  6.4645E-02  4.5570E-02  1.3123E-03  1.4162E-01  6.5943E-01  1.2416E+00
            -4.8217E-01  6.3685E-01 -7.4904E-01 -1.2989E-02
 GRADIENT:  -5.3861E+00 -2.9828E+01 -4.2399E+01 -2.6111E+02  6.0863E+01 -2.0573E+00  4.7257E+01 -1.3972E-01 -1.0060E+00  3.1794E+00
            -7.0700E-02  6.1956E-01  2.8496E+00 -4.2485E+00

0ITERATION NO.:   27    OBJECTIVE VALUE:   30928.8304933871        NO. OF FUNC. EVALS.:  25
 CUMULATIVE NO. OF FUNC. EVALS.:      399
 NPARAMETR:  4.2878E-01  4.1163E+00  1.1326E+00  4.2093E+00  1.2907E+00  4.5683E-01  2.2347E-03  2.1644E-01  6.8047E-02  1.2772E-01
             8.3496E-02  7.3727E-02  1.2978E-01  3.9915E-02
 PARAMETER:  8.5755E-02  1.1761E-01  1.1326E-01  1.0523E-01  6.4535E-02  4.5683E-02  2.2347E-04  1.3951E-01  6.5411E-01  1.2277E+00
            -4.8351E-01  6.3342E-01 -7.5142E-01 -1.2637E-02
 GRADIENT:  -5.3506E+00  1.0875E+02 -2.9616E+01 -1.8680E+01 -1.2848E+01  7.4169E+00  8.0033E+00  1.2548E-01 -2.4225E-01  3.4950E-01
             3.1718E-02 -2.8593E-01  1.2537E+00 -1.1962E+00

0ITERATION NO.:   28    OBJECTIVE VALUE:   30928.8248058255        NO. OF FUNC. EVALS.:  25
 CUMULATIVE NO. OF FUNC. EVALS.:      424
 NPARAMETR:  4.2994E-01  4.1163E+00  1.1338E+00  4.2092E+00  1.2911E+00  4.5635E-01 -7.2914E-04  2.1652E-01  6.8165E-02  1.2783E-01
             8.3670E-02  7.4047E-02  1.2983E-01  3.9931E-02
 PARAMETER:  8.5988E-02  1.1761E-01  1.1338E-01  1.0523E-01  6.4555E-02  4.5635E-02 -7.2914E-05  1.3968E-01  6.5513E-01  1.2285E+00
            -4.8264E-01  6.3721E-01 -7.5504E-01 -1.2429E-02
 GRADIENT:  -2.5472E+00 -3.5798E+01  2.1315E+01 -6.5729E+01 -2.0454E+01  1.8303E+00 -6.0139E+00 -3.3577E-02  3.3623E-01  5.3429E-02
            -8.0205E-02  4.3819E-01  7.7298E-01  7.5772E-01

0ITERATION NO.:   29    OBJECTIVE VALUE:   30928.8214698097        NO. OF FUNC. EVALS.:  25
 CUMULATIVE NO. OF FUNC. EVALS.:      449
 NPARAMETR:  4.3103E-01  4.1167E+00  1.1335E+00  4.2091E+00  1.2910E+00  4.5659E-01  1.4205E-04  2.1667E-01  6.7777E-02  1.2793E-01
             8.3432E-02  7.3694E-02  1.2930E-01  3.9923E-02
 PARAMETER:  8.6206E-02  1.1762E-01  1.1335E-01  1.0523E-01  6.4548E-02  4.5659E-02  1.4205E-05  1.4004E-01  6.5117E-01  1.2291E+00
            -4.8248E-01  6.3471E-01 -7.6138E-01 -1.2538E-02
 GRADIENT:   7.0530E-01  7.0868E+01 -1.0760E+01 -3.3768E+01  4.1209E+00  6.9102E+00  1.4615E-01  3.9163E-01 -2.4121E-01 -2.1269E-01
             3.1053E-01 -2.0569E-01  7.5034E-02 -1.1365E+00

0ITERATION NO.:   30    OBJECTIVE VALUE:   30928.8199818537        NO. OF FUNC. EVALS.:  25
 CUMULATIVE NO. OF FUNC. EVALS.:      474
 NPARAMETR:  4.3048E-01  4.1164E+00  1.1334E+00  4.2093E+00  1.2911E+00  4.5614E-01  1.8989E-04  2.1635E-01  6.7860E-02  1.2803E-01
             8.3488E-02  7.3846E-02  1.2951E-01  3.9931E-02
 PARAMETER:  8.6097E-02  1.1761E-01  1.1334E-01  1.0523E-01  6.4554E-02  4.5614E-02  1.8989E-05  1.3928E-01  6.5246E-01  1.2310E+00
            -4.8271E-01  6.3508E-01 -7.6200E-01 -1.2433E-02
 GRADIENT:   4.2667E-01  2.5301E+01 -4.9143E+00 -1.9288E+01 -2.2197E+00  2.7387E+00 -5.0254E-02  1.3750E-01 -8.7506E-02 -1.3792E-03
             7.0526E-02  4.5037E-02  1.5248E-01 -1.9738E-01

0ITERATION NO.:   31    OBJECTIVE VALUE:   30928.8195562663        NO. OF FUNC. EVALS.:  25
 CUMULATIVE NO. OF FUNC. EVALS.:      499
 NPARAMETR:  4.3008E-01  4.1161E+00  1.1335E+00  4.2094E+00  1.2914E+00  4.5583E-01  2.5902E-04  2.1610E-01  6.7929E-02  1.2810E-01
             8.3532E-02  7.3902E-02  1.2952E-01  3.9934E-02
 PARAMETER:  8.6015E-02  1.1760E-01  1.1335E-01  1.0524E-01  6.4568E-02  4.5583E-02  2.5902E-05  1.3871E-01  6.5349E-01  1.2323E+00
            -4.8289E-01  6.3420E-01 -7.6351E-01 -1.2392E-02
 GRADIENT:  -7.4207E-02 -4.0002E+00  1.1943E+00 -1.0903E+01 -1.5775E+00  1.2019E-02 -1.4158E-01  2.0938E-02  6.9821E-03  2.2840E-02
             8.4124E-03  4.3514E-02  5.5125E-02  3.7571E-03

0ITERATION NO.:   32    OBJECTIVE VALUE:   30928.8195338877        NO. OF FUNC. EVALS.:  25
 CUMULATIVE NO. OF FUNC. EVALS.:      524
 NPARAMETR:  4.3004E-01  4.1161E+00  1.1334E+00  4.2094E+00  1.2914E+00  4.5579E-01  2.6841E-04  2.1601E-01  6.7911E-02  1.2809E-01
             8.3519E-02  7.3887E-02  1.2949E-01  3.9935E-02
 PARAMETER:  8.6007E-02  1.1760E-01  1.1334E-01  1.0524E-01  6.4569E-02  4.5579E-02  2.6841E-05  1.3850E-01  6.5346E-01  1.2326E+00
            -4.8298E-01  6.3387E-01 -7.6407E-01 -1.2379E-02
 GRADIENT:  -3.9471E-02 -1.3852E+00  1.6316E-01 -1.4424E+00 -9.5177E-01 -1.7233E-01  1.0751E-02 -1.9196E-03  3.0980E-03  6.3731E-03
            -1.2400E-02  1.3844E-02  3.9250E-03  2.9568E-02

0ITERATION NO.:   33    OBJECTIVE VALUE:   30928.8195338877        NO. OF FUNC. EVALS.:  16
 CUMULATIVE NO. OF FUNC. EVALS.:      540
 NPARAMETR:  4.3004E-01  4.1161E+00  1.1334E+00  4.2094E+00  1.2914E+00  4.5579E-01  2.6841E-04  2.1601E-01  6.7911E-02  1.2809E-01
             8.3519E-02  7.3887E-02  1.2949E-01  3.9935E-02
 PARAMETER:  8.6007E-02  1.1760E-01  1.1334E-01  1.0524E-01  6.4569E-02  4.5579E-02  2.6841E-05  1.3850E-01  6.5346E-01  1.2326E+00
            -4.8298E-01  6.3387E-01 -7.6407E-01 -1.2379E-02
 GRADIENT:  -3.9471E-02 -1.3852E+00  1.6316E-01 -1.4424E+00 -9.5177E-01 -1.7233E-01  1.0751E-02 -1.9196E-03  3.0980E-03  6.3731E-03
            -1.2400E-02  1.3844E-02  3.9250E-03  2.9568E-02

 #TERM:
0MINIMIZATION SUCCESSFUL
 NO. OF FUNCTION EVALUATIONS USED:      540
 NO. OF SIG. DIGITS IN FINAL EST.:  3.9

 ETABAR IS THE ARITHMETIC MEAN OF THE ETA-ESTIMATES,
 AND THE P-VALUE IS GIVEN FOR THE NULL HYPOTHESIS THAT THE TRUE MEAN IS 0.

 ETABAR:        -1.4382E-02 -1.7866E-03  9.2497E-04
 SE:             3.1330E-02  2.1569E-02  2.8127E-02
 N:                     160         160         160

 P VAL.:         6.4620E-01  9.3399E-01  9.7377E-01

 ETASHRINKSD(%)  1.4465E+01  5.2977E+00  8.1926E-01
 ETASHRINKVR(%)  2.6837E+01  1.0315E+01  1.6318E+00
 EBVSHRINKSD(%)  1.4702E+01  5.6325E+00  1.1094E+00
 EBVSHRINKVR(%)  2.7243E+01  1.0948E+01  2.2065E+00
 EPSSHRINKSD(%)  5.0495E+00
 EPSSHRINKVR(%)  9.8441E+00

  
 TOTAL DATA POINTS NORMALLY DISTRIBUTED (N):         3142
 N*LOG(2PI) CONSTANT TO OBJECTIVE FUNCTION:    5774.6097426581628     
 OBJECTIVE FUNCTION VALUE WITHOUT CONSTANT:    30928.819533887694     
 OBJECTIVE FUNCTION VALUE WITH CONSTANT:       36703.429276545859     
 REPORTED OBJECTIVE FUNCTION DOES NOT CONTAIN CONSTANT
  
 TOTAL EFFECTIVE ETAS (NIND*NETA):                           480
  
 #TERE:
 Elapsed estimation  time in seconds:    26.93
 Elapsed covariance  time in seconds:    14.05
 Elapsed postprocess time in seconds:     1.63
1
 
 
 
 
 
 
 
 
 
 
 
 
 
 
 
 
 
 
 
 
 ************************************************************************************************************************
 ********************                                                                                ********************
 ********************               FIRST ORDER CONDITIONAL ESTIMATION WITH INTERACTION              ********************
 #OBJT:**************                       MINIMUM VALUE OF OBJECTIVE FUNCTION                      ********************
 ********************                                                                                ********************
 ************************************************************************************************************************
 





 #OBJV:********************************************    30928.820       **************************************************
1
 ************************************************************************************************************************
 ********************                                                                                ********************
 ********************               FIRST ORDER CONDITIONAL ESTIMATION WITH INTERACTION              ********************
 ********************                             FINAL PARAMETER ESTIMATE                           ********************
 ********************                                                                                ********************
 ************************************************************************************************************************
 


 THETA - VECTOR OF FIXED EFFECTS PARAMETERS   *********


         TH 1      TH 2      TH 3      TH 4      TH 5      TH 6      TH 7     
 
         4.30E-01  4.12E+00  1.13E+00  4.21E+00  1.29E+00  4.56E-01  2.68E-04
 


 OMEGA - COV MATRIX FOR RANDOM EFFECTS - ETAS  ********


         ETA1      ETA2      ETA3     
 
 ETA1
+        2.16E-01
 
 ETA2
+        6.79E-02  8.35E-02
 
 ETA3
+        1.28E-01  7.39E-02  1.29E-01
 


 SIGMA - COV MATRIX FOR RANDOM EFFECTS - EPSILONS  ****


         EPS1     
 
 EPS1
+        3.99E-02
 
1


 OMEGA - CORR MATRIX FOR RANDOM EFFECTS - ETAS  *******


         ETA1      ETA2      ETA3     
 
 ETA1
+        4.65E-01
 
 ETA2
+        5.06E-01  2.89E-01
 
 ETA3
+        7.66E-01  7.10E-01  3.60E-01
 


 SIGMA - CORR MATRIX FOR RANDOM EFFECTS - EPSILONS  ***


         EPS1     
 
 EPS1
+        2.00E-01
 
1
 ************************************************************************************************************************
 ********************                                                                                ********************
 ********************               FIRST ORDER CONDITIONAL ESTIMATION WITH INTERACTION              ********************
 ********************                            STANDARD ERROR OF ESTIMATE                          ********************
 ********************                                                                                ********************
 ************************************************************************************************************************
 


 THETA - VECTOR OF FIXED EFFECTS PARAMETERS   *********


         TH 1      TH 2      TH 3      TH 4      TH 5      TH 6      TH 7     
 
         6.24E-02  2.77E-02  2.94E-02  1.91E-02  3.50E-02  4.24E-02  7.45E-02
 


 OMEGA - COV MATRIX FOR RANDOM EFFECTS - ETAS  ********


         ETA1      ETA2      ETA3     
 
 ETA1
+        5.09E-02
 
 ETA2
+        1.95E-02  9.97E-03
 
 ETA3
+        2.22E-02  9.82E-03  1.54E-02
 


 SIGMA - COV MATRIX FOR RANDOM EFFECTS - EPSILONS  ****


         EPS1     
 
 EPS1
+        1.23E-03
 
1


 OMEGA - CORR MATRIX FOR RANDOM EFFECTS - ETAS  *******


         ETA1      ETA2      ETA3     
 
 ETA1
+        5.48E-02
 
 ETA2
+        9.71E-02  1.72E-02
 
 ETA3
+        7.13E-02  4.23E-02  2.14E-02
 


 SIGMA - CORR MATRIX FOR RANDOM EFFECTS - EPSILONS  ***


         EPS1     
 
 EPS1
+        3.08E-03
 
1
 ************************************************************************************************************************
 ********************                                                                                ********************
 ********************               FIRST ORDER CONDITIONAL ESTIMATION WITH INTERACTION              ********************
 ********************                          COVARIANCE MATRIX OF ESTIMATE                         ********************
 ********************                                                                                ********************
 ************************************************************************************************************************
 

            TH 1      TH 2      TH 3      TH 4      TH 5      TH 6      TH 7      OM11      OM12      OM13      OM22      OM23  
             OM33      SG11  
 
 TH 1
+        3.89E-03
 
 TH 2
+        1.04E-03  7.67E-04
 
 TH 3
+        9.00E-04  5.20E-04  8.67E-04
 
 TH 4
+       -2.93E-04 -9.50E-05 -1.09E-05  3.65E-04
 
 TH 5
+       -1.06E-03 -4.35E-04 -1.86E-04  1.34E-04  1.22E-03
 
 TH 6
+       -6.73E-05  1.09E-04  2.82E-04  4.29E-05 -1.13E-04  1.80E-03
 
 TH 7
+       -2.62E-04  1.31E-04  3.42E-04  1.03E-04 -3.71E-04 -2.97E-04  5.55E-03
 
 OM11
+        7.95E-04  7.29E-05 -3.36E-05 -6.21E-05 -4.25E-05 -3.40E-04 -4.14E-04  2.59E-03
 
 OM12
+        1.22E-04 -2.14E-05  1.79E-05 -1.32E-05  1.43E-04 -6.09E-05 -1.66E-04  6.27E-04  3.81E-04
 
 OM13
+        3.59E-04  4.58E-05 -1.75E-05 -3.22E-05 -1.32E-05 -1.79E-04 -1.15E-04  8.36E-04  2.93E-04  4.92E-04
 
 OM22
+        4.35E-06 -1.41E-05 -7.02E-06 -8.99E-06  8.39E-05 -3.98E-05 -7.87E-05  1.80E-04  1.44E-04  1.03E-04  9.94E-05
 
 OM23
+        1.73E-05 -1.56E-05 -1.14E-05  2.61E-07  5.73E-05 -3.16E-05 -6.94E-05  1.81E-04  1.39E-04  1.43E-04  7.30E-05  9.64E-05
 
 OM33
+       -9.70E-06  8.35E-06 -5.03E-05  1.45E-05 -2.16E-05 -3.81E-05  1.26E-04  1.66E-04  1.01E-04  1.90E-04  4.18E-05  1.08E-04
          2.37E-04
 
 SG11
+        6.01E-06  1.95E-06  7.31E-06  1.88E-06  3.70E-07  4.53E-06  1.19E-05 -9.54E-06 -1.23E-06  6.93E-07 -1.19E-06  3.59E-07
          1.85E-06  1.52E-06
 
1
 ************************************************************************************************************************
 ********************                                                                                ********************
 ********************               FIRST ORDER CONDITIONAL ESTIMATION WITH INTERACTION              ********************
 ********************                          CORRELATION MATRIX OF ESTIMATE                        ********************
 ********************                                                                                ********************
 ************************************************************************************************************************
 

            TH 1      TH 2      TH 3      TH 4      TH 5      TH 6      TH 7      OM11      OM12      OM13      OM22      OM23  
             OM33      SG11  
 
 TH 1
+        6.24E-02
 
 TH 2
+        6.00E-01  2.77E-02
 
 TH 3
+        4.90E-01  6.38E-01  2.94E-02
 
 TH 4
+       -2.46E-01 -1.80E-01 -1.94E-02  1.91E-02
 
 TH 5
+       -4.84E-01 -4.48E-01 -1.81E-01  2.01E-01  3.50E-02
 
 TH 6
+       -2.55E-02  9.25E-02  2.26E-01  5.30E-02 -7.59E-02  4.24E-02
 
 TH 7
+       -5.64E-02  6.34E-02  1.56E-01  7.26E-02 -1.42E-01 -9.42E-02  7.45E-02
 
 OM11
+        2.50E-01  5.17E-02 -2.24E-02 -6.39E-02 -2.38E-02 -1.58E-01 -1.09E-01  5.09E-02
 
 OM12
+        1.00E-01 -3.95E-02  3.11E-02 -3.55E-02  2.09E-01 -7.37E-02 -1.14E-01  6.31E-01  1.95E-02
 
 OM13
+        2.59E-01  7.46E-02 -2.68E-02 -7.60E-02 -1.71E-02 -1.90E-01 -6.96E-02  7.40E-01  6.78E-01  2.22E-02
 
 OM22
+        6.99E-03 -5.09E-02 -2.39E-02 -4.72E-02  2.40E-01 -9.41E-02 -1.06E-01  3.54E-01  7.39E-01  4.66E-01  9.97E-03
 
 OM23
+        2.83E-02 -5.73E-02 -3.94E-02  1.39E-03  1.67E-01 -7.59E-02 -9.49E-02  3.63E-01  7.28E-01  6.55E-01  7.46E-01  9.82E-03
 
 OM33
+       -1.01E-02  1.96E-02 -1.11E-01  4.94E-02 -4.00E-02 -5.84E-02  1.10E-01  2.13E-01  3.35E-01  5.58E-01  2.73E-01  7.16E-01
          1.54E-02
 
 SG11
+        7.82E-02  5.72E-02  2.02E-01  7.99E-02  8.57E-03  8.67E-02  1.29E-01 -1.52E-01 -5.14E-02  2.54E-02 -9.72E-02  2.97E-02
          9.76E-02  1.23E-03
 
1
 ************************************************************************************************************************
 ********************                                                                                ********************
 ********************               FIRST ORDER CONDITIONAL ESTIMATION WITH INTERACTION              ********************
 ********************                      INVERSE COVARIANCE MATRIX OF ESTIMATE                     ********************
 ********************                                                                                ********************
 ************************************************************************************************************************
 

            TH 1      TH 2      TH 3      TH 4      TH 5      TH 6      TH 7      OM11      OM12      OM13      OM22      OM23  
             OM33      SG11  
 
 TH 1
+        5.95E+02
 
 TH 2
+       -3.30E+02  3.23E+03
 
 TH 3
+       -3.75E+02 -1.64E+03  2.78E+03
 
 TH 4
+        1.80E+02  2.97E+02 -3.49E+02  3.08E+03
 
 TH 5
+        3.47E+02  5.26E+02 -4.24E+02 -1.90E+02  1.41E+03
 
 TH 6
+        9.37E+01  6.08E+01 -3.37E+02 -3.50E+01  1.53E+02  6.64E+02
 
 TH 7
+        6.55E+01  9.24E+01 -2.25E+02 -2.63E+01  1.14E+02  8.32E+01  2.30E+02
 
 OM11
+       -5.92E+01  5.09E+01  5.84E+01 -1.24E+02  6.89E+01  1.50E+01  1.97E+01  1.24E+03
 
 OM12
+        5.86E+01  2.70E+02 -5.17E+02  1.19E+02 -4.64E+02 -2.63E+02 -1.02E+02 -1.47E+03  1.17E+04
 
 OM13
+       -3.77E+02 -1.96E+02  4.02E+02  2.64E+02 -3.72E+01  3.20E+02  3.22E+01 -2.01E+03 -1.51E+03  9.13E+03
 
 OM22
+        2.01E+02 -1.84E+03  1.40E+03  3.43E+02 -5.14E+02  1.50E+02 -4.04E+02  2.02E+02 -5.61E+03  8.76E+02  3.88E+04
 
 OM23
+       -3.72E+02  3.19E+03 -2.60E+03  4.07E+01 -1.51E+02  1.92E+02  1.12E+03  2.32E+03 -1.12E+04 -4.18E+03 -3.61E+04  9.02E+04
 
 OM33
+        4.25E+02 -1.64E+03  1.53E+03 -5.08E+02  3.66E+02 -2.52E+02 -5.72E+02  2.30E+02  3.25E+03 -3.34E+03  1.16E+04 -2.95E+04
          1.76E+04
 
 SG11
+       -1.65E+03  4.10E+03 -6.86E+03 -2.80E+03 -2.21E+03 -1.34E+03 -1.20E+03  6.69E+03 -1.30E+03 -1.40E+04  1.85E+04 -5.82E+03
         -8.44E+02  7.75E+05
 
1
 
 
 
 
 
 
 
 
 
 
 
 
 
 
 
 
 
 
 
 
 ************************************************************************************************************************
 ********************                                                                                ********************
 ********************               FIRST ORDER CONDITIONAL ESTIMATION WITH INTERACTION              ********************
 ********************                      EIGENVALUES OF COR MATRIX OF ESTIMATE                     ********************
 ********************                                                                                ********************
 ************************************************************************************************************************
 

             1         2         3         4         5         6         7         8         9        10        11        12
             13        14
 
         7.18E-02  1.47E-01  1.70E-01  2.50E-01  3.26E-01  5.11E-01  7.07E-01  8.61E-01  8.81E-01  9.62E-01  1.22E+00  1.42E+00
          2.60E+00  3.87E+00
 
 Elapsed finaloutput time in seconds:     1.16
 #CPUT: Total CPU Time in Seconds,       37.392
Stop Time:
Tue Jan  4 21:07:52 EST 2022
