Starting NMTRAN
  
 WARNINGS AND ERRORS (IF ANY) FOR PROBLEM    1
             
 (WARNING  2) NM-TRAN INFERS THAT THE DATA ARE POPULATION.
  
Note: Analytical 2nd Derivatives are constructed in FSUBS but are never used.
      You may insert $ABBR DERIV2=NO after the first $PROB to save FSUBS construction and compilation time
  
Recompiling certain components
Building NONMEM Executable
Starting nonmem execution ...
License Registered to: Metrum Research Group
Expiration Date:    14 JUL 2024
Current Date:       12 MAR 2024
Days until program expires : 122


 First Order Conditional Estimation with Interaction
 MONITORING OF SEARCH:


0ITERATION NO.:    0    OBJECTIVE VALUE:   118345.217457196        NO. OF FUNC. EVALS.:   8
 CUMULATIVE NO. OF FUNC. EVALS.:        8
 NPARAMETR:  4.2000E-01  4.0600E+00  1.1100E+00  4.2800E+00  1.3100E+00  2.0000E-02  1.0000E-02  1.0000E-02  2.0000E-02  1.0000E-02
             9.0000E-02  1.0000E+03
 PARAMETER:  1.0000E-01  1.0000E-01  1.0000E-01  1.0000E-01  1.0000E-01  1.0000E-01  1.0000E-01  1.0000E-01  1.0000E-01  1.0000E-01
             1.0000E-01  1.0000E-01
 GRADIENT:   3.6496E+03  6.1509E+04  1.6685E+04  1.6805E+05 -1.9883E+04 -1.8117E+03  7.8003E+02  2.1268E+02 -9.0177E+02 -1.3980E+02
            -2.2311E+02 -1.8163E+05

0ITERATION NO.:    1    OBJECTIVE VALUE:   117471.860340695        NO. OF FUNC. EVALS.:  12
 CUMULATIVE NO. OF FUNC. EVALS.:       20
 NPARAMETR:  4.1968E-01  4.0084E+00  1.1062E+00  4.1315E+00  1.3154E+00  2.0001E-02  9.9988E-03  9.9999E-03  1.9999E-02  9.9992E-03
             9.0000E-02  1.0075E+03
 PARAMETER:  9.9925E-02  9.8730E-02  9.9656E-02  9.6530E-02  1.0041E-01  1.0004E-01  9.9984E-02  9.9996E-02  1.0002E-01  1.0000E-01
             1.0000E-01  1.0375E-01
 GRADIENT:   4.6046E+03  1.8632E+04  1.7351E+04 -1.0724E+04 -2.0293E+04 -1.7841E+03  8.3233E+02  2.8207E+02 -9.8826E+02 -1.0234E+02
            -2.2517E+02 -1.7978E+05

0ITERATION NO.:    2    OBJECTIVE VALUE:   90187.4823918182        NO. OF FUNC. EVALS.:   9
 CUMULATIVE NO. OF FUNC. EVALS.:       29
 NPARAMETR:  3.5307E-01  1.2455E+00  4.4008E-01  5.0860E+00  2.2352E+00  2.0250E-02  9.7712E-03  9.9642E-03  1.9818E-02  9.8433E-03
             9.0046E-02  3.4991E+03
 PARAMETER:  8.4064E-02  3.0677E-02  3.9647E-02  1.1883E-01  1.7062E-01  1.0622E-01  9.7107E-02  9.9025E-02  1.0343E-01  1.0036E-01
             1.0078E-01  7.2625E-01
 GRADIENT:   8.4387E+04 -8.7578E+04 -4.4763E+04  7.1006E+05 -6.5099E+04 -3.3426E+04  2.6852E+04  2.3028E+04 -4.6414E+03 -7.9861E+02
            -6.2526E+03 -8.1606E+04

0ITERATION NO.:    3    OBJECTIVE VALUE:   58224.7548734205        NO. OF FUNC. EVALS.:   9
 CUMULATIVE NO. OF FUNC. EVALS.:       38
 NPARAMETR:  1.3639E-01  4.9819E+00  3.7307E-01  4.2646E+00  3.0955E+00  2.1061E-02  8.4296E-03  8.9106E-03  1.8600E-02  8.6472E-03
             8.9518E-02  6.6632E+03
 PARAMETER:  3.2473E-02  1.2271E-01  3.3610E-02  9.9640E-02  2.3630E-01  1.2586E-01  8.2145E-02  8.6832E-02  1.0749E-01  1.0086E-01
             1.0430E-01  1.0483E+00
 GRADIENT:  -1.1940E+04  4.9524E+05 -2.2752E+04  4.4690E+05  1.1349E+05  2.5802E+02 -8.2308E+03  1.0224E+03 -1.1248E+04  5.7304E+03
            -2.1239E+03 -4.0480E+04

0ITERATION NO.:    4    OBJECTIVE VALUE:   44401.7305717906        NO. OF FUNC. EVALS.:   9
 CUMULATIVE NO. OF FUNC. EVALS.:       47
 NPARAMETR: -6.8193E-01  3.3417E+00  1.9982E+00  4.7324E+00  2.5242E+00  2.4680E-02  3.4582E-03  3.1606E-03  1.6705E-02  5.2381E-03
             8.9090E-02  9.2126E+03
 PARAMETER: -1.6237E-01  8.2307E-02  1.8002E-01  1.1057E-01  1.9269E-01  2.0514E-01  3.1130E-02  2.8452E-02  1.3912E-01  9.2225E-02
             1.2307E-01  1.2103E+00
 GRADIENT:  -6.1645E+02  5.3212E+04  3.0558E+04  2.7214E+05  7.5728E+04 -1.3542E+02  3.6854E+02 -3.0983E+02 -4.5978E+02 -1.2496E+03
            -2.3371E+03 -2.0938E+04

0ITERATION NO.:    5    OBJECTIVE VALUE:   43024.2945662544        NO. OF FUNC. EVALS.:  10
 CUMULATIVE NO. OF FUNC. EVALS.:       57
 NPARAMETR: -7.4357E-01  3.4524E+00  2.0250E+00  4.7097E+00  2.2175E+00  2.4973E-02  3.0375E-03  2.7024E-03  1.6669E-02  5.1209E-03
             8.9322E-02  9.4695E+03
 PARAMETER: -1.7704E-01  8.5034E-02  1.8243E-01  1.1004E-01  1.6927E-01  2.1102E-01  2.7183E-02  2.4184E-02  1.4154E-01  9.1944E-02
             1.2509E-01  1.2240E+00
 GRADIENT:  -2.2241E+03  5.3619E+04  3.0608E+04  1.8692E+05  3.1551E+04 -1.9911E+02  3.1723E+02  1.4529E+02 -4.6397E+02 -1.2259E+03
            -2.3685E+03 -1.7893E+04

0ITERATION NO.:    6    OBJECTIVE VALUE:   41537.9152613399        NO. OF FUNC. EVALS.:   9
 CUMULATIVE NO. OF FUNC. EVALS.:       66
 NPARAMETR: -1.1404E+00  2.8046E+00  8.7063E-01  4.8367E+00  2.1830E+00  2.7358E-02 -7.4498E-04 -1.4143E-03  1.6870E-02  5.1487E-03
             9.3738E-02  9.5632E+03
 PARAMETER: -2.7153E-01  6.9078E-02  7.8435E-02  1.1301E-01  1.6664E-01  2.5664E-01 -6.3696E-03 -1.2092E-02  1.5814E-01  9.6431E-02
             1.5010E-01  1.2290E+00
 GRADIENT:   1.9328E+03  2.1976E+04 -2.5321E+03  1.6861E+05  2.9252E+04 -1.5100E+02  1.2172E+02  2.9151E+02 -2.3072E+02 -2.0302E+01
            -3.2856E+02 -1.7193E+04

0ITERATION NO.:    7    OBJECTIVE VALUE:   41390.2677207600        NO. OF FUNC. EVALS.:  10
 CUMULATIVE NO. OF FUNC. EVALS.:       76
 NPARAMETR: -1.0176E+00  3.0211E+00  9.7413E-01  4.7881E+00  2.1813E+00  2.3525E-02  5.2062E-03 -1.7049E-02  2.0555E-02  3.0270E-03
             1.4126E-01  9.6324E+03
 PARAMETER: -2.4228E-01  7.4411E-02  8.7759E-02  1.1187E-01  1.6651E-01  1.8116E-01  4.8003E-02 -1.5720E-01  2.2868E-01  1.1958E-01
             3.0877E-01  1.2326E+00
 GRADIENT:   1.2533E+03  3.2897E+04  6.9118E+02  1.5378E+05  2.4322E+04 -1.7040E+02  1.5265E+02  6.3343E+01 -3.7261E+02  4.8909E+00
            -1.1578E+02 -1.6879E+04

0ITERATION NO.:    8    OBJECTIVE VALUE:   41387.2786931557        NO. OF FUNC. EVALS.:  11
 CUMULATIVE NO. OF FUNC. EVALS.:       87
 NPARAMETR: -1.0657E+00  3.0117E+00  9.5854E-01  4.7870E+00  2.1864E+00  2.1899E-02  5.0258E-03 -1.7690E-02  2.0987E-02  3.1030E-03
             1.4206E-01  9.6300E+03
 PARAMETER: -2.5374E-01  7.4179E-02  8.6355E-02  1.1184E-01  1.6690E-01  1.4535E-01  4.8030E-02 -1.6906E-01  2.3966E-01  1.2459E-01
             3.0345E-01  1.2324E+00
 GRADIENT:   9.8551E+01  3.9671E+04  1.3117E+02  1.5377E+05  2.6957E+04 -1.6521E+02  2.6416E+02  5.7164E+01 -3.9560E+02  2.7917E+01
            -1.1762E+02 -1.6872E+04

0ITERATION NO.:    9    OBJECTIVE VALUE:   41313.0969110660        NO. OF FUNC. EVALS.:   9
 CUMULATIVE NO. OF FUNC. EVALS.:       96
 NPARAMETR: -1.1801E+00  2.9211E+00  9.3409E-01  4.7964E+00  2.1814E+00  1.2540E-02 -7.6063E-03 -2.5827E-02  2.7903E-02  2.8003E-02
             1.7033E-01  9.6508E+03
 PARAMETER: -2.8098E-01  7.1948E-02  8.4153E-02  1.1207E-01  1.6652E-01 -1.3340E-01 -9.6059E-02 -3.2616E-01  3.1997E-01  1.9802E-01
             2.4154E-01  1.2335E+00
 GRADIENT:  -4.9214E+02  3.5184E+04 -1.3734E+03  1.5186E+05  2.8657E+04 -1.2823E+02  2.9163E+02 -9.9307E+01 -2.6754E+02  1.4335E+02
            -1.6247E+02 -1.6791E+04

0ITERATION NO.:   10    OBJECTIVE VALUE:   41256.7168772657        NO. OF FUNC. EVALS.:   9
 CUMULATIVE NO. OF FUNC. EVALS.:      105
 NPARAMETR: -1.2139E+00  3.0629E+00  8.7320E-01  4.7442E+00  2.2212E+00  6.2962E-03 -2.1559E-02 -2.0126E-02  1.1323E-01  7.0019E-02
             1.8318E-01  9.6691E+03
 PARAMETER: -2.8902E-01  7.5441E-02  7.8667E-02  1.1085E-01  1.6956E-01 -4.7789E-01 -3.8424E-01 -3.5870E-01  5.8302E-01  1.3648E-02
             2.7739E-01  1.2345E+00
 GRADIENT:  -2.0586E+03  2.8567E+04 -3.5694E+03  1.3740E+05  3.5350E+04 -1.0342E+02  1.0491E+02 -1.8320E+02 -1.3708E+02  1.4088E+02
            -1.8004E+02 -1.6609E+04

0ITERATION NO.:   11    OBJECTIVE VALUE:   41245.0873747950        NO. OF FUNC. EVALS.:   9
 CUMULATIVE NO. OF FUNC. EVALS.:      114
 NPARAMETR: -1.1353E+00  3.2091E+00  8.2490E-01  4.7065E+00  2.2309E+00  5.8881E-03 -2.2525E-02 -2.1456E-02  1.3719E-01  7.9560E-02
             1.8583E-01  9.6722E+03
 PARAMETER: -2.7030E-01  7.9042E-02  7.4316E-02  1.0996E-01  1.7030E-01 -5.1140E-01 -4.1513E-01 -3.9543E-01  7.1210E-01 -2.7297E-02
             2.2742E-01  1.2346E+00
 GRADIENT:  -1.4734E+03  3.2046E+04 -4.8325E+03  1.2606E+05  3.0642E+04 -6.0663E+01  9.0375E+01 -1.7121E+02 -1.7180E+02  2.0534E+02
            -2.1136E+02 -1.6512E+04

0ITERATION NO.:   12    OBJECTIVE VALUE:   41176.8576172630        NO. OF FUNC. EVALS.:  10
 CUMULATIVE NO. OF FUNC. EVALS.:      124
 NPARAMETR: -1.0826E+00  3.3767E+00  1.0260E+00  4.6666E+00  2.2825E+00  5.6444E-03 -2.7320E-02 -8.5978E-03  2.4270E-01  8.2357E-02
             1.5103E-01  9.6992E+03
 PARAMETER: -2.5777E-01  8.3171E-02  9.2430E-02  1.0903E-01  1.7424E-01 -5.3253E-01 -5.1426E-01 -1.6184E-01  1.0983E+00  3.0027E-01
             2.9427E-01  1.2360E+00
 GRADIENT:  -2.4098E+02  2.2367E+04 -1.0057E+03  1.2440E+05  3.2957E+04 -4.1793E+01  4.7983E+01 -6.5437E+01 -9.1666E+01  5.8271E+01
            -1.1770E+02 -1.6440E+04

0ITERATION NO.:   13    OBJECTIVE VALUE:   37337.6223878133        NO. OF FUNC. EVALS.:  13
 CUMULATIVE NO. OF FUNC. EVALS.:      137
 NPARAMETR: -1.6408E+00  2.4984E+00  7.5036E-01  4.8121E+00  1.7895E+00  5.8975E-03 -3.0280E-02 -3.3665E-02  1.6587E-01  1.4580E-01
             6.8928E-01  1.9966E+04
 PARAMETER: -3.9067E-01  6.1536E-02  6.7600E-02  1.1243E-01  1.3660E-01 -5.1060E-01 -5.5761E-01 -6.1996E-01 -8.2865E-02 -6.4951E-01
             9.1673E-01  1.5970E+00
 GRADIENT:  -1.1565E+02  1.2021E+04 -1.2041E+03  4.1827E+04  1.3899E+03 -2.4166E+01 -4.0572E+01 -1.0609E+02 -1.8369E+01 -8.1471E+00
             5.9515E+01 -4.6318E+03

0ITERATION NO.:   14    OBJECTIVE VALUE:   36687.6733938992        NO. OF FUNC. EVALS.:   9
 CUMULATIVE NO. OF FUNC. EVALS.:      146
 NPARAMETR: -2.0338E+00  1.7691E+00  1.1115E+00  4.9166E+00  1.5628E+00  1.6959E-02 -3.0590E-02 -2.6585E-02  5.9458E-02  4.8953E-02
             7.0465E-01  3.2695E+04
 PARAMETER: -4.8425E-01  4.3573E-02  1.0013E-01  1.1487E-01  1.1930E-01  1.7548E-02 -3.3219E-01 -2.8870E-01 -5.2676E-01  3.7466E-02
             1.1368E+00  1.8436E+00
 GRADIENT:  -1.2491E+03 -2.2512E+03  8.4415E+02  2.1143E+04  6.3165E+03 -3.1069E+01 -1.0154E+02 -4.5022E+01 -8.4177E+00  3.7866E+00
             1.6189E+02 -5.7427E+02

0ITERATION NO.:   15    OBJECTIVE VALUE:   36618.3832965672        NO. OF FUNC. EVALS.:   9
 CUMULATIVE NO. OF FUNC. EVALS.:      155
 NPARAMETR: -1.8864E+00  2.0292E+00  1.0975E+00  4.8377E+00  1.5907E+00  1.7232E-02 -3.5302E-02 -2.5809E-02  7.9697E-02  5.4035E-02
             5.8813E-01  3.4609E+04
 PARAMETER: -4.4915E-01  4.9979E-02  9.8876E-02  1.1303E-01  1.2143E-01  2.5509E-02 -3.8032E-01 -2.7805E-01 -2.5490E-01  3.3117E-02
             1.0429E+00  1.8721E+00
 GRADIENT:   3.5172E+02  3.1430E+03  6.0313E+02  1.8284E+04 -4.4947E+02  8.2233E+00 -6.4690E+01 -4.5964E+01 -8.0250E+00  3.6357E+00
             1.5100E+02 -1.0456E+02

0ITERATION NO.:   16    OBJECTIVE VALUE:   36558.7583777487        NO. OF FUNC. EVALS.:  10
 CUMULATIVE NO. OF FUNC. EVALS.:      165
 NPARAMETR: -1.8521E+00  1.9856E+00  1.0145E+00  4.7818E+00  1.5916E+00  3.1784E-02 -2.9548E-02 -2.2912E-02  3.3237E-02  2.1272E-02
             2.8619E-01  3.6968E+04
 PARAMETER: -4.4099E-01  4.8906E-02  9.1398E-02  1.1172E-01  1.2149E-01  3.3162E-01 -2.3439E-01 -1.8175E-01 -3.7786E-01 -8.9855E-04
             6.8718E-01  1.9050E+00
 GRADIENT:   9.4719E+02  2.2197E+03  5.0994E+01  1.4234E+04 -2.3941E+03  2.9994E+01 -3.5210E+01 -4.6860E+01 -1.1658E+01  6.5246E+00
             7.2891E+01  3.2192E+02

0ITERATION NO.:   17    OBJECTIVE VALUE:   36530.2644911909        NO. OF FUNC. EVALS.:  13
 CUMULATIVE NO. OF FUNC. EVALS.:      178
 NPARAMETR: -1.8419E+00  2.0341E+00  1.0173E+00  4.7227E+00  1.6207E+00  4.0748E-02 -2.9812E-02 -3.7543E-03  2.8774E-02  5.6548E-03
             1.6734E-01  3.6940E+04
 PARAMETER: -4.3855E-01  5.0101E-02  9.1650E-02  1.1034E-01  1.2372E-01  4.5583E-01 -2.0886E-01 -2.6302E-02 -2.8368E-01  8.5363E-02
             4.4389E-01  1.9046E+00
 GRADIENT:   7.6125E+02  3.3253E+03 -3.0959E+02  1.1993E+04 -2.2505E+03  3.9256E+01 -4.0193E+01 -6.1995E+00 -1.4580E+01  1.1096E+01
            -4.3819E+00  3.5615E+02

0ITERATION NO.:   18    OBJECTIVE VALUE:   36511.2487701554        NO. OF FUNC. EVALS.:   9
 CUMULATIVE NO. OF FUNC. EVALS.:      187
 NPARAMETR: -1.9035E+00  2.0134E+00  1.0514E+00  4.6644E+00  1.6634E+00  4.2888E-02 -2.8273E-02  1.7182E-02  2.6167E-02 -4.3936E-03
             1.2562E-01  3.4484E+04
 PARAMETER: -4.5322E-01  4.9590E-02  9.4722E-02  1.0898E-01  1.2697E-01  4.8143E-01 -1.9307E-01  1.1733E-01 -2.4467E-01  1.9573E-01
             2.4941E-01  1.8703E+00
 GRADIENT:  -1.6627E+02  2.6630E+03  3.8580E+02  1.0600E+04  1.0044E+03  2.1239E+01 -4.5027E+01  4.1506E+01 -1.5997E+01 -5.1344E+00
            -7.4362E+01 -8.0667E+00

0ITERATION NO.:   19    OBJECTIVE VALUE:   36505.3979376674        NO. OF FUNC. EVALS.:   9
 CUMULATIVE NO. OF FUNC. EVALS.:      196
 NPARAMETR: -1.9064E+00  1.9948E+00  1.0147E+00  4.6685E+00  1.6555E+00  3.8314E-02 -2.7105E-02  3.9089E-03  2.5705E-02  4.2669E-04
             1.3259E-01  3.4520E+04
 PARAMETER: -4.5390E-01  4.9134E-02  9.1417E-02  1.0908E-01  1.2637E-01  4.2504E-01 -1.9584E-01  2.8242E-02 -3.1591E-01  9.6769E-02
             3.2477E-01  1.8708E+00
 GRADIENT:  -7.4392E+01  2.1604E+03 -3.5088E+02  9.4332E+03  6.7791E+02  1.9284E+01 -4.2305E+01  1.1625E+01 -1.5176E+01  8.2288E+00
            -4.8937E+01 -5.3012E-01

0ITERATION NO.:   20    OBJECTIVE VALUE:   36499.2983959335        NO. OF FUNC. EVALS.:   9
 CUMULATIVE NO. OF FUNC. EVALS.:      205
 NPARAMETR: -1.9167E+00  1.9986E+00  1.0276E+00  4.6515E+00  1.6532E+00  3.1351E-02 -2.6847E-02 -6.1490E-03  2.9395E-02  7.6049E-03
             1.6696E-01  3.4675E+04
 PARAMETER: -4.5636E-01  4.9226E-02  9.2576E-02  1.0868E-01  1.2620E-01  3.2475E-01 -2.1443E-01 -4.9113E-02 -3.2550E-01  7.1594E-02
             4.4124E-01  1.8730E+00
 GRADIENT:  -3.1599E+02  2.2858E+03 -1.3713E+02  7.1376E+03  1.0332E+03  7.1636E+00 -4.0377E+01 -1.8178E+01 -1.3598E+01  1.2491E+01
             4.6815E+00  3.2222E+01

0ITERATION NO.:   21    OBJECTIVE VALUE:   36495.3708476872        NO. OF FUNC. EVALS.:   9
 CUMULATIVE NO. OF FUNC. EVALS.:      214
 NPARAMETR: -1.9167E+00  1.9791E+00  1.0121E+00  4.6100E+00  1.6606E+00  3.2932E-02 -2.1166E-02 -8.8838E-03  1.9241E-02  7.0851E-03
             1.5779E-01  3.4735E+04
 PARAMETER: -4.5637E-01  4.8747E-02  9.1182E-02  1.0771E-01  1.2676E-01  3.4936E-01 -1.6494E-01 -6.9232E-02 -3.8924E-01  4.4868E-02
             4.1047E-01  1.8739E+00
 GRADIENT:  -2.8438E+02  1.7907E+03 -5.2064E+02  3.1896E+03  8.9531E+02  3.8480E+00 -2.2212E+01 -2.8979E+01 -1.4714E+01  1.2925E+01
            -3.8488E+00  4.7375E+01

0ITERATION NO.:   22    OBJECTIVE VALUE:   36491.2202612678        NO. OF FUNC. EVALS.:   9
 CUMULATIVE NO. OF FUNC. EVALS.:      223
 NPARAMETR: -1.9108E+00  1.9571E+00  1.0644E+00  4.5629E+00  1.6674E+00  3.9325E-02 -1.2124E-02 -1.6353E-03  9.3112E-03  5.7538E-03
             1.4927E-01  3.5051E+04
 PARAMETER: -4.5494E-01  4.8205E-02  9.5896E-02  1.0661E-01  1.2728E-01  4.3806E-01 -8.6459E-02 -1.1662E-02 -3.9500E-01  1.7224E-01
             3.7437E-01  1.8784E+00
 GRADIENT:  -1.0883E+02  1.0844E+03  1.7138E+02 -3.3133E+02  5.5627E+02  4.4787E+00  3.8808E+00 -1.1792E+01 -1.7286E+01  1.4849E+01
            -7.3801E+00  1.0411E+02

0ITERATION NO.:   23    OBJECTIVE VALUE:   36490.9567385103        NO. OF FUNC. EVALS.:   9
 CUMULATIVE NO. OF FUNC. EVALS.:      232
 NPARAMETR: -1.9124E+00  1.9631E+00  1.0457E+00  4.5758E+00  1.6651E+00  3.7650E-02 -1.5113E-02 -2.4386E-03  1.1662E-02  4.8391E-03
             1.5149E-01  3.4742E+04
 PARAMETER: -4.5533E-01  4.8352E-02  9.4206E-02  1.0691E-01  1.2710E-01  4.1630E-01 -1.1015E-01 -1.7774E-02 -3.9306E-01  1.2641E-01
             3.8943E-01  1.8740E+00
 GRADIENT:  -1.3979E+02  1.2494E+03 -8.6788E+01  6.1734E+02  6.2507E+02  5.1290E+00 -4.8727E+00 -1.2309E+01 -1.6755E+01  1.3943E+01
            -5.3818E+00  5.3895E+01

0ITERATION NO.:   24    OBJECTIVE VALUE:   36490.8448934512        NO. OF FUNC. EVALS.:   9
 CUMULATIVE NO. OF FUNC. EVALS.:      241
 NPARAMETR: -1.9140E+00  1.9608E+00  1.0404E+00  4.5790E+00  1.6619E+00  3.7413E-02 -1.5974E-02 -1.7863E-03  1.2403E-02  4.1089E-03
             1.5460E-01  3.4585E+04
 PARAMETER: -4.5571E-01  4.8295E-02  9.3733E-02  1.0699E-01  1.2686E-01  4.1314E-01 -1.1680E-01 -1.3060E-02 -3.9424E-01  1.0970E-01
             4.0220E-01  1.8717E+00
 GRADIENT:  -1.2779E+02  1.1861E+03 -1.5152E+02  7.9354E+02  6.1576E+02  5.8278E+00 -8.0369E+00 -1.0300E+01 -1.6667E+01  1.3584E+01
            -1.4809E+00  2.8155E+01

0ITERATION NO.:   25    OBJECTIVE VALUE:   36490.6853939699        NO. OF FUNC. EVALS.:  10
 CUMULATIVE NO. OF FUNC. EVALS.:      251
 NPARAMETR: -1.9160E+00  1.9566E+00  1.0380E+00  4.5796E+00  1.6577E+00  3.7475E-02 -1.6550E-02 -6.8903E-04  1.2886E-02  3.3003E-03
             1.5739E-01  3.4477E+04
 PARAMETER: -4.5618E-01  4.8191E-02  9.3510E-02  1.0700E-01  1.2654E-01  4.1398E-01 -1.2091E-01 -5.0336E-03 -3.9472E-01  9.8272E-02
             4.1275E-01  1.8701E+00
 GRADIENT:  -1.0287E+02  1.0796E+03 -1.8123E+02  7.4927E+02  5.7110E+02  6.7312E+00 -1.0455E+01 -7.4387E+00 -1.6624E+01  1.3196E+01
             2.1279E+00  1.0816E+01

0ITERATION NO.:   26    OBJECTIVE VALUE:   36490.4874335655        NO. OF FUNC. EVALS.:  10
 CUMULATIVE NO. OF FUNC. EVALS.:      261
 NPARAMETR: -1.9203E+00  1.9477E+00  1.0365E+00  4.5791E+00  1.6499E+00  3.7665E-02 -1.7303E-02  1.0395E-03  1.3520E-02  2.1085E-03
             1.6088E-01  3.4369E+04
 PARAMETER: -4.5722E-01  4.7972E-02  9.3376E-02  1.0699E-01  1.2595E-01  4.1649E-01 -1.2608E-01  7.5748E-03 -3.9519E-01  8.4864E-02
             4.2508E-01  1.8686E+00
 GRADIENT:  -6.2481E+01  8.8375E+02 -1.9833E+02  5.6049E+02  4.9160E+02  8.0564E+00 -1.3777E+01 -3.3241E+00 -1.6521E+01  1.2594E+01
             6.6034E+00 -6.4086E+00

0ITERATION NO.:   27    OBJECTIVE VALUE:   36490.3669891668        NO. OF FUNC. EVALS.:   9
 CUMULATIVE NO. OF FUNC. EVALS.:      270
 NPARAMETR: -1.9246E+00  1.9400E+00  1.0365E+00  4.5782E+00  1.6432E+00  3.7754E-02 -1.7869E-02  2.1930E-03  1.4034E-02  1.2998E-03
             1.6275E-01  3.4318E+04
 PARAMETER: -4.5823E-01  4.7783E-02  9.3378E-02  1.0697E-01  1.2543E-01  4.1768E-01 -1.3006E-01  1.5962E-02 -3.9481E-01  7.6687E-02
             4.3128E-01  1.8678E+00
 GRADIENT:  -3.5939E+01  7.3946E+02 -1.9804E+02  3.8650E+02  4.3255E+02  8.8847E+00 -1.6160E+01 -8.3237E-01 -1.6403E+01  1.2170E+01
             8.9740E+00 -1.4324E+01

0ITERATION NO.:   28    OBJECTIVE VALUE:   36490.2185084774        NO. OF FUNC. EVALS.:  10
 CUMULATIVE NO. OF FUNC. EVALS.:      280
 NPARAMETR: -1.9325E+00  1.9268E+00  1.0376E+00  4.5768E+00  1.6315E+00  3.7785E-02 -1.8764E-02  3.6919E-03  1.4909E-02  1.6220E-04
             1.6460E-01  3.4268E+04
 PARAMETER: -4.6011E-01  4.7459E-02  9.3474E-02  1.0693E-01  1.2454E-01  4.1809E-01 -1.3652E-01  2.6860E-02 -3.9348E-01  6.5377E-02
             4.3705E-01  1.8671E+00
 GRADIENT:  -1.5307E+00  5.3161E+02 -1.8624E+02  1.1723E+02  3.4407E+02  9.9028E+00 -1.9673E+01  2.0443E+00 -1.6182E+01  1.1561E+01
             1.1360E+01 -2.1862E+01

0ITERATION NO.:   29    OBJECTIVE VALUE:   36490.1091744658        NO. OF FUNC. EVALS.:  10
 CUMULATIVE NO. OF FUNC. EVALS.:      290
 NPARAMETR: -1.9426E+00  1.9112E+00  1.0395E+00  4.5753E+00  1.6173E+00  3.7697E-02 -1.9753E-02  5.0007E-03  1.5967E-02 -9.7896E-04
             1.6548E-01  3.4236E+04
 PARAMETER: -4.6253E-01  4.7074E-02  9.3653E-02  1.0690E-01  1.2346E-01  4.1692E-01 -1.4388E-01  3.6425E-02 -3.9114E-01  5.3646E-02
             4.3953E-01  1.8666E+00
 GRADIENT:   2.8349E+01  3.3273E+02 -1.6425E+02 -1.5799E+02  2.4878E+02  1.0712E+01 -2.3238E+01  4.1205E+00 -1.5923E+01  1.0947E+01
             1.2667E+01 -2.6502E+01

0ITERATION NO.:   30    OBJECTIVE VALUE:   36490.0553726917        NO. OF FUNC. EVALS.:   9
 CUMULATIVE NO. OF FUNC. EVALS.:      299
 NPARAMETR: -1.9483E+00  1.9031E+00  1.0408E+00  4.5747E+00  1.6097E+00  3.7604E-02 -2.0212E-02  5.4632E-03  1.6497E-02 -1.4637E-03
             1.6531E-01  3.4230E+04
 PARAMETER: -4.6388E-01  4.6875E-02  9.3767E-02  1.0689E-01  1.2288E-01  4.1569E-01 -1.4740E-01  3.9842E-02 -3.8961E-01  4.8058E-02
             4.3891E-01  1.8666E+00
 GRADIENT:   3.9207E+01  2.5336E+02 -1.4985E+02 -2.7576E+02  2.0200E+02  1.0973E+01 -2.4790E+01  4.6047E+00 -1.5802E+01  1.0679E+01
             1.2664E+01 -2.7288E+01

0ITERATION NO.:   31    OBJECTIVE VALUE:   36489.9830455773        NO. OF FUNC. EVALS.:   9
 CUMULATIVE NO. OF FUNC. EVALS.:      308
 NPARAMETR: -1.9556E+00  1.8933E+00  1.0425E+00  4.5741E+00  1.6002E+00  3.7455E-02 -2.0697E-02  5.8234E-03  1.7096E-02 -1.9460E-03
             1.6453E-01  3.4231E+04
 PARAMETER: -4.6563E-01  4.6633E-02  9.3917E-02  1.0687E-01  1.2216E-01  4.1370E-01 -1.5124E-01  4.2554E-02 -3.8742E-01  4.1420E-02
             4.3649E-01  1.8666E+00
 GRADIENT:   4.8026E+01  1.8250E+02 -1.3011E+02 -3.9549E+02  1.4613E+02  1.1147E+01 -2.6349E+01  4.6435E+00 -1.5682E+01  1.0396E+01
             1.2062E+01 -2.7057E+01

0ITERATION NO.:   32    OBJECTIVE VALUE:   36489.9170610962        NO. OF FUNC. EVALS.:   9
 CUMULATIVE NO. OF FUNC. EVALS.:      317
 NPARAMETR: -1.9637E+00  1.8832E+00  1.0442E+00  4.5737E+00  1.5902E+00  3.7281E-02 -2.1113E-02  6.0290E-03  1.7645E-02 -2.3543E-03
             1.6327E-01  3.4236E+04
 PARAMETER: -4.6754E-01  4.6384E-02  9.4076E-02  1.0686E-01  1.2139E-01  4.1137E-01 -1.5464E-01  4.4159E-02 -3.8482E-01  3.4431E-02
             4.3269E-01  1.8666E+00
 GRADIENT:   5.3027E+01  1.3521E+02 -1.0813E+02 -4.9701E+02  8.8706E+01  1.1199E+01 -2.7609E+01  4.2193E+00 -1.5593E+01  1.0138E+01
             1.0965E+01 -2.6038E+01

0ITERATION NO.:   33    OBJECTIVE VALUE:   36489.8709631182        NO. OF FUNC. EVALS.:   9
 CUMULATIVE NO. OF FUNC. EVALS.:      326
 NPARAMETR: -1.9718E+00  1.8735E+00  1.0459E+00  4.5734E+00  1.5802E+00  3.7111E-02 -2.1418E-02  6.1007E-03  1.8081E-02 -2.6743E-03
             1.6174E-01  3.4244E+04
 PARAMETER: -4.6947E-01  4.6145E-02  9.4226E-02  1.0686E-01  1.2063E-01  4.0909E-01 -1.5723E-01  4.4786E-02 -3.8194E-01  2.7413E-02
             4.2807E-01  1.8668E+00
 GRADIENT:   5.4235E+01  1.1512E+02 -8.6226E+01 -5.7448E+02  3.3083E+01  1.1145E+01 -2.8459E+01  3.4530E+00 -1.5553E+01  9.9166E+00
             9.5539E+00 -2.4545E+01

0ITERATION NO.:   34    OBJECTIVE VALUE:   36489.8483877771        NO. OF FUNC. EVALS.:   9
 CUMULATIVE NO. OF FUNC. EVALS.:      335
 NPARAMETR: -1.9797E+00  1.8646E+00  1.0474E+00  4.5733E+00  1.5708E+00  3.6966E-02 -2.1601E-02  6.0787E-03  1.8380E-02 -2.9171E-03
             1.6010E-01  3.4254E+04
 PARAMETER: -4.7135E-01  4.5926E-02  9.4356E-02  1.0685E-01  1.1991E-01  4.0714E-01 -1.5889E-01  4.4712E-02 -3.7883E-01  2.0498E-02
             4.2312E-01  1.8669E+00
 GRADIENT:   5.2231E+01  1.2064E+02 -6.5752E+01 -6.2884E+02 -1.9369E+01  1.1013E+01 -2.8889E+01  2.4828E+00 -1.5566E+01  9.7326E+00
             7.9948E+00 -2.2843E+01

0ITERATION NO.:   35    OBJECTIVE VALUE:   36489.8417332730        NO. OF FUNC. EVALS.:   9
 CUMULATIVE NO. OF FUNC. EVALS.:      344
 NPARAMETR: -1.9835E+00  1.8606E+00  1.0480E+00  4.5733E+00  1.5664E+00  3.6910E-02 -2.1636E-02  6.0396E-03  1.8460E-02 -3.0097E-03
             1.5928E-01  3.4259E+04
 PARAMETER: -4.7225E-01  4.5828E-02  9.4411E-02  1.0685E-01  1.1958E-01  4.0638E-01 -1.5927E-01  4.4458E-02 -3.7713E-01  1.7103E-02
             4.2064E-01  1.8670E+00
 GRADIENT:   4.9988E+01  1.3463E+02 -5.6601E+01 -6.4641E+02 -4.4108E+01  1.0921E+01 -2.8911E+01  1.9527E+00 -1.5599E+01  9.6544E+00
             7.1999E+00 -2.1966E+01

0ITERATION NO.:   36    OBJECTIVE VALUE:   36489.8335414098        NO. OF FUNC. EVALS.:   9
 CUMULATIVE NO. OF FUNC. EVALS.:      353
 NPARAMETR: -1.9874E+00  1.8566E+00  1.0485E+00  4.5733E+00  1.5619E+00  3.6867E-02 -2.1624E-02  5.9823E-03  1.8484E-02 -3.0913E-03
             1.5841E-01  3.4265E+04
 PARAMETER: -4.7320E-01  4.5729E-02  9.4460E-02  1.0685E-01  1.1923E-01  4.0579E-01 -1.5927E-01  4.4062E-02 -3.7506E-01  1.3433E-02
             4.1799E-01  1.8671E+00
 GRADIENT:   4.6506E+01  1.5962E+02 -4.7589E+01 -6.5759E+02 -6.9884E+01  1.0800E+01 -2.8766E+01  1.3622E+00 -1.5663E+01  9.5785E+00
             6.3440E+00 -2.1033E+01

0ITERATION NO.:   37    OBJECTIVE VALUE:   36489.8247166372        NO. OF FUNC. EVALS.:   9
 CUMULATIVE NO. OF FUNC. EVALS.:      362
 NPARAMETR: -1.9915E+00  1.8526E+00  1.0490E+00  4.5735E+00  1.5574E+00  3.6838E-02 -2.1567E-02  5.9154E-03  1.8456E-02 -3.1652E-03
             1.5752E-01  3.4270E+04
 PARAMETER: -4.7417E-01  4.5631E-02  9.4505E-02  1.0686E-01  1.1889E-01  4.0540E-01 -1.5891E-01  4.3586E-02 -3.7259E-01  9.5604E-03
             4.1527E-01  1.8671E+00
 GRADIENT:   4.1918E+01  1.9447E+02 -3.8801E+01 -6.6257E+02 -9.6116E+01  1.0655E+01 -2.8467E+01  7.4274E-01 -1.5757E+01  9.5059E+00
             5.4614E+00 -2.0102E+01

0ITERATION NO.:   38    OBJECTIVE VALUE:   36489.8156424112        NO. OF FUNC. EVALS.:   9
 CUMULATIVE NO. OF FUNC. EVALS.:      371
 NPARAMETR: -1.9957E+00  1.8488E+00  1.0494E+00  4.5736E+00  1.5529E+00  3.6825E-02 -2.1468E-02  5.8450E-03  1.8378E-02 -3.2351E-03
             1.5663E-01  3.4275E+04
 PARAMETER: -4.7516E-01  4.5536E-02  9.4545E-02  1.0686E-01  1.1854E-01  4.0522E-01 -1.5821E-01  4.3075E-02 -3.6964E-01  5.5134E-03
             4.1252E-01  1.8672E+00
 GRADIENT:   3.6398E+01  2.3817E+02 -3.0330E+01 -6.6209E+02 -1.2267E+02  1.0488E+01 -2.8028E+01  1.1461E-01 -1.5882E+01  9.4368E+00
             4.5714E+00 -1.9199E+01

0ITERATION NO.:   39    OBJECTIVE VALUE:   36489.8061718219        NO. OF FUNC. EVALS.:   9
 CUMULATIVE NO. OF FUNC. EVALS.:      380
 NPARAMETR: -1.9999E+00  1.8450E+00  1.0498E+00  4.5738E+00  1.5484E+00  3.6826E-02 -2.1329E-02  5.7750E-03  1.8258E-02 -3.3039E-03
             1.5574E-01  3.4279E+04
 PARAMETER: -4.7617E-01  4.5443E-02  9.4579E-02  1.0687E-01  1.1820E-01  4.0524E-01 -1.5719E-01  4.2559E-02 -3.6615E-01  1.3052E-03
             4.0976E-01  1.8673E+00
 GRADIENT:   3.0082E+01  2.8983E+02 -2.2188E+01 -6.5680E+02 -1.4955E+02  1.0300E+01 -2.7463E+01 -5.0966E-01 -1.6040E+01  9.3710E+00
             3.6837E+00 -1.8333E+01

0ITERATION NO.:   40    OBJECTIVE VALUE:   36489.7961208985        NO. OF FUNC. EVALS.:   9
 CUMULATIVE NO. OF FUNC. EVALS.:      389
 NPARAMETR: -2.0037E+00  1.8417E+00  1.0501E+00  4.5740E+00  1.5443E+00  3.6840E-02 -2.1173E-02  5.7149E-03  1.8117E-02 -3.3667E-03
             1.5496E-01  3.4283E+04
 PARAMETER: -4.7708E-01  4.5361E-02  9.4606E-02  1.0687E-01  1.1789E-01  4.0542E-01 -1.5600E-01  4.2108E-02 -3.6244E-01 -2.6104E-03
             4.0730E-01  1.8673E+00
 GRADIENT:   2.3801E+01  3.4271E+02 -1.5158E+01 -6.4830E+02 -1.7401E+02  1.0115E+01 -2.6855E+01 -1.0590E+00 -1.6212E+01  9.3147E+00
             2.8930E+00 -1.7592E+01

0ITERATION NO.:   41    OBJECTIVE VALUE:   36489.7822663975        NO. OF FUNC. EVALS.:   9
 CUMULATIVE NO. OF FUNC. EVALS.:      398
 NPARAMETR: -2.0081E+00  1.8380E+00  1.0504E+00  4.5743E+00  1.5397E+00  3.6869E-02 -2.0961E-02  5.6516E-03  1.7926E-02 -3.4413E-03
             1.5409E-01  3.4286E+04
 PARAMETER: -4.7813E-01  4.5270E-02  9.4633E-02  1.0688E-01  1.1754E-01  4.0581E-01 -1.5439E-01  4.1625E-02 -3.5747E-01 -7.2076E-03
             4.0451E-01  1.8674E+00
 GRADIENT:   1.6061E+01  4.0951E+02 -7.4226E+00 -6.3491E+02 -2.0223E+02  9.8841E+00 -2.6064E+01 -1.6653E+00 -1.6444E+01  9.2540E+00
             2.0026E+00 -1.6792E+01

0ITERATION NO.:   42    OBJECTIVE VALUE:   36489.7647461097        NO. OF FUNC. EVALS.:   9
 CUMULATIVE NO. OF FUNC. EVALS.:      407
 NPARAMETR: -2.0171E+00  1.8306E+00  1.0510E+00  4.5749E+00  1.5304E+00  3.6952E-02 -2.0469E-02  5.5354E-03  1.7490E-02 -3.6045E-03
             1.5237E-01  3.4293E+04
 PARAMETER: -4.8026E-01  4.5088E-02  9.4680E-02  1.0689E-01  1.1683E-01  4.0695E-01 -1.5059E-01  4.0723E-02 -3.4565E-01 -1.6810E-02
             3.9884E-01  1.8675E+00
 GRADIENT:  -8.5376E-01  5.5770E+02  8.0457E+00 -6.0070E+02 -2.6000E+02  9.3685E+00 -2.4273E+01 -2.8521E+00 -1.6995E+01  9.1416E+00
             2.1977E-01 -1.5266E+01

0ITERATION NO.:   43    OBJECTIVE VALUE:   36489.7577923493        NO. OF FUNC. EVALS.:   9
 CUMULATIVE NO. OF FUNC. EVALS.:      416
 NPARAMETR: -2.0213E+00  1.8272E+00  1.0512E+00  4.5752E+00  1.5261E+00  3.7003E-02 -2.0211E-02  5.4891E-03  1.7272E-02 -3.6881E-03
             1.5159E-01  3.4295E+04
 PARAMETER: -4.8126E-01  4.5005E-02  9.4699E-02  1.0690E-01  1.1650E-01  4.0763E-01 -1.4859E-01  4.0355E-02 -3.3917E-01 -2.1408E-02
             3.9621E-01  1.8675E+00
 GRADIENT:  -9.1381E+00  6.3246E+02  1.4979E+01 -5.8194E+02 -2.8740E+02  9.1068E+00 -2.3363E+01 -3.3748E+00 -1.7294E+01  9.0936E+00
            -5.9855E-01 -1.4590E+01

0ITERATION NO.:   44    OBJECTIVE VALUE:   36489.7405497325        NO. OF FUNC. EVALS.:   9
 CUMULATIVE NO. OF FUNC. EVALS.:      425
 NPARAMETR: -2.0303E+00  1.8201E+00  1.0515E+00  4.5759E+00  1.5169E+00  3.7135E-02 -1.9597E-02  5.4075E-03  1.6781E-02 -3.8874E-03
             1.4994E-01  3.4299E+04
 PARAMETER: -4.8340E-01  4.4829E-02  9.4733E-02  1.0691E-01  1.1579E-01  4.0942E-01 -1.4382E-01  3.9685E-02 -3.2284E-01 -3.1554E-02
             3.9051E-01  1.8676E+00
 GRADIENT:  -2.7781E+01  8.0481E+02  2.9641E+01 -5.3609E+02 -3.4751E+02  8.4917E+00 -2.1271E+01 -4.4302E+00 -1.8040E+01  8.9975E+00
            -2.3415E+00 -1.3192E+01

0ITERATION NO.:   45    OBJECTIVE VALUE:   36489.7257758655        NO. OF FUNC. EVALS.:   9
 CUMULATIVE NO. OF FUNC. EVALS.:      434
 NPARAMETR: -2.0348E+00  1.8166E+00  1.0517E+00  4.5763E+00  1.5123E+00  3.7213E-02 -1.9262E-02  5.3775E-03  1.6534E-02 -3.9973E-03
             1.4914E-01  3.4300E+04
 PARAMETER: -4.8447E-01  4.4743E-02  9.4747E-02  1.0692E-01  1.1545E-01  4.1046E-01 -1.4121E-01  3.9423E-02 -3.1331E-01 -3.6701E-02
             3.8766E-01  1.8676E+00
 GRADIENT:  -3.7371E+01  8.9603E+02  3.6882E+01 -5.1088E+02 -3.7811E+02  8.1573E+00 -2.0178E+01 -4.9134E+00 -1.8472E+01  8.9529E+00
            -3.2031E+00 -1.2520E+01

0ITERATION NO.:   46    OBJECTIVE VALUE:   36489.6731739099        NO. OF FUNC. EVALS.:   9
 CUMULATIVE NO. OF FUNC. EVALS.:      443
 NPARAMETR: -2.0452E+00  1.8085E+00  1.0520E+00  4.5772E+00  1.5017E+00  3.7418E-02 -1.8418E-02  5.3317E-03  1.5974E-02 -4.2804E-03
             1.4731E-01  3.4301E+04
 PARAMETER: -4.8694E-01  4.4546E-02  9.4779E-02  1.0694E-01  1.1464E-01  4.1320E-01 -1.3465E-01  3.8980E-02 -2.8769E-01 -4.8806E-02
             3.8092E-01  1.8676E+00
 GRADIENT:  -6.0339E+01  1.1196E+03  5.4035E+01 -4.4775E+02 -4.5068E+02  7.3061E+00 -1.7562E+01 -5.9349E+00 -1.9628E+01  8.8514E+00
            -5.1988E+00 -1.0984E+01

0ITERATION NO.:   47    OBJECTIVE VALUE:   36489.6015818641        NO. OF FUNC. EVALS.:   9
 CUMULATIVE NO. OF FUNC. EVALS.:      452
 NPARAMETR: -2.0564E+00  1.7999E+00  1.0524E+00  4.5781E+00  1.4902E+00  3.7670E-02 -1.7420E-02  5.3103E-03  1.5424E-02 -4.6296E-03
             1.4537E-01  3.4300E+04
 PARAMETER: -4.8962E-01  4.4333E-02  9.4813E-02  1.0697E-01  1.1376E-01  4.1656E-01 -1.2693E-01  3.8694E-02 -2.5546E-01 -6.2036E-02
             3.7341E-01  1.8676E+00
 GRADIENT:  -8.6258E+01  1.3763E+03  7.3800E+01 -3.7436E+02 -5.3108E+02  6.2748E+00 -1.4676E+01 -6.9180E+00 -2.1100E+01  8.7303E+00
            -7.3725E+00 -9.3010E+00

0ITERATION NO.:   48    OBJECTIVE VALUE:   36489.4785172615        NO. OF FUNC. EVALS.:   9
 CUMULATIVE NO. OF FUNC. EVALS.:      461
 NPARAMETR: -2.0697E+00  1.7897E+00  1.0529E+00  4.5792E+00  1.4765E+00  3.8013E-02 -1.6120E-02  5.3228E-03  1.4887E-02 -5.1054E-03
             1.4307E-01  3.4297E+04
 PARAMETER: -4.9280E-01  4.4082E-02  9.4857E-02  1.0699E-01  1.1271E-01  4.2109E-01 -1.1693E-01  3.8609E-02 -2.1114E-01 -7.7752E-02
             3.6407E-01  1.8675E+00
 GRADIENT:  -1.1818E+02  1.7003E+03  9.9504E+01 -2.8174E+02 -6.2980E+02  4.9006E+00 -1.1270E+01 -7.9182E+00 -2.3173E+01  8.5459E+00
            -1.0028E+01 -7.1572E+00

0ITERATION NO.:   49    OBJECTIVE VALUE:   36489.1102584026        NO. OF FUNC. EVALS.:  10
 CUMULATIVE NO. OF FUNC. EVALS.:      471
 NPARAMETR: -2.1056E+00  1.7622E+00  1.0545E+00  4.5822E+00  1.4391E+00  3.9091E-02 -1.2218E-02  5.4621E-03  1.4397E-02 -6.7184E-03
             1.3712E-01  3.4281E+04
 PARAMETER: -5.0133E-01  4.3404E-02  9.5001E-02  1.0706E-01  1.0986E-01  4.3508E-01 -8.7394E-02  3.9070E-02 -7.4628E-02 -1.1935E-01
             3.3742E-01  1.8673E+00
 GRADIENT:  -2.1376E+02  2.6345E+03  1.8478E+02 -1.1252E+01 -8.9175E+02  5.1640E-01 -2.9677E+00 -1.0006E+01 -3.0012E+01  7.5106E+00
            -1.7377E+01 -2.7933E-01

0ITERATION NO.:   50    OBJECTIVE VALUE:   36488.2780618362        NO. OF FUNC. EVALS.:  10
 CUMULATIVE NO. OF FUNC. EVALS.:      481
 NPARAMETR: -2.1625E+00  1.7176E+00  1.0581E+00  4.5866E+00  1.3785E+00  4.1361E-02 -4.7390E-03  5.9149E-03  1.7943E-02 -1.0467E-02
             1.2815E-01  3.4244E+04
 PARAMETER: -5.1488E-01  4.2305E-02  9.5329E-02  1.0716E-01  1.0523E-01  4.6330E-01 -3.2954E-02  4.1131E-02  1.7421E-01 -1.8179E-01
             2.8976E-01  1.8668E+00
 GRADIENT:  -4.0016E+02  4.2446E+03  3.8730E+02  4.9156E+02 -1.2650E+03 -8.0618E+00  5.9557E+00 -1.2004E+01 -4.2858E+01  3.0824E+00
            -3.0791E+01  1.5376E+01

0ITERATION NO.:   51    OBJECTIVE VALUE:   36487.5651427751        NO. OF FUNC. EVALS.:   9
 CUMULATIVE NO. OF FUNC. EVALS.:      490
 NPARAMETR: -2.2112E+00  1.6769E+00  1.0622E+00  4.5900E+00  1.3253E+00  4.4109E-02  3.4474E-03  6.3776E-03  2.7902E-02 -1.5159E-02
             1.2093E-01  3.4209E+04
 PARAMETER: -5.2649E-01  4.1302E-02  9.5694E-02  1.0724E-01  1.0116E-01  4.9547E-01  2.3214E-02  4.2945E-02  4.0548E-01 -2.3072E-01
             2.4394E-01  1.8662E+00
 GRADIENT:  -5.9485E+02  5.6161E+03  6.4827E+02  1.0211E+03 -1.4984E+03 -1.6046E+01  1.2184E+01 -1.3466E+01 -5.0603E+01 -3.3087E+00
            -4.5173E+01  3.1198E+01

0ITERATION NO.:   52    OBJECTIVE VALUE:   36487.1850581958        NO. OF FUNC. EVALS.:   9
 CUMULATIVE NO. OF FUNC. EVALS.:      499
 NPARAMETR: -2.2319E+00  1.6557E+00  1.0630E+00  4.5917E+00  1.3018E+00  4.5991E-02  8.5073E-03  6.3005E-03  3.5628E-02 -1.7774E-02
             1.1792E-01  3.4203E+04
 PARAMETER: -5.3139E-01  4.0780E-02  9.5765E-02  1.0728E-01  9.9376E-02  5.1636E-01  5.6101E-02  4.1548E-02  5.0995E-01 -2.5140E-01
             2.2277E-01  1.8662E+00
 GRADIENT:  -6.7288E+02  6.0962E+03  7.5830E+02  1.2638E+03 -1.5872E+03 -1.8902E+01  1.6475E+01 -1.5513E+01 -5.1725E+01 -6.2301E+00
            -5.2122E+01  3.9320E+01

0ITERATION NO.:   53    OBJECTIVE VALUE:   36486.4222127573        NO. OF FUNC. EVALS.:  10
 CUMULATIVE NO. OF FUNC. EVALS.:      509
 NPARAMETR: -2.2488E+00  1.6350E+00  1.0626E+00  4.5931E+00  1.2815E+00  4.8300E-02  1.4438E-02  5.9760E-03  4.5889E-02 -2.0620E-02
             1.1539E-01  3.4200E+04
 PARAMETER: -5.3542E-01  4.0271E-02  9.5730E-02  1.0732E-01  9.7827E-02  5.4084E-01  9.2906E-02  3.8455E-02  6.0970E-01 -2.6918E-01
             2.0385E-01  1.8661E+00
 GRADIENT:  -7.2765E+02  6.4021E+03  8.3433E+02  1.4602E+03 -1.6679E+03 -2.0599E+01  2.1057E+01 -1.8563E+01 -5.1080E+01 -8.5288E+00
            -5.8375E+01  4.7433E+01

0ITERATION NO.:   54    OBJECTIVE VALUE:   36483.6699505827        NO. OF FUNC. EVALS.:  11
 CUMULATIVE NO. OF FUNC. EVALS.:      520
 NPARAMETR: -2.2769E+00  1.5914E+00  1.0593E+00  4.5953E+00  1.2445E+00  5.5155E-02  3.1547E-02  4.6803E-03  8.4248E-02 -2.8872E-02
             1.1080E-01  3.4180E+04
 PARAMETER: -5.4212E-01  3.9198E-02  9.5433E-02  1.0737E-01  9.5004E-02  6.0721E-01  1.8997E-01  2.8184E-02  8.4234E-01 -3.0035E-01
             1.6744E-01  1.8658E+00
 GRADIENT:  -7.7891E+02  6.4836E+03  9.2158E+02  1.7597E+03 -1.8099E+03 -2.0196E+01  2.9671E+01 -2.7185E+01 -4.2928E+01 -1.0678E+01
            -7.0614E+01  6.2274E+01

0ITERATION NO.:   55    OBJECTIVE VALUE:   36472.6473728850        NO. OF FUNC. EVALS.:  11
 CUMULATIVE NO. OF FUNC. EVALS.:      531
 NPARAMETR: -2.2691E+00  1.5430E+00  1.0355E+00  4.5908E+00  1.2359E+00  7.4597E-02  8.0150E-02 -2.9447E-03  2.3662E-01 -5.4864E-02
             1.1113E-01  3.4050E+04
 PARAMETER: -5.4026E-01  3.8004E-02  9.3290E-02  1.0726E-01  9.4342E-02  7.5818E-01  4.1501E-01 -1.5248E-02  1.2530E+00 -3.2643E-01
             1.5622E-01  1.8639E+00
 GRADIENT:  -4.3981E+02  4.2759E+03  3.0890E+02  1.0861E+03 -2.1977E+03  2.9170E+00  2.1365E+01 -4.9813E+01 -1.1192E+01 -3.3596E+00
            -7.0435E+01  8.0965E+01

0ITERATION NO.:   56    OBJECTIVE VALUE:   36424.2608381478        NO. OF FUNC. EVALS.:  11
 CUMULATIVE NO. OF FUNC. EVALS.:      542
 NPARAMETR: -1.9684E+00  1.7282E+00  1.0260E+00  4.5314E+00  1.6040E+00  9.7991E-02  1.4919E-01 -1.9375E-02  3.5504E-01 -2.4002E-02
             1.7036E-01  3.2792E+04
 PARAMETER: -4.6868E-01  4.2567E-02  9.2435E-02  1.0587E-01  1.2244E-01  8.9457E-01  6.7398E-01 -8.7532E-02  1.1717E+00  3.7639E-02
             4.4545E-01  1.8451E+00
 GRADIENT:   5.4736E+01  7.6680E+02 -4.6964E+02 -4.6948E+03 -6.6405E+02 -3.0536E+00  2.1342E+01 -3.5118E+01 -1.6604E+01  1.6117E+01
             2.7453E+01 -4.0895E+01

0ITERATION NO.:   57    OBJECTIVE VALUE:   36419.0061124905        NO. OF FUNC. EVALS.:   9
 CUMULATIVE NO. OF FUNC. EVALS.:      551
 NPARAMETR: -2.0079E+00  1.7027E+00  1.0404E+00  4.5691E+00  1.5597E+00  1.0318E-01  1.4377E-01 -3.7674E-03  3.4908E-01  1.6580E-03
             1.4818E-01  3.2968E+04
 PARAMETER: -4.7807E-01  4.1939E-02  9.3734E-02  1.0676E-01  1.1906E-01  9.2036E-01  6.3299E-01 -1.6587E-02  1.2471E+00  4.3873E-02
             3.8624E-01  1.8478E+00
 GRADIENT:   6.6231E+01  1.0614E+03 -2.0534E+02 -7.2653E+02 -9.1873E+02  1.2984E+01  1.4521E+01 -2.0649E+01 -3.9609E+00  1.4778E+01
             3.3707E+00 -5.1004E+00

0ITERATION NO.:   58    OBJECTIVE VALUE:   36417.3175616903        NO. OF FUNC. EVALS.:   9
 CUMULATIVE NO. OF FUNC. EVALS.:      560
 NPARAMETR: -2.0178E+00  1.7069E+00  1.0440E+00  4.5820E+00  1.5622E+00  9.7304E-02  1.2442E-01  5.0141E-03  2.9050E-01  1.3557E-02
             1.4524E-01  3.2898E+04
 PARAMETER: -4.8042E-01  4.2041E-02  9.4056E-02  1.0706E-01  1.1925E-01  8.9106E-01  5.6407E-01  2.2732E-02  1.1852E+00  4.8287E-02
             3.7552E-01  1.8467E+00
 GRADIENT:  -3.3821E+01  1.3963E+03 -9.0310E+01  6.0668E+02 -5.9419E+02  9.4370E+00  1.3136E+01 -8.9689E+00 -9.5336E+00  1.1981E+01
            -1.8682E+00 -2.2623E+01

0ITERATION NO.:   59    OBJECTIVE VALUE:   36416.3471392101        NO. OF FUNC. EVALS.:   9
 CUMULATIVE NO. OF FUNC. EVALS.:      569
 NPARAMETR: -2.0222E+00  1.7206E+00  1.0402E+00  4.5821E+00  1.5799E+00  8.8543E-02  1.0413E-01  1.3311E-02  2.6666E-01  2.0113E-02
             1.4941E-01  3.2665E+04
 PARAMETER: -4.8148E-01  4.2380E-02  9.3710E-02  1.0706E-01  1.2060E-01  8.4388E-01  4.9489E-01  6.3261E-02  1.2316E+00  2.8766E-02
             3.8470E-01  1.8432E+00
 GRADIENT:  -1.8956E+02  1.7629E+03 -6.9065E+01  8.8017E+02 -1.3465E+00  1.1800E+00  8.6809E+00  1.0051E+01 -2.6866E+00  8.0568E+00
             8.6063E-01 -6.4018E+01

0ITERATION NO.:   60    OBJECTIVE VALUE:   36416.3095804634        NO. OF FUNC. EVALS.:   9
 CUMULATIVE NO. OF FUNC. EVALS.:      578
 NPARAMETR: -2.0260E+00  1.7089E+00  1.0366E+00  4.5827E+00  1.5775E+00  8.8412E-02  1.0433E-01  1.2197E-02  2.6519E-01  1.6676E-02
             1.5036E-01  3.2714E+04
 PARAMETER: -4.8237E-01  4.2090E-02  9.3389E-02  1.0707E-01  1.2042E-01  8.4314E-01  4.9620E-01  5.8009E-02  1.2242E+00  1.4845E-02
             3.8933E-01  1.8439E+00
 GRADIENT:  -1.7568E+02  1.6057E+03 -1.1672E+02  8.3533E+02 -1.7305E+01  1.4942E+00  8.4974E+00  7.9868E+00 -3.6847E+00  7.0569E+00
             2.7515E+00 -5.5191E+01

0ITERATION NO.:   61    OBJECTIVE VALUE:   36416.1275362248        NO. OF FUNC. EVALS.:  10
 CUMULATIVE NO. OF FUNC. EVALS.:      588
 NPARAMETR: -2.0323E+00  1.6847E+00  1.0328E+00  4.5815E+00  1.5744E+00  8.8063E-02  1.0504E-01  1.0090E-02  2.6867E-01  1.0823E-02
             1.5147E-01  3.2812E+04
 PARAMETER: -4.8389E-01  4.1496E-02  9.3042E-02  1.0704E-01  1.2018E-01  8.4116E-01  5.0056E-01  4.8087E-02  1.2287E+00 -7.8380E-03
             3.9490E-01  1.8454E+00
 GRADIENT:  -1.4341E+02  1.2421E+03 -1.7209E+02  5.8435E+02 -3.1695E+01  2.0959E+00  7.3112E+00  4.1522E+00 -3.4804E+00  5.5339E+00
             5.4467E+00 -3.6651E+01

0ITERATION NO.:   62    OBJECTIVE VALUE:   36415.9916788335        NO. OF FUNC. EVALS.:  10
 CUMULATIVE NO. OF FUNC. EVALS.:      598
 NPARAMETR: -2.0386E+00  1.6610E+00  1.0317E+00  4.5799E+00  1.5716E+00  8.7177E-02  1.0425E-01  8.6291E-03  2.6992E-01  6.2256E-03
             1.5148E-01  3.2901E+04
 PARAMETER: -4.8538E-01  4.0912E-02  9.2949E-02  1.0701E-01  1.1997E-01  8.3610E-01  4.9932E-01  4.1331E-02  1.2353E+00 -2.6305E-02
             3.9560E-01  1.8468E+00
 GRADIENT:  -1.1366E+02  8.7922E+02 -1.8793E+02  3.5918E+02 -2.5675E+01  2.4714E+00  5.2492E+00  1.4563E+00 -3.0190E+00  4.2127E+00
             6.3926E+00 -2.0055E+01

0ITERATION NO.:   63    OBJECTIVE VALUE:   36415.8266510659        NO. OF FUNC. EVALS.:  10
 CUMULATIVE NO. OF FUNC. EVALS.:      608
 NPARAMETR: -2.0430E+00  1.6398E+00  1.0331E+00  4.5778E+00  1.5700E+00  8.6106E-02  1.0302E-01  7.3798E-03  2.7166E-01  2.6018E-03
             1.5057E-01  3.2972E+04
 PARAMETER: -4.8644E-01  4.0389E-02  9.3073E-02  1.0696E-01  1.1985E-01  8.2992E-01  4.9648E-01  3.5567E-02  1.2460E+00 -3.9595E-02
             3.9281E-01  1.8478E+00
 GRADIENT:  -8.1441E+01  5.2863E+02 -1.7465E+02  1.3050E+02 -1.7570E+01  2.7660E+00  2.7822E+00 -7.4941E-01 -2.1382E+00  3.3953E+00
             6.0679E+00 -6.7782E+00

0ITERATION NO.:   64    OBJECTIVE VALUE:   36415.6686300112        NO. OF FUNC. EVALS.:   9
 CUMULATIVE NO. OF FUNC. EVALS.:      617
 NPARAMETR: -2.0456E+00  1.6238E+00  1.0359E+00  4.5758E+00  1.5692E+00  8.4874E-02  1.0118E-01  6.5205E-03  2.7245E-01  2.5791E-05
             1.4904E-01  3.3013E+04
 PARAMETER: -4.8705E-01  3.9994E-02  9.3324E-02  1.0691E-01  1.1978E-01  8.2272E-01  4.9115E-01  3.1652E-02  1.2574E+00 -4.8702E-02
             3.8766E-01  1.8484E+00
 GRADIENT:  -5.2703E+01  2.4416E+02 -1.4205E+02 -4.0790E+01 -9.3026E+00  2.8379E+00  3.3525E-01 -2.0717E+00 -1.1676E+00  2.9663E+00
             4.7200E+00  1.0891E+00

0ITERATION NO.:   65    OBJECTIVE VALUE:   36415.4207910335        NO. OF FUNC. EVALS.:   9
 CUMULATIVE NO. OF FUNC. EVALS.:      626
 NPARAMETR: -2.0464E+00  1.6055E+00  1.0421E+00  4.5730E+00  1.5692E+00  8.2645E-02  9.7447E-02  5.4546E-03  2.7298E-01 -3.2527E-03
             1.4590E-01  3.3036E+04
 PARAMETER: -4.8723E-01  3.9545E-02  9.3884E-02  1.0685E-01  1.1979E-01  8.0941E-01  4.7938E-01  2.6833E-02  1.2775E+00 -5.9662E-02
             3.7677E-01  1.8488E+00
 GRADIENT:  -6.6859E+00 -1.3422E+02 -6.5419E+01 -2.3948E+02 -2.7189E+00  2.6304E+00 -3.5308E+00 -3.1625E+00  5.8816E-01  2.7517E+00
             1.3101E+00  5.9303E+00

0ITERATION NO.:   66    OBJECTIVE VALUE:   36414.6757673913        NO. OF FUNC. EVALS.:  11
 CUMULATIVE NO. OF FUNC. EVALS.:      637
 NPARAMETR: -2.0323E+00  1.6468E+00  1.0424E+00  4.5774E+00  1.5743E+00  8.2510E-02  9.5699E-02  6.8288E-03  2.6587E-01 -8.9016E-04
             1.4608E-01  3.2861E+04
 PARAMETER: -4.8389E-01  4.0562E-02  9.3908E-02  1.0695E-01  1.2017E-01  8.0859E-01  4.7116E-01  3.3621E-02  1.2673E+00 -5.4838E-02
             3.7699E-01  1.8461E+00
 GRADIENT:  -1.3781E+01  2.9269E+02 -5.8654E+01  2.3448E+02 -5.5431E+01  2.0440E+00 -1.7296E+00  1.7072E+00  5.2977E-01  2.7412E+00
             1.7415E-02 -2.5653E+01

0ITERATION NO.:   67    OBJECTIVE VALUE:   36414.6757673913        NO. OF FUNC. EVALS.:  22
 CUMULATIVE NO. OF FUNC. EVALS.:      659
 NPARAMETR: -2.0323E+00  1.6468E+00  1.0424E+00  4.5774E+00  1.5743E+00  8.2510E-02  9.5699E-02  6.8288E-03  2.6587E-01 -8.9016E-04
             1.4608E-01  3.2861E+04
 PARAMETER: -4.8389E-01  4.0562E-02  9.3908E-02  1.0695E-01  1.2017E-01  8.0859E-01  4.7116E-01  3.3621E-02  1.2673E+00 -5.4838E-02
             3.7699E-01  1.8461E+00
 GRADIENT:  -1.2105E+02 -8.5168E+01 -6.4734E+02 -3.7078E+02 -1.5967E+02  2.0440E+00 -1.7296E+00  1.7072E+00  5.2977E-01  2.7412E+00
             1.7415E-02 -3.7323E+01

0ITERATION NO.:   68    OBJECTIVE VALUE:   36412.6536339399        NO. OF FUNC. EVALS.:  20
 CUMULATIVE NO. OF FUNC. EVALS.:      679
 NPARAMETR: -1.9847E+00  1.7035E+00  1.0625E+00  4.5772E+00  1.6091E+00  8.2153E-02  9.6760E-02  3.5131E-03  2.6929E-01  4.5092E-03
             1.4933E-01  3.2873E+04
 PARAMETER: -4.7255E-01  4.1958E-02  9.5721E-02  1.0694E-01  1.2283E-01  8.0643E-01  4.7742E-01  1.7334E-02  1.2687E+00  2.3084E-03
             3.9115E-01  1.8463E+00
 GRADIENT:  -1.3796E+01 -2.0663E+02 -3.6756E+02 -1.0956E+02 -1.6071E+02  2.0467E+00 -2.6875E+00  6.4202E-01  1.9202E+00  8.0953E+00
             4.1562E+00 -3.3220E+01

0ITERATION NO.:   69    OBJECTIVE VALUE:   36412.0446819539        NO. OF FUNC. EVALS.:  19
 CUMULATIVE NO. OF FUNC. EVALS.:      698
 NPARAMETR: -1.9477E+00  1.7620E+00  1.0808E+00  4.5747E+00  1.6322E+00  7.7567E-02  8.7981E-02  9.6104E-04  2.5052E-01  3.6512E-03
             1.4745E-01  3.2950E+04
 PARAMETER: -4.6375E-01  4.3398E-02  9.7366E-02  1.0689E-01  1.2459E-01  7.7771E-01  4.4675E-01  4.8800E-03  1.2537E+00  1.6159E-02
             3.8513E-01  1.8475E+00
 GRADIENT:   5.5421E+01 -1.4073E+02 -1.1234E+02 -6.3699E+01 -1.7590E+02 -1.2399E+00 -5.1667E+00  1.1767E+00  1.5232E+00  9.8453E+00
             4.3984E-01 -2.2203E+01

0ITERATION NO.:   70    OBJECTIVE VALUE:   36411.5940342574        NO. OF FUNC. EVALS.:  20
 CUMULATIVE NO. OF FUNC. EVALS.:      718
 NPARAMETR: -1.9504E+00  1.7554E+00  1.0778E+00  4.5702E+00  1.6361E+00  7.8971E-02  9.1811E-02 -9.0906E-04  2.5822E-01 -6.2820E-03
             1.4551E-01  3.3136E+04
 PARAMETER: -4.6439E-01  4.3237E-02  9.7100E-02  1.0678E-01  1.2489E-01  7.8667E-01  4.6203E-01 -4.5748E-03  1.2562E+00 -3.2885E-02
             3.7804E-01  1.8503E+00
 GRADIENT:   1.2718E+01 -9.9132E+01 -1.5920E+02 -3.9574E+02 -6.4347E+01 -1.4559E+00 -2.7332E+00  3.4945E-01  1.0115E+00  5.7424E+00
            -6.6727E-01  1.1476E+01

0ITERATION NO.:   71    OBJECTIVE VALUE:   36411.3448281424        NO. OF FUNC. EVALS.:  19
 CUMULATIVE NO. OF FUNC. EVALS.:      737
 NPARAMETR: -1.9440E+00  1.7644E+00  1.0814E+00  4.5709E+00  1.6433E+00  8.0001E-02  9.4689E-02 -2.9440E-03  2.6245E-01 -1.5577E-02
             1.4520E-01  3.3181E+04
 PARAMETER: -4.6285E-01  4.3459E-02  9.7424E-02  1.0680E-01  1.2544E-01  7.9316E-01  4.7344E-01 -1.4720E-02  1.2525E+00 -7.6386E-02
             3.7391E-01  1.8510E+00
 GRADIENT:  -1.1137E+01  1.0063E+01 -9.2533E+01 -1.4458E+02  1.7664E+01 -1.7164E+00 -4.1725E-01  2.8565E-01  5.2965E-02  1.7425E+00
            -1.4100E+00  1.9428E+01

0ITERATION NO.:   72    OBJECTIVE VALUE:   36411.2811788046        NO. OF FUNC. EVALS.:  19
 CUMULATIVE NO. OF FUNC. EVALS.:      756
 NPARAMETR: -1.9396E+00  1.7679E+00  1.0855E+00  4.5716E+00  1.6461E+00  8.1069E-02  9.7591E-02 -4.0361E-03  2.6892E-01 -1.9698E-02
             1.4566E-01  3.3118E+04
 PARAMETER: -4.6182E-01  4.3545E-02  9.7788E-02  1.0681E-01  1.2566E-01  7.9978E-01  4.8473E-01 -2.0047E-02  1.2561E+00 -9.3406E-02
             3.7350E-01  1.8500E+00
 GRADIENT:  -6.7194E+00  2.5736E+01 -2.6531E+01  2.7588E+01  1.9628E+01 -1.4043E+00  8.5850E-01 -1.3102E-01  8.9683E-02  1.7282E-01
            -1.2897E+00  8.9744E+00

0ITERATION NO.:   73    OBJECTIVE VALUE:   36411.2727486232        NO. OF FUNC. EVALS.:  19
 CUMULATIVE NO. OF FUNC. EVALS.:      775
 NPARAMETR: -1.9396E+00  1.7668E+00  1.0867E+00  4.5719E+00  1.6456E+00  8.1423E-02  9.8260E-02 -3.8371E-03  2.6982E-01 -1.9567E-02
             1.4614E-01  3.3077E+04
 PARAMETER: -4.6182E-01  4.3517E-02  9.7902E-02  1.0682E-01  1.2562E-01  8.0196E-01  4.8699E-01 -1.9017E-02  1.2554E+00 -9.4080E-02
             3.7517E-01  1.8494E+00
 GRADIENT:  -1.8468E+00  7.7570E+00 -7.1547E+00  7.0101E+01  9.2961E+00 -1.1283E+00  9.4810E-01  7.4159E-02 -6.9463E-02  2.2523E-02
            -7.5715E-01  2.0108E+00

0ITERATION NO.:   74    OBJECTIVE VALUE:   36411.2708707956        NO. OF FUNC. EVALS.:  19
 CUMULATIVE NO. OF FUNC. EVALS.:      794
 NPARAMETR: -1.9400E+00  1.7660E+00  1.0872E+00  4.5717E+00  1.6450E+00  8.1545E-02  9.8389E-02 -3.5580E-03  2.7003E-01 -1.9161E-02
             1.4647E-01  3.3064E+04
 PARAMETER: -4.6190E-01  4.3497E-02  9.7947E-02  1.0681E-01  1.2557E-01  8.0271E-01  4.8726E-01 -1.7621E-02  1.2557E+00 -9.3625E-02
             3.7643E-01  1.8492E+00
 GRADIENT:   1.1640E+00 -1.9005E+00 -1.4312E+00  4.1358E+01 -4.5860E-01 -9.8437E-01  8.7162E-01  3.2655E-01 -5.4937E-02  1.6222E-02
            -3.1688E-01 -1.5320E-01

0ITERATION NO.:   75    OBJECTIVE VALUE:   36411.2704707320        NO. OF FUNC. EVALS.:  19
 CUMULATIVE NO. OF FUNC. EVALS.:      813
 NPARAMETR: -1.9402E+00  1.7658E+00  1.0873E+00  4.5715E+00  1.6447E+00  8.1591E-02  9.8344E-02 -3.3646E-03  2.6977E-01 -1.8913E-02
             1.4660E-01  3.3065E+04
 PARAMETER: -4.6195E-01  4.3492E-02  9.7956E-02  1.0681E-01  1.2555E-01  8.0300E-01  4.8690E-01 -1.6658E-02  1.2554E+00 -9.3581E-02
             3.7696E-01  1.8492E+00
 GRADIENT:   2.1036E+00 -5.1474E+00 -8.9748E-01  2.1846E+01 -3.0362E+00 -9.0126E-01  7.8574E-01  5.5646E-01 -7.7606E-02 -1.6755E-02
            -1.2508E-01  1.6588E-01

0ITERATION NO.:   76    OBJECTIVE VALUE:   36411.2703867820        NO. OF FUNC. EVALS.:  19
 CUMULATIVE NO. OF FUNC. EVALS.:      832
 NPARAMETR: -1.9402E+00  1.7658E+00  1.0873E+00  4.5714E+00  1.6447E+00  8.1611E-02  9.8325E-02 -3.3103E-03  2.6972E-01 -1.8868E-02
             1.4662E-01  3.3068E+04
 PARAMETER: -4.6195E-01  4.3493E-02  9.7956E-02  1.0681E-01  1.2555E-01  8.0312E-01  4.8675E-01 -1.6387E-02  1.2555E+00 -9.3718E-02
             3.7703E-01  1.8493E+00
 GRADIENT:   2.3756E+00 -5.1386E+00 -1.3420E+00  1.3166E+01 -3.7649E+00 -8.6337E-01  7.4931E-01  6.3469E-01 -6.4103E-02 -3.7193E-02
            -9.4602E-02  7.4291E-01

0ITERATION NO.:   77    OBJECTIVE VALUE:   36411.2702875991        NO. OF FUNC. EVALS.:  19
 CUMULATIVE NO. OF FUNC. EVALS.:      851
 NPARAMETR: -1.9401E+00  1.7660E+00  1.0873E+00  4.5713E+00  1.6448E+00  8.1642E-02  9.8303E-02 -3.2694E-03  2.6961E-01 -1.8850E-02
             1.4663E-01  3.3073E+04
 PARAMETER: -4.6193E-01  4.3497E-02  9.7952E-02  1.0681E-01  1.2555E-01  8.0331E-01  4.8655E-01 -1.6182E-02  1.2554E+00 -9.3932E-02
             3.7704E-01  1.8494E+00
 GRADIENT:   2.5020E+00 -4.5815E+00 -2.2251E+00  7.4005E+00 -3.7058E+00 -8.0470E-01  6.9914E-01  7.0408E-01 -5.6257E-02 -6.4246E-02
            -8.4110E-02  1.4861E+00

0ITERATION NO.:   78    OBJECTIVE VALUE:   36411.2698911111        NO. OF FUNC. EVALS.:  20
 CUMULATIVE NO. OF FUNC. EVALS.:      871
 NPARAMETR: -1.9400E+00  1.7664E+00  1.0872E+00  4.5712E+00  1.6449E+00  8.1725E-02  9.8266E-02 -3.2631E-03  2.6941E-01 -1.8901E-02
             1.4663E-01  3.3078E+04
 PARAMETER: -4.6190E-01  4.3508E-02  9.7947E-02  1.0680E-01  1.2557E-01  8.0382E-01  4.8612E-01 -1.6142E-02  1.2555E+00 -9.4332E-02
             3.7698E-01  1.8494E+00
 GRADIENT:   2.5575E+00 -2.7585E+00 -3.5414E+00 -5.6727E-01 -3.6534E+00 -6.3322E-01  5.6149E-01  7.1365E-01 -2.2821E-02 -9.7538E-02
            -8.1876E-02  2.5079E+00

0ITERATION NO.:   79    OBJECTIVE VALUE:   36411.2688300650        NO. OF FUNC. EVALS.:  20
 CUMULATIVE NO. OF FUNC. EVALS.:      891
 NPARAMETR: -1.9398E+00  1.7672E+00  1.0872E+00  4.5711E+00  1.6452E+00  8.1911E-02  9.8160E-02 -3.3726E-03  2.6884E-01 -1.9090E-02
             1.4663E-01  3.3080E+04
 PARAMETER: -4.6186E-01  4.3526E-02  9.7943E-02  1.0680E-01  1.2559E-01  8.0495E-01  4.8504E-01 -1.6665E-02  1.2553E+00 -9.4791E-02
             3.7690E-01  1.8495E+00
 GRADIENT:   1.8529E+00  1.8052E-01 -4.2524E+00 -7.2350E+00 -2.2076E+00 -2.0859E-01  2.0624E-01  4.8478E-01  1.6736E-02 -1.0786E-01
            -5.2886E-02  2.8996E+00

0ITERATION NO.:   80    OBJECTIVE VALUE:   36411.2680794884        NO. OF FUNC. EVALS.:  19
 CUMULATIVE NO. OF FUNC. EVALS.:      910
 NPARAMETR: -1.9400E+00  1.7674E+00  1.0873E+00  4.5711E+00  1.6453E+00  8.2057E-02  9.8021E-02 -3.6573E-03  2.6821E-01 -1.9362E-02
             1.4664E-01  3.3064E+04
 PARAMETER: -4.6190E-01  4.3531E-02  9.7959E-02  1.0680E-01  1.2560E-01  8.0584E-01  4.8392E-01 -1.8056E-02  1.2550E+00 -9.4470E-02
             3.7691E-01  1.8492E+00
 GRADIENT:  -1.2207E-01  1.2453E+00 -5.5996E-01 -2.8580E+00  1.3225E-01  2.0557E-01 -1.6974E-01 -1.1680E-01  2.5042E-02 -6.2307E-03
             1.1392E-02  2.0373E-01

0ITERATION NO.:   81    OBJECTIVE VALUE:   36411.2679645105        NO. OF FUNC. EVALS.:  19
 CUMULATIVE NO. OF FUNC. EVALS.:      929
 NPARAMETR: -1.9400E+00  1.7671E+00  1.0874E+00  4.5711E+00  1.6452E+00  8.1980E-02  9.8063E-02 -3.5993E-03  2.6843E-01 -1.9269E-02
             1.4664E-01  3.3064E+04
 PARAMETER: -4.6192E-01  4.3523E-02  9.7961E-02  1.0680E-01  1.2559E-01  8.0537E-01  4.8436E-01 -1.7778E-02  1.2550E+00 -9.4284E-02
             3.7695E-01  1.8492E+00
 GRADIENT:   9.8985E-02  8.1393E-02 -3.2437E-01 -4.5646E-01 -1.2399E-01  2.6120E-02 -2.0643E-02 -9.0548E-04  3.7001E-03 -5.7296E-03
             9.9224E-04  1.4291E-01

0ITERATION NO.:   82    OBJECTIVE VALUE:   36411.2679645105        NO. OF FUNC. EVALS.:  12
 CUMULATIVE NO. OF FUNC. EVALS.:      941
 NPARAMETR: -1.9400E+00  1.7671E+00  1.0874E+00  4.5711E+00  1.6452E+00  8.1980E-02  9.8063E-02 -3.5993E-03  2.6843E-01 -1.9269E-02
             1.4664E-01  3.3064E+04
 PARAMETER: -4.6192E-01  4.3523E-02  9.7961E-02  1.0680E-01  1.2559E-01  8.0537E-01  4.8436E-01 -1.7778E-02  1.2550E+00 -9.4284E-02
             3.7695E-01  1.8492E+00
 GRADIENT:   9.8985E-02  8.1393E-02 -3.2437E-01 -4.5646E-01 -1.2399E-01  2.6120E-02 -2.0643E-02 -9.0548E-04  3.7001E-03 -5.7296E-03
             9.9224E-04  1.4291E-01
 Elapsed estimation  time in seconds:    55.33
 Elapsed covariance  time in seconds:    17.72
 Elapsed postprocess time in seconds:     3.19
 Elapsed finaloutput time in seconds:     0.31
Done with nonmem execution
