Wed 31 Jul 2024 03:33:39 PM EDT
$PROBLEM From bbr: see 103.yaml for details

$INPUT C NUM ID TIME SEQ CMT EVID AMT DV AGE WT HT EGFR ALB BMI SEX AAG
       SCR AST ALT CP TAFD TAD LDOS MDV BLQ PHASE

$DATA ../../../data/derived/pk.csv IGNORE=(C='C', BLQ=1)

$SUBROUTINE ADVAN4 TRANS4

$PK
 
;log transformed PK parms
 
V2WT = LOG(WT/70)
CLWT = LOG(WT/70)*0.75
V3WT = LOG(WT/70)
QWT  = LOG(WT/70)*0.75

KA   = EXP(THETA(1)+ETA(1))
V2   = EXP(THETA(2)+V2WT+ETA(2))
CL   = EXP(THETA(3)+CLWT+ETA(3))
V3   = EXP(THETA(4)+V3WT)
Q    = EXP(THETA(5)+QWT) 

S2 = V2/1000 ; dose in mcg, conc in mcg/mL

$ERROR
IPRED = F 
Y=IPRED+EPS(1)

$THETA  ; log values
(0.42)   ;  1 KA (1/hr) - 1.5
(4.06)   ;  2 V2 (L) - 60
(1.11)     ;  3 CL (L/hr) - 3.5
(4.28)     ;  4 V3 (L) - 70
(1.31)     ;  5 Q  (L/hr) - 4


$OMEGA BLOCK(3)
0.02   ;ETA(KA)
0.01 0.02   ;ETA(V2)
0.01 0.01 0.09   ;ETA(CL)

$SIGMA
1000     ; 1 add error

$EST MAXEVAL=9999 METHOD=1 INTER SIGL=6 NSIG=3 PRINT=1 RANMETHOD=P MSFO=./103.MSF 
$COV PRINT=E RANMETHOD=P
$TABLE NUM IPRED NPDE CWRES NOPRINT ONEHEADER RANMETHOD=P FILE=103.tab
$TABLE NUM CL V2 Q V3 KA ETAS(1:LAST) NOAPPEND NOPRINT ONEHEADER FILE=103par.tab

NM-TRAN MESSAGES
  
 WARNINGS AND ERRORS (IF ANY) FOR PROBLEM    1
             
 (WARNING  2) NM-TRAN INFERS THAT THE DATA ARE POPULATION.
  
Note: Analytical 2nd Derivatives are constructed in FSUBS but are never used.
      You may insert $ABBR DERIV2=NO after the first $PROB to save FSUBS construction and compilation time
  

License Registered to: Metrum Research Group (with RADAR5NM)
Expiration Date:    14 JUL 2025
Current Date:       31 JUL 2024
Days until program expires : 348
1NONLINEAR MIXED EFFECTS MODEL PROGRAM (NONMEM) VERSION 7.5.1
 ORIGINALLY DEVELOPED BY STUART BEAL, LEWIS SHEINER, AND ALISON BOECKMANN
 CURRENT DEVELOPERS ARE ROBERT BAUER, ICON DEVELOPMENT SOLUTIONS,
 AND ALISON BOECKMANN. IMPLEMENTATION, EFFICIENCY, AND STANDARDIZATION
 PERFORMED BY NOUS INFOSYSTEMS.

 PROBLEM NO.:         1
 From bbr: see 103.yaml for details
0DATA CHECKOUT RUN:              NO
 DATA SET LOCATED ON UNIT NO.:    2
 THIS UNIT TO BE REWOUND:        NO
 NO. OF DATA RECS IN DATA SET:     4292
 NO. OF DATA ITEMS IN DATA SET:  27
 ID DATA ITEM IS DATA ITEM NO.:   3
 DEP VARIABLE IS DATA ITEM NO.:   9
 MDV DATA ITEM IS DATA ITEM NO.: 25
0INDICES PASSED TO SUBROUTINE PRED:
   7   4   8   0   0   0   6   0   0   0   0
0LABELS FOR DATA ITEMS:
 C NUM ID TIME SEQ CMT EVID AMT DV AGE WT HT EGFR ALB BMI SEX AAG SCR AST ALT CP TAFD TAD LDOS MDV BLQ PHASE
0(NONBLANK) LABELS FOR PRED-DEFINED ITEMS:
 KA V2 CL V3 Q IPRED
0FORMAT FOR DATA:
 (2(10E7.0/),7E7.0)

 TOT. NO. OF OBS RECS:     3142
 TOT. NO. OF INDIVIDUALS:      160
0LENGTH OF THETA:   5
0DEFAULT THETA BOUNDARY TEST OMITTED:    NO
0OMEGA HAS BLOCK FORM:
  1
  1  1
  1  1  1
0DEFAULT OMEGA BOUNDARY TEST OMITTED:    NO
0SIGMA HAS SIMPLE DIAGONAL FORM WITH DIMENSION:   1
0DEFAULT SIGMA BOUNDARY TEST OMITTED:    NO
0INITIAL ESTIMATE OF THETA:
   0.4200E+00  0.4060E+01  0.1110E+01  0.4280E+01  0.1310E+01
0INITIAL ESTIMATE OF OMEGA:
 BLOCK SET NO.   BLOCK                                                                    FIXED
        1                                                                                   NO
                  0.2000E-01
                  0.1000E-01   0.2000E-01
                  0.1000E-01   0.1000E-01   0.9000E-01
0INITIAL ESTIMATE OF SIGMA:
 0.1000E+04
0COVARIANCE STEP OMITTED:        NO
 EIGENVLS. PRINTED:             YES
 SPECIAL COMPUTATION:            NO
 COMPRESSED FORMAT:              NO
 GRADIENT METHOD USED:     NOSLOW
 SIGDIGITS ETAHAT (SIGLO):                  -1
 SIGDIGITS GRADIENTS (SIGL):                -1
 EXCLUDE COV FOR FOCE (NOFCOV):              NO
 Cholesky Transposition of R Matrix (CHOLROFF):0
 KNUTHSUMOFF:                                -1
 RESUME COV ANALYSIS (RESUME):               NO
 SIR SAMPLE SIZE (SIRSAMPLE):
 NON-LINEARLY TRANSFORM THETAS DURING COV (THBND): 1
 PRECONDTIONING CYCLES (PRECOND):        0
 PRECONDTIONING TYPES (PRECONDS):        TOS
 FORCED PRECONDTIONING CYCLES (PFCOND):0
 PRECONDTIONING TYPE (PRETYPE):        0
 FORCED POS. DEFINITE SETTING DURING PRECONDITIONING: (FPOSDEF):0
 SIMPLE POS. DEFINITE SETTING: (POSDEF):-1
0TABLES STEP OMITTED:    NO
 NO. OF TABLES:           2
 SEED NUMBER (SEED):    11456
 NPDTYPE:    0
 INTERPTYPE:    0
 RANMETHOD:             3UP
 MC SAMPLES (ESAMPLE):    300
 WRES SQUARE ROOT TYPE (WRESCHOL): EIGENVALUE
0-- TABLE   1 --
0RECORDS ONLY:    ALL
04 COLUMNS APPENDED:    YES
 PRINTED:                NO
 HEADERS:               ONE
 FILE TO BE FORWARDED:   NO
 FORMAT:                S1PE11.4
 IDFORMAT:
 LFORMAT:
 RFORMAT:
 FIXED_EFFECT_ETAS:
0USER-CHOSEN ITEMS:
 NUM IPRED NPDE CWRES
0-- TABLE   2 --
0RECORDS ONLY:    ALL
04 COLUMNS APPENDED:    NO
 PRINTED:                NO
 HEADERS:               ONE
 FILE TO BE FORWARDED:   NO
 FORMAT:                S1PE11.4
 IDFORMAT:
 LFORMAT:
 RFORMAT:
 FIXED_EFFECT_ETAS:
0USER-CHOSEN ITEMS:
 NUM CL V2 Q V3 KA ETA1 ETA2 ETA3
1DOUBLE PRECISION PREDPP VERSION 7.5.1

 TWO COMPARTMENT MODEL WITH FIRST-ORDER ABSORPTION (ADVAN4)
0MAXIMUM NO. OF BASIC PK PARAMETERS:   5
0BASIC PK PARAMETERS (AFTER TRANSLATION):
   BASIC PK PARAMETER NO.  1: ELIMINATION RATE (K)
   BASIC PK PARAMETER NO.  2: CENTRAL-TO-PERIPH. RATE (K23)
   BASIC PK PARAMETER NO.  3: PERIPH.-TO-CENTRAL RATE (K32)
   BASIC PK PARAMETER NO.  5: ABSORPTION RATE (KA)
 TRANSLATOR WILL CONVERT PARAMETERS
 CL, V2, Q, V3 TO K, K23, K32 (TRANS4)
0COMPARTMENT ATTRIBUTES
 COMPT. NO.   FUNCTION   INITIAL    ON/OFF      DOSE      DEFAULT    DEFAULT
                         STATUS     ALLOWED    ALLOWED    FOR DOSE   FOR OBS.
    1         DEPOT        OFF        YES        YES        YES        NO
    2         CENTRAL      ON         NO         YES        NO         YES
    3         PERIPH.      ON         NO         YES        NO         NO
    4         OUTPUT       OFF        YES        NO         NO         NO
1
 ADDITIONAL PK PARAMETERS - ASSIGNMENT OF ROWS IN GG
 COMPT. NO.                             INDICES
              SCALE      BIOAVAIL.   ZERO-ORDER  ZERO-ORDER  ABSORB
                         FRACTION    RATE        DURATION    LAG
    1            *           *           *           *           *
    2            6           *           *           *           *
    3            *           *           *           *           *
    4            *           -           -           -           -
             - PARAMETER IS NOT ALLOWED FOR THIS MODEL
             * PARAMETER IS NOT SUPPLIED BY PK SUBROUTINE;
               WILL DEFAULT TO ONE IF APPLICABLE
0DATA ITEM INDICES USED BY PRED ARE:
   EVENT ID DATA ITEM IS DATA ITEM NO.:      7
   TIME DATA ITEM IS DATA ITEM NO.:          4
   DOSE AMOUNT DATA ITEM IS DATA ITEM NO.:   8
   COMPT. NO. DATA ITEM IS DATA ITEM NO.:    6

0PK SUBROUTINE CALLED WITH EVERY EVENT RECORD.
 PK SUBROUTINE NOT CALLED AT NONEVENT (ADDITIONAL OR LAGGED) DOSE TIMES.
0ERROR SUBROUTINE CALLED WITH EVERY EVENT RECORD.
1


 #TBLN:      1
 #METH: First Order Conditional Estimation with Interaction

 ESTIMATION STEP OMITTED:                 NO
 ANALYSIS TYPE:                           POPULATION
 NUMBER OF SADDLE POINT RESET ITERATIONS:      0
 GRADIENT METHOD USED:               NOSLOW
 CONDITIONAL ESTIMATES USED:              YES
 CENTERED ETA:                            NO
 EPS-ETA INTERACTION:                     YES
 LAPLACIAN OBJ. FUNC.:                    NO
 NO. OF FUNCT. EVALS. ALLOWED:            9999
 NO. OF SIG. FIGURES REQUIRED:            3
 INTERMEDIATE PRINTOUT:                   YES
 ESTIMATE OUTPUT TO MSF:                  YES
 IND. OBJ. FUNC. VALUES SORTED:           NO
 NUMERICAL DERIVATIVE
       FILE REQUEST (NUMDER):               NONE
 MAP (ETAHAT) ESTIMATION METHOD (OPTMAP):   0
 ETA HESSIAN EVALUATION METHOD (ETADER):    0
 INITIAL ETA FOR MAP ESTIMATION (MCETA):    0
 SIGDIGITS FOR MAP ESTIMATION (SIGLO):      6
 GRADIENT SIGDIGITS OF
       FIXED EFFECTS PARAMETERS (SIGL):     6
 NOPRIOR SETTING (NOPRIOR):                 0
 NOCOV SETTING (NOCOV):                     OFF
 DERCONT SETTING (DERCONT):                 OFF
 FINAL ETA RE-EVALUATION (FNLETA):          1
 EXCLUDE NON-INFLUENTIAL (NON-INFL.) ETAS
       IN SHRINKAGE (ETASTYPE):             NO
 NON-INFL. ETA CORRECTION (NONINFETA):      0
 RAW OUTPUT FILE (FILE): 103.ext
 EXCLUDE TITLE (NOTITLE):                   NO
 EXCLUDE COLUMN LABELS (NOLABEL):           NO
 FORMAT FOR ADDITIONAL FILES (FORMAT):      S1PE12.5
 PARAMETER ORDER FOR OUTPUTS (ORDER):       TSOL
 KNUTHSUMOFF:                               0
 INCLUDE LNTWOPI:                           NO
 INCLUDE CONSTANT TERM TO PRIOR (PRIORC):   NO
 INCLUDE CONSTANT TERM TO OMEGA (ETA) (OLNTWOPI):NO
 ADDITIONAL CONVERGENCE TEST (CTYPE=4)?:    NO
 EM OR BAYESIAN METHOD USED:                 NONE


 THE FOLLOWING LABELS ARE EQUIVALENT
 PRED=PREDI
 RES=RESI
 WRES=WRESI
 IWRS=IWRESI
 IPRD=IPREDI
 IRS=IRESI

 MONITORING OF SEARCH:


0ITERATION NO.:    0    OBJECTIVE VALUE:   118345.217457161        NO. OF FUNC. EVALS.:   8
 CUMULATIVE NO. OF FUNC. EVALS.:        8
 NPARAMETR:  4.2000E-01  4.0600E+00  1.1100E+00  4.2800E+00  1.3100E+00  2.0000E-02  1.0000E-02  1.0000E-02  2.0000E-02  1.0000E-02
             9.0000E-02  1.0000E+03
 PARAMETER:  1.0000E-01  1.0000E-01  1.0000E-01  1.0000E-01  1.0000E-01  1.0000E-01  1.0000E-01  1.0000E-01  1.0000E-01  1.0000E-01
             1.0000E-01  1.0000E-01
 GRADIENT:   3.6496E+03  6.1509E+04  1.6685E+04  1.6805E+05 -1.9883E+04 -1.8117E+03  7.8003E+02  2.1268E+02 -9.0177E+02 -1.3980E+02
            -2.2311E+02 -1.8163E+05

0ITERATION NO.:    1    OBJECTIVE VALUE:   117471.860340520        NO. OF FUNC. EVALS.:  12
 CUMULATIVE NO. OF FUNC. EVALS.:       20
 NPARAMETR:  4.1968E-01  4.0084E+00  1.1062E+00  4.1315E+00  1.3154E+00  2.0001E-02  9.9988E-03  9.9999E-03  1.9999E-02  9.9992E-03
             9.0000E-02  1.0075E+03
 PARAMETER:  9.9925E-02  9.8730E-02  9.9656E-02  9.6530E-02  1.0041E-01  1.0004E-01  9.9984E-02  9.9996E-02  1.0002E-01  1.0000E-01
             1.0000E-01  1.0375E-01
 GRADIENT:   4.6046E+03  1.8632E+04  1.7351E+04 -1.0724E+04 -2.0293E+04 -1.7841E+03  8.3233E+02  2.8207E+02 -9.8826E+02 -1.0234E+02
            -2.2517E+02 -1.7978E+05

0ITERATION NO.:    2    OBJECTIVE VALUE:   90187.4822934087        NO. OF FUNC. EVALS.:   9
 CUMULATIVE NO. OF FUNC. EVALS.:       29
 NPARAMETR:  3.5307E-01  1.2455E+00  4.4008E-01  5.0860E+00  2.2352E+00  2.0250E-02  9.7712E-03  9.9642E-03  1.9818E-02  9.8433E-03
             9.0046E-02  3.4991E+03
 PARAMETER:  8.4064E-02  3.0677E-02  3.9647E-02  1.1883E-01  1.7062E-01  1.0622E-01  9.7107E-02  9.9025E-02  1.0343E-01  1.0036E-01
             1.0078E-01  7.2625E-01
 GRADIENT:   8.4387E+04 -8.7578E+04 -4.4763E+04  7.1006E+05 -6.5099E+04 -3.3426E+04  2.6852E+04  2.3028E+04 -4.6414E+03 -7.9861E+02
            -6.2526E+03 -8.1606E+04

0ITERATION NO.:    3    OBJECTIVE VALUE:   58224.7544862934        NO. OF FUNC. EVALS.:   9
 CUMULATIVE NO. OF FUNC. EVALS.:       38
 NPARAMETR:  1.3639E-01  4.9819E+00  3.7307E-01  4.2646E+00  3.0955E+00  2.1061E-02  8.4296E-03  8.9106E-03  1.8600E-02  8.6472E-03
             8.9518E-02  6.6632E+03
 PARAMETER:  3.2473E-02  1.2271E-01  3.3610E-02  9.9640E-02  2.3630E-01  1.2586E-01  8.2145E-02  8.6832E-02  1.0749E-01  1.0086E-01
             1.0430E-01  1.0483E+00
 GRADIENT:  -1.1940E+04  4.9524E+05 -2.2752E+04  4.4690E+05  1.1349E+05  2.5802E+02 -8.2308E+03  1.0224E+03 -1.1248E+04  5.7304E+03
            -2.1239E+03 -4.0480E+04

0ITERATION NO.:    4    OBJECTIVE VALUE:   44401.7273884498        NO. OF FUNC. EVALS.:   9
 CUMULATIVE NO. OF FUNC. EVALS.:       47
 NPARAMETR: -6.8193E-01  3.3417E+00  1.9982E+00  4.7324E+00  2.5242E+00  2.4680E-02  3.4582E-03  3.1606E-03  1.6705E-02  5.2381E-03
             8.9090E-02  9.2126E+03
 PARAMETER: -1.6237E-01  8.2307E-02  1.8002E-01  1.1057E-01  1.9269E-01  2.0514E-01  3.1130E-02  2.8452E-02  1.3912E-01  9.2225E-02
             1.2307E-01  1.2103E+00
 GRADIENT:  -6.1645E+02  5.3212E+04  3.0558E+04  2.7214E+05  7.5727E+04 -1.3542E+02  3.6854E+02 -3.0983E+02 -4.5978E+02 -1.2496E+03
            -2.3371E+03 -2.0938E+04

0ITERATION NO.:    5    OBJECTIVE VALUE:   43024.2923750621        NO. OF FUNC. EVALS.:  10
 CUMULATIVE NO. OF FUNC. EVALS.:       57
 NPARAMETR: -7.4357E-01  3.4524E+00  2.0250E+00  4.7097E+00  2.2175E+00  2.4973E-02  3.0375E-03  2.7024E-03  1.6669E-02  5.1209E-03
             8.9322E-02  9.4695E+03
 PARAMETER: -1.7704E-01  8.5034E-02  1.8243E-01  1.1004E-01  1.6927E-01  2.1102E-01  2.7183E-02  2.4184E-02  1.4154E-01  9.1944E-02
             1.2509E-01  1.2240E+00
 GRADIENT:  -2.2241E+03  5.3619E+04  3.0608E+04  1.8692E+05  3.1551E+04 -1.9911E+02  3.1723E+02  1.4529E+02 -4.6397E+02 -1.2259E+03
            -2.3685E+03 -1.7893E+04

0ITERATION NO.:    6    OBJECTIVE VALUE:   41537.9144790767        NO. OF FUNC. EVALS.:   9
 CUMULATIVE NO. OF FUNC. EVALS.:       66
 NPARAMETR: -1.1404E+00  2.8046E+00  8.7063E-01  4.8367E+00  2.1830E+00  2.7358E-02 -7.4498E-04 -1.4143E-03  1.6870E-02  5.1487E-03
             9.3738E-02  9.5632E+03
 PARAMETER: -2.7153E-01  6.9078E-02  7.8435E-02  1.1301E-01  1.6664E-01  2.5664E-01 -6.3696E-03 -1.2092E-02  1.5814E-01  9.6431E-02
             1.5010E-01  1.2290E+00
 GRADIENT:   1.9328E+03  2.1976E+04 -2.5321E+03  1.6861E+05  2.9252E+04 -1.5100E+02  1.2172E+02  2.9151E+02 -2.3072E+02 -2.0303E+01
            -3.2856E+02 -1.7193E+04

0ITERATION NO.:    7    OBJECTIVE VALUE:   41390.2675662565        NO. OF FUNC. EVALS.:  10
 CUMULATIVE NO. OF FUNC. EVALS.:       76
 NPARAMETR: -1.0176E+00  3.0211E+00  9.7413E-01  4.7881E+00  2.1813E+00  2.3525E-02  5.2061E-03 -1.7049E-02  2.0555E-02  3.0270E-03
             1.4126E-01  9.6324E+03
 PARAMETER: -2.4228E-01  7.4411E-02  8.7759E-02  1.1187E-01  1.6651E-01  1.8116E-01  4.8003E-02 -1.5720E-01  2.2868E-01  1.1958E-01
             3.0877E-01  1.2326E+00
 GRADIENT:   1.2533E+03  3.2897E+04  6.9119E+02  1.5378E+05  2.4322E+04 -1.7040E+02  1.5265E+02  6.3343E+01 -3.7261E+02  4.8907E+00
            -1.1578E+02 -1.6879E+04

0ITERATION NO.:    8    OBJECTIVE VALUE:   41387.2784619601        NO. OF FUNC. EVALS.:  11
 CUMULATIVE NO. OF FUNC. EVALS.:       87
 NPARAMETR: -1.0657E+00  3.0117E+00  9.5854E-01  4.7870E+00  2.1864E+00  2.1899E-02  5.0257E-03 -1.7690E-02  2.0987E-02  3.1030E-03
             1.4206E-01  9.6300E+03
 PARAMETER: -2.5374E-01  7.4179E-02  8.6355E-02  1.1184E-01  1.6690E-01  1.4535E-01  4.8029E-02 -1.6906E-01  2.3965E-01  1.2458E-01
             3.0345E-01  1.2324E+00
 GRADIENT:   9.8556E+01  3.9671E+04  1.3117E+02  1.5377E+05  2.6957E+04 -1.6521E+02  2.6416E+02  5.7164E+01 -3.9560E+02  2.7917E+01
            -1.1763E+02 -1.6872E+04

0ITERATION NO.:    9    OBJECTIVE VALUE:   41313.0969306391        NO. OF FUNC. EVALS.:   9
 CUMULATIVE NO. OF FUNC. EVALS.:       96
 NPARAMETR: -1.1801E+00  2.9211E+00  9.3409E-01  4.7964E+00  2.1814E+00  1.2540E-02 -7.6063E-03 -2.5827E-02  2.7903E-02  2.8002E-02
             1.7033E-01  9.6508E+03
 PARAMETER: -2.8098E-01  7.1948E-02  8.4153E-02  1.1207E-01  1.6652E-01 -1.3340E-01 -9.6059E-02 -3.2616E-01  3.1996E-01  1.9802E-01
             2.4154E-01  1.2335E+00
 GRADIENT:  -4.9213E+02  3.5184E+04 -1.3734E+03  1.5186E+05  2.8657E+04 -1.2823E+02  2.9163E+02 -9.9307E+01 -2.6754E+02  1.4335E+02
            -1.6247E+02 -1.6791E+04

0ITERATION NO.:   10    OBJECTIVE VALUE:   41256.7173829230        NO. OF FUNC. EVALS.:   9
 CUMULATIVE NO. OF FUNC. EVALS.:      105
 NPARAMETR: -1.2139E+00  3.0629E+00  8.7320E-01  4.7442E+00  2.2212E+00  6.2962E-03 -2.1559E-02 -2.0126E-02  1.1323E-01  7.0019E-02
             1.8318E-01  9.6691E+03
 PARAMETER: -2.8902E-01  7.5441E-02  7.8666E-02  1.1085E-01  1.6956E-01 -4.7789E-01 -3.8423E-01 -3.5870E-01  5.8302E-01  1.3649E-02
             2.7738E-01  1.2345E+00
 GRADIENT:  -2.0586E+03  2.8567E+04 -3.5695E+03  1.3740E+05  3.5350E+04 -1.0342E+02  1.0491E+02 -1.8320E+02 -1.3708E+02  1.4088E+02
            -1.8004E+02 -1.6609E+04

0ITERATION NO.:   11    OBJECTIVE VALUE:   41245.0879062053        NO. OF FUNC. EVALS.:   9
 CUMULATIVE NO. OF FUNC. EVALS.:      114
 NPARAMETR: -1.1353E+00  3.2091E+00  8.2490E-01  4.7065E+00  2.2309E+00  5.8881E-03 -2.2525E-02 -2.1456E-02  1.3719E-01  7.9560E-02
             1.8583E-01  9.6722E+03
 PARAMETER: -2.7030E-01  7.9042E-02  7.4315E-02  1.0996E-01  1.7030E-01 -5.1140E-01 -4.1513E-01 -3.9543E-01  7.1210E-01 -2.7298E-02
             2.2742E-01  1.2346E+00
 GRADIENT:  -1.4734E+03  3.2046E+04 -4.8325E+03  1.2606E+05  3.0642E+04 -6.0662E+01  9.0375E+01 -1.7121E+02 -1.7180E+02  2.0534E+02
            -2.1136E+02 -1.6512E+04

0ITERATION NO.:   12    OBJECTIVE VALUE:   41176.8568816282        NO. OF FUNC. EVALS.:  10
 CUMULATIVE NO. OF FUNC. EVALS.:      124
 NPARAMETR: -1.0826E+00  3.3767E+00  1.0260E+00  4.6666E+00  2.2825E+00  5.6444E-03 -2.7320E-02 -8.5976E-03  2.4270E-01  8.2358E-02
             1.5103E-01  9.6992E+03
 PARAMETER: -2.5777E-01  8.3171E-02  9.2430E-02  1.0903E-01  1.7424E-01 -5.3253E-01 -5.1426E-01 -1.6184E-01  1.0984E+00  3.0027E-01
             2.9427E-01  1.2360E+00
 GRADIENT:  -2.4096E+02  2.2367E+04 -1.0056E+03  1.2440E+05  3.2957E+04 -4.1792E+01  4.7982E+01 -6.5435E+01 -9.1665E+01  5.8270E+01
            -1.1770E+02 -1.6440E+04

0ITERATION NO.:   13    OBJECTIVE VALUE:   37337.6261852089        NO. OF FUNC. EVALS.:  13
 CUMULATIVE NO. OF FUNC. EVALS.:      137
 NPARAMETR: -1.6408E+00  2.4984E+00  7.5035E-01  4.8121E+00  1.7894E+00  5.8976E-03 -3.0279E-02 -3.3666E-02  1.6587E-01  1.4580E-01
             6.8930E-01  1.9966E+04
 PARAMETER: -3.9068E-01  6.1536E-02  6.7599E-02  1.1243E-01  1.3660E-01 -5.1059E-01 -5.5760E-01 -6.1998E-01 -8.2901E-02 -6.4953E-01
             9.1673E-01  1.5970E+00
 GRADIENT:  -1.1568E+02  1.2021E+04 -1.2041E+03  4.1827E+04  1.3900E+03 -2.4167E+01 -4.0570E+01 -1.0609E+02 -1.8369E+01 -8.1466E+00
             5.9510E+01 -4.6318E+03

0ITERATION NO.:   14    OBJECTIVE VALUE:   36687.6739238199        NO. OF FUNC. EVALS.:   9
 CUMULATIVE NO. OF FUNC. EVALS.:      146
 NPARAMETR: -2.0338E+00  1.7691E+00  1.1114E+00  4.9166E+00  1.5628E+00  1.6959E-02 -3.0590E-02 -2.6587E-02  5.9457E-02  4.8955E-02
             7.0466E-01  3.2695E+04
 PARAMETER: -4.8425E-01  4.3573E-02  1.0013E-01  1.1487E-01  1.1930E-01  1.7544E-02 -3.3219E-01 -2.8872E-01 -5.2679E-01  3.7438E-02
             1.1368E+00  1.8436E+00
 GRADIENT:  -1.2491E+03 -2.2513E+03  8.4408E+02  2.1143E+04  6.3164E+03 -3.1069E+01 -1.0154E+02 -4.5026E+01 -8.4175E+00  3.7853E+00
             1.6189E+02 -5.7427E+02

0ITERATION NO.:   15    OBJECTIVE VALUE:   36618.3842633799        NO. OF FUNC. EVALS.:   9
 CUMULATIVE NO. OF FUNC. EVALS.:      155
 NPARAMETR: -1.8864E+00  2.0292E+00  1.0975E+00  4.8377E+00  1.5907E+00  1.7231E-02 -3.5302E-02 -2.5809E-02  7.9698E-02  5.4037E-02
             5.8813E-01  3.4609E+04
 PARAMETER: -4.4915E-01  4.9979E-02  9.8876E-02  1.1303E-01  1.2143E-01  2.5500E-02 -3.8032E-01 -2.7806E-01 -2.5490E-01  3.3117E-02
             1.0429E+00  1.8721E+00
 GRADIENT:   3.5172E+02  3.1431E+03  6.0312E+02  1.8284E+04 -4.4952E+02  8.2230E+00 -6.4690E+01 -4.5964E+01 -8.0249E+00  3.6356E+00
             1.5100E+02 -1.0456E+02

0ITERATION NO.:   16    OBJECTIVE VALUE:   36558.7671844631        NO. OF FUNC. EVALS.:  10
 CUMULATIVE NO. OF FUNC. EVALS.:      165
 NPARAMETR: -1.8521E+00  1.9856E+00  1.0146E+00  4.7818E+00  1.5916E+00  3.1777E-02 -2.9551E-02 -2.2913E-02  3.3250E-02  2.1281E-02
             2.8626E-01  3.6967E+04
 PARAMETER: -4.4099E-01  4.8907E-02  9.1401E-02  1.1173E-01  1.2150E-01  3.3150E-01 -2.3444E-01 -1.8178E-01 -3.7780E-01 -8.6870E-04
             6.8731E-01  1.9050E+00
 GRADIENT:   9.4702E+02  2.2201E+03  5.1419E+01  1.4236E+04 -2.3936E+03  2.9988E+01 -3.5219E+01 -4.6866E+01 -1.1657E+01  6.5240E+00
             7.2927E+01  3.2177E+02

0ITERATION NO.:   17    OBJECTIVE VALUE:   36530.6914614314        NO. OF FUNC. EVALS.:  13
 CUMULATIVE NO. OF FUNC. EVALS.:      178
 NPARAMETR: -1.8422E+00  2.0325E+00  1.0172E+00  4.7247E+00  1.6197E+00  4.0418E-02 -2.9809E-02 -4.4624E-03  2.8906E-02  6.0939E-03
             1.7007E-01  3.6941E+04
 PARAMETER: -4.3863E-01  5.0062E-02  9.1641E-02  1.1039E-01  1.2364E-01  4.5177E-01 -2.0969E-01 -3.1390E-02 -2.8677E-01  8.2526E-02
             4.5186E-01  1.9047E+00
 GRADIENT:   7.6589E+02  3.2920E+03 -2.9539E+02  1.2071E+04 -2.2549E+03  3.9017E+01 -4.0108E+01 -7.7803E+00 -1.4488E+01  1.1186E+01
            -1.3570E+00  3.5532E+02

0ITERATION NO.:   18    OBJECTIVE VALUE:   36511.9705278411        NO. OF FUNC. EVALS.:   9
 CUMULATIVE NO. OF FUNC. EVALS.:      187
 NPARAMETR: -1.9027E+00  2.0151E+00  1.0494E+00  4.6618E+00  1.6647E+00  4.3395E-02 -2.8198E-02  1.8070E-02  2.5869E-02 -4.8279E-03
             1.2364E-01  3.4474E+04
 PARAMETER: -4.5303E-01  4.9632E-02  9.4537E-02  1.0892E-01  1.2708E-01  4.8731E-01 -1.9143E-01  1.2267E-01 -2.4347E-01  1.9494E-01
             2.3780E-01  1.8701E+00
 GRADIENT:  -1.6018E+02  2.6842E+03  3.4296E+02  1.0454E+04  9.9074E+02  2.1442E+01 -4.4773E+01  4.3106E+01 -1.6140E+01 -6.8624E+00
            -7.9191E+01 -9.7538E+00

0ITERATION NO.:   19    OBJECTIVE VALUE:   36505.1797147571        NO. OF FUNC. EVALS.:   9
 CUMULATIVE NO. OF FUNC. EVALS.:      196
 NPARAMETR: -1.9084E+00  1.9785E+00  9.8985E-01  4.6763E+00  1.6457E+00  3.4158E-02 -2.6316E-02 -7.3927E-03  2.6099E-02  6.3404E-03
             1.5726E-01  3.4683E+04
 PARAMETER: -4.5437E-01  4.8732E-02  8.9176E-02  1.0926E-01  1.2562E-01  3.6763E-01 -2.0137E-01 -5.6569E-02 -3.7299E-01  2.0695E-02
             4.1218E-01  1.8731E+00
 GRADIENT:  -5.4477E+01  1.8572E+03 -6.8068E+02  8.7403E+03  5.0996E+02  1.6102E+01 -3.9136E+01 -1.8596E+01 -1.4139E+01  1.1757E+01
            -1.2628E+01  2.3219E+01

0ITERATION NO.:   20    OBJECTIVE VALUE:   36496.3519395257        NO. OF FUNC. EVALS.:   9
 CUMULATIVE NO. OF FUNC. EVALS.:      205
 NPARAMETR: -1.9139E+00  2.0111E+00  1.0545E+00  4.6347E+00  1.6601E+00  3.2532E-02 -2.6361E-02 -1.5935E-03  2.8356E-02  6.2375E-03
             1.5785E-01  3.4733E+04
 PARAMETER: -4.5569E-01  4.9535E-02  9.4996E-02  1.0829E-01  1.2672E-01  3.4324E-01 -2.0669E-01 -1.2494E-02 -2.8143E-01  1.4486E-01
             4.0795E-01  1.8738E+00
 GRADIENT:  -3.5399E+02  2.4952E+03  2.3618E+02  6.3573E+03  1.0945E+03  6.6413E+00 -3.8466E+01 -4.6020E+00 -1.3978E+01  1.3204E+01
            -5.0083E+00  4.8399E+01

0ITERATION NO.:   21    OBJECTIVE VALUE:   36493.0107738688        NO. OF FUNC. EVALS.:   9
 CUMULATIVE NO. OF FUNC. EVALS.:      214
 NPARAMETR: -1.9152E+00  1.9933E+00  1.0411E+00  4.5901E+00  1.6706E+00  3.4990E-02 -2.0577E-02 -1.7371E-03  1.8373E-02  5.2374E-03
             1.4146E-01  3.4643E+04
 PARAMETER: -4.5601E-01  4.9097E-02  9.3790E-02  1.0725E-01  1.2753E-01  3.7966E-01 -1.5557E-01 -1.3134E-02 -3.3595E-01  1.3039E-01
             3.5414E-01  1.8725E+00
 GRADIENT:  -3.3364E+02  2.0139E+03 -1.1593E+02  2.3322E+03  1.0533E+03  3.2065E+00 -2.1993E+01 -8.2955E+00 -1.5383E+01  1.2329E+01
            -2.2026E+01  3.6790E+01

0ITERATION NO.:   22    OBJECTIVE VALUE:   36491.6153783185        NO. OF FUNC. EVALS.:   9
 CUMULATIVE NO. OF FUNC. EVALS.:      223
 NPARAMETR: -1.9176E+00  1.9593E+00  1.0446E+00  4.5805E+00  1.6650E+00  3.6986E-02 -1.5542E-02 -3.7070E-03  1.2118E-02  5.5983E-03
             1.4957E-01  3.4825E+04
 PARAMETER: -4.5657E-01  4.8259E-02  9.4110E-02  1.0702E-01  1.2710E-01  4.0741E-01 -1.1429E-01 -2.7260E-02 -3.9381E-01  1.3241E-01
             3.8133E-01  1.8752E+00
 GRADIENT:  -2.0210E+02  1.2243E+03 -8.5131E+01  1.0541E+03  8.0998E+02  3.8606E+00 -7.1530E+00 -1.5940E+01 -1.6304E+01  1.3976E+01
            -8.6931E+00  6.5972E+01

0ITERATION NO.:   23    OBJECTIVE VALUE:   36490.8623165453        NO. OF FUNC. EVALS.:   9
 CUMULATIVE NO. OF FUNC. EVALS.:      232
 NPARAMETR: -1.9101E+00  1.9563E+00  1.0420E+00  4.5715E+00  1.6609E+00  3.8088E-02 -1.3959E-02 -2.4360E-03  1.0575E-02  4.3711E-03
             1.5983E-01  3.4649E+04
 PARAMETER: -4.5479E-01  4.8184E-02  9.3871E-02  1.0681E-01  1.2679E-01  4.2209E-01 -1.0115E-01 -1.7652E-02 -4.0537E-01  1.1531E-01
             4.1816E-01  1.8726E+00
 GRADIENT:  -5.3239E+01  1.0497E+03 -1.5342E+02 -5.2867E+01  3.9788E+02  5.7585E+00 -1.2604E-01 -1.2920E+01 -1.7279E+01  1.4351E+01
             5.7803E+00  3.8866E+01

0ITERATION NO.:   24    OBJECTIVE VALUE:   36490.3877340513        NO. OF FUNC. EVALS.:   9
 CUMULATIVE NO. OF FUNC. EVALS.:      241
 NPARAMETR: -1.9142E+00  1.9480E+00  1.0407E+00  4.5757E+00  1.6518E+00  3.9113E-02 -1.5610E-02  2.4923E-03  1.1795E-02  2.1400E-03
             1.6398E-01  3.4365E+04
 PARAMETER: -4.5576E-01  4.7981E-02  9.3756E-02  1.0691E-01  1.2609E-01  4.3536E-01 -1.1162E-01  1.7822E-02 -3.9578E-01  1.0293E-01
             4.3256E-01  1.8685E+00
 GRADIENT:   8.2540E+00  8.3018E+02 -1.5228E+02  2.8852E+02  3.1937E+02  9.3055E+00 -8.2055E+00  1.1383E-01 -1.7281E+01  1.3205E+01
             1.0178E+01 -6.4687E+00

0ITERATION NO.:   25    OBJECTIVE VALUE:   36490.2375922638        NO. OF FUNC. EVALS.:   9
 CUMULATIVE NO. OF FUNC. EVALS.:      250
 NPARAMETR: -1.9277E+00  1.9357E+00  1.0405E+00  4.5761E+00  1.6385E+00  3.8383E-02 -1.8650E-02  5.4198E-03  1.4784E-02 -5.4742E-06
             1.6426E-01  3.4235E+04
 PARAMETER: -4.5897E-01  4.7678E-02  9.3734E-02  1.0692E-01  1.2507E-01  4.2595E-01 -1.3462E-01  3.9123E-02 -3.8186E-01  8.5096E-02
             4.3327E-01  1.8666E+00
 GRADIENT:  -1.8036E+01  6.5176E+02 -1.4029E+02  2.4320E+02  4.1398E+02  1.0049E+01 -1.9742E+01  6.9816E+00 -1.6440E+01  1.2033E+01
             9.9659E+00 -2.7027E+01

0ITERATION NO.:   26    OBJECTIVE VALUE:   36490.1874252347        NO. OF FUNC. EVALS.:   9
 CUMULATIVE NO. OF FUNC. EVALS.:      259
 NPARAMETR: -1.9333E+00  1.9286E+00  1.0405E+00  4.5761E+00  1.6323E+00  3.8110E-02 -1.9439E-02  5.7855E-03  1.5650E-02 -5.3602E-04
             1.6368E-01  3.4242E+04
 PARAMETER: -4.6030E-01  4.7502E-02  9.3741E-02  1.0692E-01  1.2461E-01  4.2237E-01 -1.4082E-01  4.1912E-02 -3.8077E-01  7.8118E-02
             4.3171E-01  1.8667E+00
 GRADIENT:  -2.0093E+01  5.4919E+02 -1.3834E+02  1.7615E+02  4.2076E+02  1.0194E+01 -2.2767E+01  7.4674E+00 -1.6143E+01  1.1696E+01
             9.3790E+00 -2.5606E+01

0ITERATION NO.:   27    OBJECTIVE VALUE:   36490.0170356142        NO. OF FUNC. EVALS.:  10
 CUMULATIVE NO. OF FUNC. EVALS.:      269
 NPARAMETR: -1.9485E+00  1.9084E+00  1.0418E+00  4.5752E+00  1.6140E+00  3.7288E-02 -2.1153E-02  5.9285E-03  1.7753E-02 -1.5228E-03
             1.6145E-01  3.4292E+04
 PARAMETER: -4.6393E-01  4.7004E-02  9.3859E-02  1.0690E-01  1.2321E-01  4.1147E-01 -1.5492E-01  4.3419E-02 -3.7910E-01  5.9426E-02
             4.2590E-01  1.8675E+00
 GRADIENT:  -1.5881E+01  3.1172E+02 -1.2488E+02 -8.4644E+01  3.7504E+02  1.0337E+01 -2.8891E+01  6.3420E+00 -1.5474E+01  1.0978E+01
             7.5050E+00 -1.6976E+01

0ITERATION NO.:   28    OBJECTIVE VALUE:   36489.9525154559        NO. OF FUNC. EVALS.:   9
 CUMULATIVE NO. OF FUNC. EVALS.:      278
 NPARAMETR: -1.9553E+00  1.8992E+00  1.0428E+00  4.5748E+00  1.6054E+00  3.6963E-02 -2.1690E-02  5.7842E-03  1.8485E-02 -1.8012E-03
             1.6026E-01  3.4312E+04
 PARAMETER: -4.6554E-01  4.6778E-02  9.3948E-02  1.0689E-01  1.2255E-01  4.0710E-01 -1.5955E-01  4.2548E-02 -3.7877E-01  5.1426E-02
             4.2275E-01  1.8677E+00
 GRADIENT:  -1.0642E+01  2.2949E+02 -1.1462E+02 -1.9828E+02  3.3225E+02  1.0346E+01 -3.0663E+01  5.2092E+00 -1.5269E+01  1.0730E+01
             6.5298E+00 -1.3522E+01

0ITERATION NO.:   29    OBJECTIVE VALUE:   36489.8874287992        NO. OF FUNC. EVALS.:   9
 CUMULATIVE NO. OF FUNC. EVALS.:      287
 NPARAMETR: -1.9624E+00  1.8897E+00  1.0441E+00  4.5744E+00  1.5961E+00  3.6676E-02 -2.2068E-02  5.5414E-03  1.9040E-02 -1.9988E-03
             1.5894E-01  3.4327E+04
 PARAMETER: -4.6725E-01  4.6543E-02  9.4059E-02  1.0688E-01  1.2184E-01  4.0319E-01 -1.6297E-01  4.0921E-02 -3.7844E-01  4.3099E-02
             4.1921E-01  1.8680E+00
 GRADIENT:  -3.7542E+00  1.7103E+02 -1.0103E+02 -3.0621E+02  2.7196E+02  1.0329E+01 -3.1756E+01  3.7199E+00 -1.5140E+01  1.0508E+01
             5.4554E+00 -1.0970E+01

0ITERATION NO.:   30    OBJECTIVE VALUE:   36489.8414940179        NO. OF FUNC. EVALS.:   9
 CUMULATIVE NO. OF FUNC. EVALS.:      296
 NPARAMETR: -1.9696E+00  1.8805E+00  1.0453E+00  4.5742E+00  1.5868E+00  3.6453E-02 -2.2283E-02  5.2767E-03  1.9387E-02 -2.1474E-03
             1.5765E-01  3.4336E+04
 PARAMETER: -4.6896E-01  4.6317E-02  9.4174E-02  1.0687E-01  1.2113E-01  4.0015E-01 -1.6505E-01  3.9085E-02 -3.7799E-01  3.4777E-02
             4.1570E-01  1.8681E+00
 GRADIENT:   2.5703E+00  1.4015E+02 -8.5892E+01 -3.9684E+02  2.0428E+02  1.0280E+01 -3.2212E+01  2.1375E+00 -1.5090E+01  1.0311E+01
             4.4016E+00 -9.4804E+00

0ITERATION NO.:   31    OBJECTIVE VALUE:   36489.8200119048        NO. OF FUNC. EVALS.:   9
 CUMULATIVE NO. OF FUNC. EVALS.:      305
 NPARAMETR: -1.9767E+00  1.8717E+00  1.0465E+00  4.5741E+00  1.5777E+00  3.6301E-02 -2.2355E-02  5.0340E-03  1.9542E-02 -2.2797E-03
             1.5645E-01  3.4340E+04
 PARAMETER: -4.7065E-01  4.6102E-02  9.4280E-02  1.0687E-01  1.2043E-01  3.9806E-01 -1.6593E-01  3.7365E-02 -3.7730E-01  2.6446E-02
             4.1235E-01  1.8682E+00
 GRADIENT:   7.4731E+00  1.3523E+02 -7.0683E+01 -4.6950E+02  1.3396E+02  1.0208E+01 -3.2142E+01  6.0500E-01 -1.5112E+01  1.0131E+01
             3.4178E+00 -8.8060E+00

0ITERATION NO.:   32    OBJECTIVE VALUE:   36489.8149260793        NO. OF FUNC. EVALS.:   9
 CUMULATIVE NO. OF FUNC. EVALS.:      314
 NPARAMETR: -1.9803E+00  1.8676E+00  1.0470E+00  4.5741E+00  1.5733E+00  3.6260E-02 -2.2331E-02  4.9337E-03  1.9534E-02 -2.3473E-03
             1.5591E-01  3.4340E+04
 PARAMETER: -4.7149E-01  4.6001E-02  9.4328E-02  1.0687E-01  1.2010E-01  3.9749E-01 -1.6585E-01  3.6642E-02 -3.7678E-01  2.2267E-02
             4.1079E-01  1.8682E+00
 GRADIENT:   9.0480E+00  1.4452E+02 -6.3475E+01 -4.9774E+02  9.8638E+01  1.0164E+01 -3.1888E+01 -9.9134E-02 -1.5155E+01  1.0043E+01
             2.9698E+00 -8.7444E+00

0ITERATION NO.:   33    OBJECTIVE VALUE:   36489.8096344014        NO. OF FUNC. EVALS.:   9
 CUMULATIVE NO. OF FUNC. EVALS.:      323
 NPARAMETR: -1.9841E+00  1.8634E+00  1.0475E+00  4.5741E+00  1.5686E+00  3.6245E-02 -2.2252E-02  4.8471E-03  1.9452E-02 -2.4267E-03
             1.5536E-01  3.4339E+04
 PARAMETER: -4.7240E-01  4.5897E-02  9.4373E-02  1.0687E-01  1.1974E-01  3.9728E-01 -1.6530E-01  3.6006E-02 -3.7597E-01  1.7681E-02
             4.0919E-01  1.8681E+00
 GRADIENT:   9.8096E+00  1.6521E+02 -5.6062E+01 -5.2124E+02  6.0500E+01  1.0106E+01 -3.1427E+01 -7.9549E-01 -1.5232E+01  9.9488E+00
             2.5242E+00 -8.8660E+00

0ITERATION NO.:   34    OBJECTIVE VALUE:   36489.8049127600        NO. OF FUNC. EVALS.:   9
 CUMULATIVE NO. OF FUNC. EVALS.:      332
 NPARAMETR: -1.9881E+00  1.8592E+00  1.0480E+00  4.5742E+00  1.5638E+00  3.6255E-02 -2.2124E-02  4.7779E-03  1.9304E-02 -2.5172E-03
             1.5483E-01  3.4338E+04
 PARAMETER: -4.7335E-01  4.5792E-02  9.4415E-02  1.0687E-01  1.1938E-01  3.9743E-01 -1.6432E-01  3.5487E-02 -3.7478E-01  1.2811E-02
             4.0760E-01  1.8681E+00
 GRADIENT:   9.6545E+00  1.9635E+02 -4.8631E+01 -5.3936E+02  2.1005E+01  1.0035E+01 -3.0786E+01 -1.4596E+00 -1.5343E+01  9.8492E+00
             2.0948E+00 -9.1376E+00

0ITERATION NO.:   35    OBJECTIVE VALUE:   36489.8009449804        NO. OF FUNC. EVALS.:   9
 CUMULATIVE NO. OF FUNC. EVALS.:      341
 NPARAMETR: -1.9922E+00  1.8550E+00  1.0484E+00  4.5743E+00  1.5590E+00  3.6290E-02 -2.1951E-02  4.7273E-03  1.9100E-02 -2.6185E-03
             1.5431E-01  3.4335E+04
 PARAMETER: -4.7433E-01  4.5689E-02  9.4453E-02  1.0688E-01  1.1901E-01  3.9790E-01 -1.6296E-01  3.5094E-02 -3.7316E-01  7.7354E-03
             4.0603E-01  1.8681E+00
 GRADIENT:   8.6321E+00  2.3680E+02 -4.1334E+01 -5.5227E+02 -1.9087E+01  9.9502E+00 -2.9990E+01 -2.0782E+00 -1.5486E+01  9.7461E+00
             1.6874E+00 -9.5280E+00

0ITERATION NO.:   36    OBJECTIVE VALUE:   36489.7973967795        NO. OF FUNC. EVALS.:   9
 CUMULATIVE NO. OF FUNC. EVALS.:      350
 NPARAMETR: -1.9964E+00  1.8508E+00  1.0488E+00  4.5745E+00  1.5542E+00  3.6346E-02 -2.1740E-02  4.6949E-03  1.8851E-02 -2.7298E-03
             1.5382E-01  3.4331E+04
 PARAMETER: -4.7533E-01  4.5587E-02  9.4487E-02  1.0688E-01  1.1864E-01  3.9867E-01 -1.6126E-01  3.4827E-02 -3.7102E-01  2.5103E-03
             4.0450E-01  1.8680E+00
 GRADIENT:   6.8238E+00  2.8543E+02 -3.4223E+01 -5.6037E+02 -5.9348E+01  9.8521E+00 -2.9063E+01 -2.6457E+00 -1.5660E+01  9.6406E+00
             1.3028E+00 -1.0012E+01

0ITERATION NO.:   37    OBJECTIVE VALUE:   36489.7935887188        NO. OF FUNC. EVALS.:   9
 CUMULATIVE NO. OF FUNC. EVALS.:      359
 NPARAMETR: -2.0006E+00  1.8468E+00  1.0491E+00  4.5746E+00  1.5495E+00  3.6420E-02 -2.1494E-02  4.6795E-03  1.8564E-02 -2.8504E-03
             1.5336E-01  3.4327E+04
 PARAMETER: -4.7633E-01  4.5488E-02  9.4517E-02  1.0688E-01  1.1828E-01  3.9969E-01 -1.5928E-01  3.4677E-02 -3.6829E-01 -2.8374E-03
             4.0299E-01  1.8680E+00
 GRADIENT:   4.3210E+00  3.4130E+02 -2.7281E+01 -5.6415E+02 -9.9636E+01  9.7401E+00 -2.8026E+01 -3.1622E+00 -1.5866E+01  9.5329E+00
             9.3904E-01 -1.0570E+01

0ITERATION NO.:   38    OBJECTIVE VALUE:   36489.7885750487        NO. OF FUNC. EVALS.:   9
 CUMULATIVE NO. OF FUNC. EVALS.:      368
 NPARAMETR: -2.0048E+00  1.8429E+00  1.0494E+00  4.5749E+00  1.5447E+00  3.6511E-02 -2.1216E-02  4.6797E-03  1.8248E-02 -2.9802E-03
             1.5291E-01  3.4322E+04
 PARAMETER: -4.7734E-01  4.5390E-02  9.4544E-02  1.0689E-01  1.1792E-01  4.0094E-01 -1.5702E-01  3.4635E-02 -3.6487E-01 -8.3069E-03
             4.0149E-01  1.8679E+00
 GRADIENT:   1.2042E+00  4.0381E+02 -2.0449E+01 -5.6410E+02 -1.4005E+02  9.6129E+00 -2.6890E+01 -3.6307E+00 -1.6105E+01  9.4231E+00
             5.9177E-01 -1.1191E+01

0ITERATION NO.:   39    OBJECTIVE VALUE:   36489.7811679466        NO. OF FUNC. EVALS.:   9
 CUMULATIVE NO. OF FUNC. EVALS.:      377
 NPARAMETR: -2.0091E+00  1.8389E+00  1.0497E+00  4.5751E+00  1.5400E+00  3.6618E-02 -2.0907E-02  4.6943E-03  1.7907E-02 -3.1194E-03
             1.5247E-01  3.4317E+04
 PARAMETER: -4.7837E-01  4.5294E-02  9.4570E-02  1.0689E-01  1.1755E-01  4.0240E-01 -1.5451E-01  3.4693E-02 -3.6061E-01 -1.3922E-02
             3.9998E-01  1.8678E+00
 GRADIENT:  -2.4684E+00  4.7277E+02 -1.3627E+01 -5.6067E+02 -1.8090E+02  9.4682E+00 -2.5663E+01 -4.0561E+00 -1.6382E+01  9.3103E+00
             2.5518E-01 -1.1865E+01

0ITERATION NO.:   40    OBJECTIVE VALUE:   36489.7699010325        NO. OF FUNC. EVALS.:   9
 CUMULATIVE NO. OF FUNC. EVALS.:      386
 NPARAMETR: -2.0135E+00  1.8350E+00  1.0500E+00  4.5753E+00  1.5351E+00  3.6739E-02 -2.0565E-02  4.7227E-03  1.7545E-02 -3.2692E-03
             1.5204E-01  3.4311E+04
 PARAMETER: -4.7941E-01  4.5197E-02  9.4594E-02  1.0690E-01  1.1719E-01  4.0405E-01 -1.5174E-01  3.4845E-02 -3.5537E-01 -1.9727E-02
             3.9843E-01  1.8677E+00
 GRADIENT:  -6.6645E+00  5.4842E+02 -6.6810E+00 -5.5417E+02 -2.2265E+02  9.3026E+00 -2.4343E+01 -4.4438E+00 -1.6702E+01  9.1935E+00
            -7.7573E-02 -1.2591E+01

0ITERATION NO.:   41    OBJECTIVE VALUE:   36489.7526286051        NO. OF FUNC. EVALS.:   9
 CUMULATIVE NO. OF FUNC. EVALS.:      395
 NPARAMETR: -2.0226E+00  1.8270E+00  1.0505E+00  4.5759E+00  1.5252E+00  3.7013E-02 -1.9806E-02  4.8066E-03  1.6790E-02 -3.5954E-03
             1.5118E-01  3.4298E+04
 PARAMETER: -4.8157E-01  4.5000E-02  9.4641E-02  1.0691E-01  1.1643E-01  4.0777E-01 -1.4559E-01  3.5332E-02 -3.4243E-01 -3.1857E-02
             3.9517E-01  1.8675E+00
 GRADIENT:  -1.6336E+01  7.1536E+02  7.9795E+00 -5.3492E+02 -3.0880E+02  8.9127E+00 -2.1489E+01 -5.1533E+00 -1.7453E+01  8.9424E+00
            -7.3727E-01 -1.4169E+01

0ITERATION NO.:   42    OBJECTIVE VALUE:   36489.7422745490        NO. OF FUNC. EVALS.:   9
 CUMULATIVE NO. OF FUNC. EVALS.:      404
 NPARAMETR: -2.0269E+00  1.8233E+00  1.0507E+00  4.5762E+00  1.5205E+00  3.7156E-02 -1.9420E-02  4.8602E-03  1.6434E-02 -3.7590E-03
             1.5077E-01  3.4291E+04
 PARAMETER: -4.8259E-01  4.4908E-02  9.4662E-02  1.0692E-01  1.1607E-01  4.0969E-01 -1.4248E-01  3.5658E-02 -3.3506E-01 -3.7660E-02
             3.9357E-01  1.8674E+00
 GRADIENT:  -2.1248E+01  7.9963E+02  1.5103E+01 -5.2327E+02 -3.5004E+02  8.7046E+00 -2.0085E+01 -5.4400E+00 -1.7860E+01  8.8184E+00
            -1.0515E+00 -1.4928E+01

0ITERATION NO.:   43    OBJECTIVE VALUE:   36489.7093081552        NO. OF FUNC. EVALS.:   9
 CUMULATIVE NO. OF FUNC. EVALS.:      413
 NPARAMETR: -2.0363E+00  1.8151E+00  1.0513E+00  4.5768E+00  1.5102E+00  3.7494E-02 -1.8509E-02  5.0056E-03  1.5667E-02 -4.1388E-03
             1.4989E-01  3.4275E+04
 PARAMETER: -4.8484E-01  4.4707E-02  9.4710E-02  1.0693E-01  1.1528E-01  4.1422E-01 -1.3518E-01  3.6558E-02 -3.1580E-01 -5.0553E-02
             3.8987E-01  1.8672E+00
 GRADIENT:  -3.2765E+01  9.9624E+02  3.1534E+01 -4.9290E+02 -4.4214E+02  8.1843E+00 -1.6906E+01 -5.9713E+00 -1.8887E+01  8.5272E+00
            -1.7505E+00 -1.6619E+01

0ITERATION NO.:   44    OBJECTIVE VALUE:   36489.6688642624        NO. OF FUNC. EVALS.:   9
 CUMULATIVE NO. OF FUNC. EVALS.:      422
 NPARAMETR: -2.0460E+00  1.8068E+00  1.0519E+00  4.5774E+00  1.4995E+00  3.7869E-02 -1.7503E-02  5.1845E-03  1.4934E-02 -4.5507E-03
             1.4900E-01  3.4257E+04
 PARAMETER: -4.8715E-01  4.4502E-02  9.4763E-02  1.0695E-01  1.1447E-01  4.1920E-01 -1.2720E-01  3.7677E-02 -2.9237E-01 -6.3791E-02
             3.8585E-01  1.8669E+00
 GRADIENT:  -4.5444E+01  1.2102E+03  4.9802E+01 -4.5695E+02 -5.3777E+02  7.5667E+00 -1.3582E+01 -6.4004E+00 -2.0114E+01  8.1927E+00
            -2.4812E+00 -1.8342E+01

0ITERATION NO.:   45    OBJECTIVE VALUE:   36489.5974193797        NO. OF FUNC. EVALS.:   9
 CUMULATIVE NO. OF FUNC. EVALS.:      431
 NPARAMETR: -2.0568E+00  1.7976E+00  1.0526E+00  4.5781E+00  1.4876E+00  3.8324E-02 -1.6292E-02  5.4217E-03  1.4204E-02 -5.0337E-03
             1.4798E-01  3.4236E+04
 PARAMETER: -4.8971E-01  4.4275E-02  9.4828E-02  1.0697E-01  1.1356E-01  4.2517E-01 -1.1769E-01  3.9166E-02 -2.6156E-01 -7.8352E-02
             3.8102E-01  1.8666E+00
 GRADIENT:  -6.0228E+01  1.4623E+03  7.2338E+01 -4.1229E+02 -6.4646E+02  6.7760E+00 -9.8717E+00 -6.7307E+00 -2.1720E+01  7.7647E+00
            -3.3569E+00 -2.0153E+01

0ITERATION NO.:   46    OBJECTIVE VALUE:   36489.4019645129        NO. OF FUNC. EVALS.:  10
 CUMULATIVE NO. OF FUNC. EVALS.:      441
 NPARAMETR: -2.0831E+00  1.7749E+00  1.0547E+00  4.5798E+00  1.4582E+00  3.9568E-02 -1.2998E-02  6.1081E-03  1.2964E-02 -6.3202E-03
             1.4553E-01  3.4179E+04
 PARAMETER: -4.9597E-01  4.3716E-02  9.5021E-02  1.0700E-01  1.1131E-01  4.4114E-01 -9.2413E-02  4.3426E-02 -1.7274E-01 -1.1332E-01
             3.6807E-01  1.8658E+00
 GRADIENT:  -1.0199E+02  2.1277E+03  1.3851E+02 -2.8775E+02 -9.1337E+02  4.4010E+00 -1.1029E+00 -7.1052E+00 -2.6570E+01  6.2839E+00
            -5.6231E+00 -2.4104E+01

0ITERATION NO.:   47    OBJECTIVE VALUE:   36488.7526315872        NO. OF FUNC. EVALS.:  11
 CUMULATIVE NO. OF FUNC. EVALS.:      452
 NPARAMETR: -2.1508E+00  1.7153E+00  1.0625E+00  4.5833E+00  1.3804E+00  4.3640E-02 -2.6192E-03  8.4710E-03  1.5191E-02 -1.0392E-02
             1.3980E-01  3.4021E+04
 PARAMETER: -5.1210E-01  4.2248E-02  9.5718E-02  1.0709E-01  1.0538E-01  4.9012E-01 -1.7731E-02  5.7346E-02  1.0114E-01 -1.9746E-01
             3.2868E-01  1.8635E+00
 GRADIENT:  -2.6201E+02  4.0458E+03  3.9707E+02  1.3075E+02 -1.5283E+03 -3.9273E+00  1.4878E+01 -5.9850E+00 -4.3336E+01 -2.1962E+00
            -1.3182E+01 -2.8095E+01

0ITERATION NO.:   48    OBJECTIVE VALUE:   36487.7590769383        NO. OF FUNC. EVALS.:   9
 CUMULATIVE NO. OF FUNC. EVALS.:      461
 NPARAMETR: -2.2299E+00  1.6417E+00  1.0758E+00  4.5859E+00  1.2862E+00  5.0697E-02  1.4115E-02  1.2449E-02  3.4921E-02 -1.6888E-02
             1.3435E-01  3.3830E+04
 PARAMETER: -5.3094E-01  4.0435E-02  9.6918E-02  1.0715E-01  9.8186E-02  5.6507E-01  8.8655E-02  7.8192E-02  4.6283E-01 -2.8320E-01
             2.7360E-01  1.8607E+00
 GRADIENT:  -5.6350E+02  6.3355E+03  9.1968E+02  8.3145E+02 -1.9589E+03 -1.4809E+01  2.5129E+01 -2.8746E+00 -5.6921E+01 -2.0138E+01
            -2.8510E+01 -2.6956E+01

0ITERATION NO.:   49    OBJECTIVE VALUE:   36487.2693777694        NO. OF FUNC. EVALS.:   9
 CUMULATIVE NO. OF FUNC. EVALS.:      470
 NPARAMETR: -2.2558E+00  1.6103E+00  1.0799E+00  4.5865E+00  1.2524E+00  5.5167E-02  2.3771E-02  1.4217E-02  5.1040E-02 -1.9402E-02
             1.3304E-01  3.3759E+04
 PARAMETER: -5.3711E-01  3.9663E-02  9.7284E-02  1.0716E-01  9.5601E-02  6.0732E-01  1.4313E-01  8.5602E-02  6.0028E-01 -3.0958E-01
             2.5404E-01  1.8596E+00
 GRADIENT:  -6.5743E+02  6.8549E+03  1.1135E+03  1.0824E+03 -2.0542E+03 -1.6891E+01  3.1078E+01 -3.0883E+00 -5.6271E+01 -2.6720E+01
            -3.4850E+01 -2.8376E+01

0ITERATION NO.:   50    OBJECTIVE VALUE:   36484.9285913045        NO. OF FUNC. EVALS.:  11
 CUMULATIVE NO. OF FUNC. EVALS.:      481
 NPARAMETR: -2.2730E+00  1.5776E+00  1.0812E+00  4.5866E+00  1.2236E+00  6.2178E-02  3.8245E-02  1.5915E-02  7.7756E-02 -2.1365E-02
             1.3215E-01  3.3689E+04
 PARAMETER: -5.4120E-01  3.8857E-02  9.7403E-02  1.0716E-01  9.3406E-02  6.6713E-01  2.1690E-01  9.0260E-02  7.4261E-01 -3.2768E-01
             2.3965E-01  1.8586E+00
 GRADIENT:  -6.6282E+02  6.8167E+03  1.1931E+03  1.1909E+03 -2.1847E+03 -1.4617E+01  3.5219E+01 -6.9325E+00 -5.2082E+01 -3.1158E+01
            -3.9192E+01 -2.8047E+01

0ITERATION NO.:   51    OBJECTIVE VALUE:   36474.3742313158        NO. OF FUNC. EVALS.:  11
 CUMULATIVE NO. OF FUNC. EVALS.:      492
 NPARAMETR: -2.2686E+00  1.5236E+00  1.0853E+00  4.5776E+00  1.1951E+00  9.0444E-02  9.5917E-02  1.9602E-02  2.1446E-01 -1.9854E-02
             1.2601E-01  3.3502E+04
 PARAMETER: -5.4013E-01  3.7527E-02  9.7773E-02  1.0695E-01  9.1226E-02  8.5450E-01  4.5105E-01  9.2178E-02  1.1085E+00 -2.9649E-01
             2.2551E-01  1.8558E+00
 GRADIENT:  -3.0325E+02  4.5513E+03  1.0345E+03  7.2930E+02 -2.6134E+03  1.2429E+01  2.6315E+01 -2.7775E+01 -2.6396E+01 -2.3127E+01
            -4.4286E+01 -1.9568E+01

0ITERATION NO.:   52    OBJECTIVE VALUE:   36443.2626951614        NO. OF FUNC. EVALS.:  10
 CUMULATIVE NO. OF FUNC. EVALS.:      502
 NPARAMETR: -2.0977E+00  1.6459E+00  1.0633E+00  4.5365E+00  1.3833E+00  1.0258E-01  1.3704E-01  2.8482E-03  2.9107E-01 -6.2231E-03
             1.4093E-01  3.3043E+04
 PARAMETER: -4.9946E-01  4.0541E-02  9.5792E-02  1.0599E-01  1.0560E-01  9.1745E-01  6.0512E-01  1.2576E-02  1.0870E+00 -7.4750E-02
             3.5911E-01  1.8489E+00
 GRADIENT:   2.6555E+02  1.7955E+03 -8.5265E+00 -3.6077E+03 -2.7020E+03  1.3192E+01  2.4544E+01 -3.4784E+01 -2.6784E+01  4.5010E+00
            -1.4924E-02 -3.5368E+01

0ITERATION NO.:   53    OBJECTIVE VALUE:   36428.7986438642        NO. OF FUNC. EVALS.:   9
 CUMULATIVE NO. OF FUNC. EVALS.:      511
 NPARAMETR: -1.9106E+00  1.8552E+00  1.0784E+00  4.5548E+00  1.6473E+00  9.5567E-02  1.3490E-01 -1.1161E-02  2.8104E-01  2.5344E-02
             1.7349E-01  3.3023E+04
 PARAMETER: -4.5489E-01  4.5694E-02  9.7155E-02  1.0642E-01  1.2575E-01  8.8205E-01  6.1711E-01 -5.1058E-02  9.9935E-01  3.3440E-01
             4.0558E-01  1.8486E+00
 GRADIENT:  -1.0425E+02  2.4527E+03  2.1830E+02 -2.0625E+03 -4.0238E+02 -1.3499E+01  3.3677E+01 -3.4075E+01 -3.7648E+01  4.5207E+01
             1.1438E+01 -2.3078E+01

0ITERATION NO.:   54    OBJECTIVE VALUE:   36424.0949083989        NO. OF FUNC. EVALS.:   9
 CUMULATIVE NO. OF FUNC. EVALS.:      520
 NPARAMETR: -1.9750E+00  1.7824E+00  1.0587E+00  4.5680E+00  1.5578E+00  1.0349E-01  1.4166E-01 -1.5265E-03  3.0881E-01  2.3118E-02
             1.5336E-01  3.2912E+04
 PARAMETER: -4.7023E-01  4.3902E-02  9.5376E-02  1.0673E-01  1.1892E-01  9.2187E-01  6.2274E-01 -6.7108E-03  1.1180E+00  1.8216E-01
             3.8653E-01  1.8469E+00
 GRADIENT:   1.0134E+02  1.9104E+03 -2.6496E+01 -9.5019E+02 -1.3694E+03  8.3693E+00  2.0831E+01 -2.3911E+01 -1.9963E+01  2.7662E+01
             3.1444E+00 -2.8386E+01

0ITERATION NO.:   55    OBJECTIVE VALUE:   36423.3561536512        NO. OF FUNC. EVALS.:   9
 CUMULATIVE NO. OF FUNC. EVALS.:      529
 NPARAMETR: -1.9995E+00  1.7606E+00  1.0347E+00  4.5816E+00  1.5426E+00  1.0097E-01  1.3252E-01  3.0157E-03  2.9161E-01  1.8557E-02
             1.4990E-01  3.2735E+04
 PARAMETER: -4.7608E-01  4.3364E-02  9.3216E-02  1.0705E-01  1.1775E-01  9.0955E-01  5.8980E-01  1.3422E-02  1.1299E+00  1.0425E-01
             3.8717E-01  1.8442E+00
 GRADIENT:   4.5169E+01  2.1082E+03 -3.3976E+02  1.1198E+02 -1.2705E+03  1.0106E+01  1.9222E+01 -1.4882E+01 -1.7815E+01  1.9210E+01
             1.2727E+00 -6.0021E+01

0ITERATION NO.:   56    OBJECTIVE VALUE:   36422.1204819477        NO. OF FUNC. EVALS.:  10
 CUMULATIVE NO. OF FUNC. EVALS.:      539
 NPARAMETR: -2.0206E+00  1.7426E+00  1.0271E+00  4.5878E+00  1.5371E+00  9.8679E-02  1.2560E-01  8.8601E-03  2.9084E-01  2.1143E-02
             1.5096E-01  3.2662E+04
 PARAMETER: -4.8109E-01  4.2922E-02  9.2527E-02  1.0719E-01  1.1733E-01  8.9807E-01  5.6544E-01  3.9888E-02  1.1835E+00  6.6776E-02
             3.9195E-01  1.8431E+00
 GRADIENT:  -4.3881E+01  2.2642E+03 -3.9481E+02  7.1683E+02 -1.0104E+03  1.0285E+01  1.6911E+01 -5.7858E+00 -1.0832E+01  1.4370E+01
             2.6413E+00 -7.0466E+01

0ITERATION NO.:   57    OBJECTIVE VALUE:   36421.2104807180        NO. OF FUNC. EVALS.:   9
 CUMULATIVE NO. OF FUNC. EVALS.:      548
 NPARAMETR: -2.0441E+00  1.7128E+00  1.0230E+00  4.5913E+00  1.5345E+00  9.5386E-02  1.1667E-01  1.3891E-02  2.7625E-01  2.2071E-02
             1.5246E-01  3.2702E+04
 PARAMETER: -4.8669E-01  4.2187E-02  9.2163E-02  1.0727E-01  1.1714E-01  8.8110E-01  5.3423E-01  6.3608E-02  1.1932E+00  3.4053E-02
             3.9471E-01  1.8437E+00
 GRADIENT:  -1.4671E+02  2.2567E+03 -3.6540E+02  1.0985E+03 -6.5881E+02  7.7641E+00  1.5461E+01  2.0185E+00 -8.9193E+00  9.6784E+00
             4.0242E+00 -6.3333E+01

0ITERATION NO.:   58    OBJECTIVE VALUE:   36419.8475581076        NO. OF FUNC. EVALS.:  10
 CUMULATIVE NO. OF FUNC. EVALS.:      558
 NPARAMETR: -2.0671E+00  1.6670E+00  1.0223E+00  4.5885E+00  1.5456E+00  9.1659E-02  1.0815E-01  1.9167E-02  2.7310E-01  2.3822E-02
             1.5511E-01  3.2824E+04
 PARAMETER: -4.9217E-01  4.1059E-02  9.2095E-02  1.0721E-01  1.1798E-01  8.6117E-01  5.0520E-01  8.9531E-02  1.2360E+00  7.7460E-03
             3.9751E-01  1.8456E+00
 GRADIENT:  -2.7221E+02  1.8741E+03 -2.4702E+02  1.0960E+03 -3.7394E+01  2.7688E+00  1.1194E+01  1.2697E+01 -2.8544E+00  5.5053E+00
             6.1485E+00 -3.8476E+01

0ITERATION NO.:   59    OBJECTIVE VALUE:   36418.4832826216        NO. OF FUNC. EVALS.:   9
 CUMULATIVE NO. OF FUNC. EVALS.:      567
 NPARAMETR: -2.0694E+00  1.6228E+00  1.0225E+00  4.5801E+00  1.5652E+00  8.8376E-02  1.0405E-01  1.6633E-02  2.7162E-01  1.7950E-02
             1.5404E-01  3.3026E+04
 PARAMETER: -4.9271E-01  3.9970E-02  9.2120E-02  1.0701E-01  1.1948E-01  8.4294E-01  4.9497E-01  7.9124E-02  1.2484E+00 -1.0351E-02
             3.9687E-01  1.8486E+00
 GRADIENT:  -2.6017E+02  9.9953E+02 -2.2203E+02  4.3820E+02  3.4362E+02 -3.2411E-01  5.4081E+00  1.1433E+01 -1.2332E+00  3.9299E+00
             6.9234E+00  2.6633E-01

0ITERATION NO.:   60    OBJECTIVE VALUE:   36416.2947587455        NO. OF FUNC. EVALS.:   9
 CUMULATIVE NO. OF FUNC. EVALS.:      576
 NPARAMETR: -2.0478E+00  1.5935E+00  1.0372E+00  4.5665E+00  1.5785E+00  8.5477E-02  1.0481E-01  6.6017E-03  2.8784E-01  6.2570E-03
             1.4816E-01  3.3168E+04
 PARAMETER: -4.8758E-01  3.9249E-02  9.3440E-02  1.0669E-01  1.2049E-01  8.2626E-01  5.0700E-01  3.1933E-02  1.2814E+00 -1.1280E-02
             3.8592E-01  1.8508E+00
 GRADIENT:  -3.4879E+01 -1.8676E+02 -1.3510E+02 -8.4790E+02  1.3307E+02  2.1926E+00 -1.4140E+00 -3.6555E+00  9.4415E-01  6.3355E+00
             4.7437E+00  2.9898E+01

0ITERATION NO.:   61    OBJECTIVE VALUE:   36416.0903449866        NO. OF FUNC. EVALS.:   9
 CUMULATIVE NO. OF FUNC. EVALS.:      585
 NPARAMETR: -2.0529E+00  1.5962E+00  1.0386E+00  4.5719E+00  1.5667E+00  8.3551E-02  9.9780E-02  6.9635E-03  2.7363E-01  4.2718E-03
             1.4699E-01  3.3087E+04
 PARAMETER: -4.8878E-01  3.9315E-02  9.3571E-02  1.0682E-01  1.1959E-01  8.1486E-01  4.8818E-01  3.4070E-02  1.2660E+00 -2.5206E-02
             3.8143E-01  1.8496E+00
 GRADIENT:  -2.7087E+01 -1.1832E+02 -1.0441E+02 -4.0754E+02  2.2590E+01  2.0599E+00 -2.1546E+00 -3.1006E+00 -5.4405E-01  5.1909E+00
             2.7545E+00  1.4081E+01

0ITERATION NO.:   62    OBJECTIVE VALUE:   36415.4954075239        NO. OF FUNC. EVALS.:   9
 CUMULATIVE NO. OF FUNC. EVALS.:      594
 NPARAMETR: -2.0469E+00  1.6195E+00  1.0427E+00  4.5776E+00  1.5574E+00  7.9692E-02  9.1618E-02  6.3347E-03  2.6538E-01 -2.5721E-04
             1.4446E-01  3.2879E+04
 PARAMETER: -4.8736E-01  3.9890E-02  9.3940E-02  1.0695E-01  1.1888E-01  7.9122E-01  4.5898E-01  3.1735E-02  1.2837E+00 -4.6166E-02
             3.7210E-01  1.8464E+00
 GRADIENT:   1.2963E+01  7.6392E+01 -5.6266E+01  9.0187E+01 -1.7967E+02  1.0597E+00 -3.7197E+00 -1.8796E+00  2.0847E+00  4.2461E+00
            -1.5437E+00 -2.3471E+01

0ITERATION NO.:   63    OBJECTIVE VALUE:   36415.4954075239        NO. OF FUNC. EVALS.:  20
 CUMULATIVE NO. OF FUNC. EVALS.:      614
 NPARAMETR: -2.0469E+00  1.6195E+00  1.0427E+00  4.5776E+00  1.5574E+00  7.9692E-02  9.1618E-02  6.3347E-03  2.6538E-01 -2.5721E-04
             1.4446E-01  3.2879E+04
 PARAMETER: -4.8736E-01  3.9890E-02  9.3940E-02  1.0695E-01  1.1888E-01  7.9122E-01  4.5898E-01  3.1735E-02  1.2837E+00 -4.6166E-02
             3.7210E-01  1.8464E+00
 GRADIENT:  -9.5784E+01 -2.9435E+02 -6.4568E+02 -5.1261E+02 -2.8266E+02  1.0597E+00 -3.7197E+00 -1.8796E+00  2.0847E+00  4.2461E+00
            -1.5437E+00 -3.5139E+01

0ITERATION NO.:   64    OBJECTIVE VALUE:   36413.7485874650        NO. OF FUNC. EVALS.:  20
 CUMULATIVE NO. OF FUNC. EVALS.:      634
 NPARAMETR: -2.0106E+00  1.6634E+00  1.0579E+00  4.5801E+00  1.5827E+00  7.8772E-02  9.0203E-02  3.9550E-03  2.6420E-01  5.8121E-03
             1.4457E-01  3.2950E+04
 PARAMETER: -4.7871E-01  4.0970E-02  9.5306E-02  1.0701E-01  1.2082E-01  7.8542E-01  4.5452E-01  1.9928E-02  1.2864E+00  7.8358E-03
             3.7474E-01  1.8475E+00
 GRADIENT:   9.2912E-01 -4.1190E+02 -4.2573E+02 -8.4869E+01 -3.1939E+02  1.6407E+00 -5.8533E+00 -2.6734E+00  3.6994E+00  9.3407E+00
            -2.1185E+00 -2.1061E+01

0ITERATION NO.:   65    OBJECTIVE VALUE:   36412.8300119477        NO. OF FUNC. EVALS.:  19
 CUMULATIVE NO. OF FUNC. EVALS.:      653
 NPARAMETR: -1.9549E+00  1.7474E+00  1.0767E+00  4.5762E+00  1.6243E+00  7.3962E-02  8.1514E-02  3.8828E-04  2.4005E-01  9.1067E-03
             1.4801E-01  3.3024E+04
 PARAMETER: -4.6545E-01  4.3040E-02  9.6996E-02  1.0692E-01  1.2399E-01  7.5391E-01  4.2388E-01  2.0191E-03  1.2520E+00  5.4851E-02
             3.8551E-01  1.8486E+00
 GRADIENT:   8.9430E+01 -3.6254E+02 -1.7272E+02 -1.9243E+02 -2.5954E+02 -2.7925E+00 -8.2330E+00 -2.5871E+00  1.6134E+00  1.3742E+01
             4.3619E-01 -1.1159E+01

0ITERATION NO.:   66    OBJECTIVE VALUE:   36412.3454036144        NO. OF FUNC. EVALS.:  19
 CUMULATIVE NO. OF FUNC. EVALS.:      672
 NPARAMETR: -1.9658E+00  1.7394E+00  1.0732E+00  4.5740E+00  1.6194E+00  7.6921E-02  8.6723E-02  2.0194E-03  2.4919E-01  6.0371E-03
             1.4655E-01  3.3072E+04
 PARAMETER: -4.6805E-01  4.2843E-02  9.6686E-02  1.0687E-01  1.2362E-01  7.7353E-01  4.4221E-01  1.0297E-02  1.2560E+00  2.3672E-02
             3.8177E-01  1.8493E+00
 GRADIENT:   1.7482E+01 -1.1969E+02 -2.2153E+02 -2.9777E+02 -1.8382E+02 -1.6930E+00 -5.1241E+00  4.0139E-01  1.6600E+00  1.0474E+01
            -2.6447E-01 -1.0163E+00

0ITERATION NO.:   67    OBJECTIVE VALUE:   36411.6614349378        NO. OF FUNC. EVALS.:  19
 CUMULATIVE NO. OF FUNC. EVALS.:      691
 NPARAMETR: -1.9642E+00  1.7451E+00  1.0758E+00  4.5719E+00  1.6238E+00  7.9909E-02  9.2922E-02  1.0860E-03  2.5758E-01 -5.5302E-03
             1.4605E-01  3.3115E+04
 PARAMETER: -4.6766E-01  4.2982E-02  9.6920E-02  1.0682E-01  1.2396E-01  7.9258E-01  4.6487E-01  5.4329E-03  1.2497E+00 -4.3030E-02
             3.7945E-01  1.8500E+00
 GRADIENT:  -3.3950E+01  9.0709E+01 -1.7540E+02 -2.6916E+02 -9.0988E+01 -1.1119E+00 -1.0513E+00  2.1689E+00  1.2008E-02  4.2412E+00
            -1.2178E-02  7.9331E+00

0ITERATION NO.:   68    OBJECTIVE VALUE:   36411.3157441420        NO. OF FUNC. EVALS.:  19
 CUMULATIVE NO. OF FUNC. EVALS.:      710
 NPARAMETR: -1.9484E+00  1.7613E+00  1.0833E+00  4.5707E+00  1.6389E+00  8.1885E-02  9.8246E-02 -1.8114E-03  2.6838E-01 -1.6740E-02
             1.4677E-01  3.3108E+04
 PARAMETER: -4.6390E-01  4.3383E-02  9.7594E-02  1.0679E-01  1.2511E-01  8.0479E-01  4.8554E-01 -8.9522E-03  1.2530E+00 -9.1972E-02
             3.7804E-01  1.8499E+00
 GRADIENT:  -3.3868E+01  1.3006E+02 -5.9487E+01 -1.1254E+02  5.7011E+00 -1.0529E+00  1.5339E+00  2.0133E+00 -3.5570E-01 -2.5865E-01
             3.9737E-01  7.6362E+00

0ITERATION NO.:   69    OBJECTIVE VALUE:   36411.2725992364        NO. OF FUNC. EVALS.:  19
 CUMULATIVE NO. OF FUNC. EVALS.:      729
 NPARAMETR: -1.9412E+00  1.7654E+00  1.0867E+00  4.5712E+00  1.6442E+00  8.1817E-02  9.8673E-02 -3.1203E-03  2.7010E-01 -1.9014E-02
             1.4656E-01  3.3083E+04
 PARAMETER: -4.6220E-01  4.3483E-02  9.7905E-02  1.0680E-01  1.2551E-01  8.0438E-01  4.8786E-01 -1.5427E-02  1.2550E+00 -9.6101E-02
             3.7662E-01  1.8495E+00
 GRADIENT:  -5.3237E+00  2.4122E+01 -8.8754E+00  1.4514E+00  3.8344E+00 -8.7607E-01  1.0755E+00  9.8441E-01 -1.6760E-01 -3.4512E-01
            -1.7569E-01  3.2498E+00

0ITERATION NO.:   70    OBJECTIVE VALUE:   36411.2706813482        NO. OF FUNC. EVALS.:  19
 CUMULATIVE NO. OF FUNC. EVALS.:      748
 NPARAMETR: -1.9401E+00  1.7659E+00  1.0873E+00  4.5714E+00  1.6448E+00  8.1600E-02  9.8375E-02 -3.3382E-03  2.6990E-01 -1.8982E-02
             1.4660E-01  3.3070E+04
 PARAMETER: -4.6192E-01  4.3495E-02  9.7952E-02  1.0681E-01  1.2556E-01  8.0305E-01  4.8703E-01 -1.6527E-02  1.2556E+00 -9.4189E-02
             3.7690E-01  1.8493E+00
 GRADIENT:   2.5164E+00 -4.6027E+00 -1.9394E+00  1.5998E+01 -3.5056E+00 -9.1154E-01  8.1134E-01  6.4622E-01 -5.5478E-02 -7.9465E-02
            -1.3429E-01  1.1064E+00

0ITERATION NO.:   71    OBJECTIVE VALUE:   36411.2706050293        NO. OF FUNC. EVALS.:  19
 CUMULATIVE NO. OF FUNC. EVALS.:      767
 NPARAMETR: -1.9401E+00  1.7659E+00  1.0873E+00  4.5714E+00  1.6448E+00  8.1570E-02  9.8282E-02 -3.3114E-03  2.6963E-01 -1.8833E-02
             1.4658E-01  3.3068E+04
 PARAMETER: -4.6192E-01  4.3495E-02  9.7956E-02  1.0681E-01  1.2556E-01  8.0286E-01  4.8666E-01 -1.6397E-02  1.2553E+00 -9.3500E-02
             3.7691E-01  1.8493E+00
 GRADIENT:   2.6663E+00 -5.8545E+00 -1.0788E+00  1.8720E+01 -3.4399E+00 -9.1425E-01  7.6334E-01  6.5495E-01 -7.7162E-02 -1.5906E-02
            -1.5854E-01  7.1983E-01

0ITERATION NO.:   72    OBJECTIVE VALUE:   36411.2702996948        NO. OF FUNC. EVALS.:  21
 CUMULATIVE NO. OF FUNC. EVALS.:      788
 NPARAMETR: -1.9403E+00  1.7658E+00  1.0875E+00  4.5714E+00  1.6447E+00  8.1527E-02  9.8066E-02 -3.2703E-03  2.6900E-01 -1.8567E-02
             1.4667E-01  3.3060E+04
 PARAMETER: -4.6198E-01  4.3494E-02  9.7971E-02  1.0681E-01  1.2555E-01  8.0260E-01  4.8572E-01 -1.6198E-02  1.2547E+00 -9.2228E-02
             3.7735E-01  1.8492E+00
 GRADIENT:   1.5658E+00 -4.9306E+00  1.6824E+00  1.6789E+01 -1.8862E+00 -8.7840E-01  6.3230E-01  5.9956E-01 -1.1793E-01  9.5839E-02
            -2.9658E-02 -7.1257E-01

0ITERATION NO.:   73    OBJECTIVE VALUE:   36411.2686272977        NO. OF FUNC. EVALS.:  21
 CUMULATIVE NO. OF FUNC. EVALS.:      809
 NPARAMETR: -1.9405E+00  1.7661E+00  1.0876E+00  4.5713E+00  1.6449E+00  8.1838E-02  9.8183E-02 -3.3821E-03  2.6879E-01 -1.8852E-02
             1.4663E-01  3.3061E+04
 PARAMETER: -4.6202E-01  4.3499E-02  9.7986E-02  1.0681E-01  1.2556E-01  8.0451E-01  4.8537E-01 -1.6719E-02  1.2546E+00 -9.3257E-02
             3.7707E-01  1.8492E+00
 GRADIENT:  -1.1299E+00  6.3205E-01  4.9555E+00  1.3757E+01  2.8665E+00 -3.8240E-01  3.4324E-01  3.5994E-01 -9.7602E-02  2.7035E-02
            -6.1387E-02 -5.2722E-01

0ITERATION NO.:   74    OBJECTIVE VALUE:   36411.2680061100        NO. OF FUNC. EVALS.:  19
 CUMULATIVE NO. OF FUNC. EVALS.:      828
 NPARAMETR: -1.9402E+00  1.7667E+00  1.0875E+00  4.5712E+00  1.6451E+00  8.1987E-02  9.8150E-02 -3.5764E-03  2.6862E-01 -1.9261E-02
             1.4668E-01  3.3062E+04
 PARAMETER: -4.6196E-01  4.3515E-02  9.7970E-02  1.0680E-01  1.2558E-01  8.0541E-01  4.8476E-01 -1.7664E-02  1.2550E+00 -9.4388E-02
             3.7707E-01  1.8492E+00
 GRADIENT:  -8.4745E-01  1.4268E+00  1.6997E+00  2.9507E+00  1.3223E+00 -3.0026E-02  6.9407E-02  3.0632E-02 -1.6731E-02 -2.9537E-02
             4.0314E-02 -2.1568E-01

0ITERATION NO.:   75    OBJECTIVE VALUE:   36411.2679664009        NO. OF FUNC. EVALS.:  19
 CUMULATIVE NO. OF FUNC. EVALS.:      847
 NPARAMETR: -1.9401E+00  1.7669E+00  1.0874E+00  4.5711E+00  1.6452E+00  8.1981E-02  9.8094E-02 -3.5977E-03  2.6851E-01 -1.9265E-02
             1.4664E-01  3.3063E+04
 PARAMETER: -4.6193E-01  4.3521E-02  9.7964E-02  1.0680E-01  1.2559E-01  8.0538E-01  4.8451E-01 -1.7770E-02  1.2551E+00 -9.4263E-02
             3.7696E-01  1.8492E+00
 GRADIENT:  -2.3115E-01  5.2829E-01  4.0951E-01  3.0153E-01  3.4314E-01  5.5817E-03  1.0137E-02 -1.0133E-03 -7.2113E-04 -5.9641E-03
             1.6181E-03 -2.4290E-02

0ITERATION NO.:   76    OBJECTIVE VALUE:   36411.2679664009        NO. OF FUNC. EVALS.:  12
 CUMULATIVE NO. OF FUNC. EVALS.:      859
 NPARAMETR: -1.9401E+00  1.7669E+00  1.0874E+00  4.5711E+00  1.6452E+00  8.1981E-02  9.8094E-02 -3.5977E-03  2.6851E-01 -1.9265E-02
             1.4664E-01  3.3063E+04
 PARAMETER: -4.6193E-01  4.3521E-02  9.7964E-02  1.0680E-01  1.2559E-01  8.0538E-01  4.8451E-01 -1.7770E-02  1.2551E+00 -9.4263E-02
             3.7696E-01  1.8492E+00
 GRADIENT:  -2.3115E-01  5.2829E-01  4.0951E-01  3.0153E-01  3.4314E-01  5.5817E-03  1.0137E-02 -1.0133E-03 -7.2113E-04 -5.9641E-03
             1.6181E-03 -2.4290E-02

 #TERM:
0MINIMIZATION SUCCESSFUL
 NO. OF FUNCTION EVALUATIONS USED:      859
 NO. OF SIG. DIGITS IN FINAL EST.:  3.4

 ETABAR IS THE ARITHMETIC MEAN OF THE ETA-ESTIMATES,
 AND THE P-VALUE IS GIVEN FOR THE NULL HYPOTHESIS THAT THE TRUE MEAN IS 0.

 ETABAR:         5.5020E-03 -1.2796E-03 -4.5200E-03
 SE:             1.4207E-02  2.0825E-02  2.5034E-02
 N:                     160         160         160

 P VAL.:         6.9854E-01  9.5100E-01  8.5672E-01

 ETASHRINKSD(%)  3.7239E+01  4.9165E+01  1.7308E+01
 ETASHRINKVR(%)  6.0610E+01  7.4158E+01  3.1620E+01
 EBVSHRINKSD(%)  3.6858E+01  4.8628E+01  1.6926E+01
 EBVSHRINKVR(%)  6.0131E+01  7.3609E+01  3.0987E+01
 RELATIVEINF(%)  4.8375E+01  2.2465E+01  6.7273E+01
 EPSSHRINKSD(%)  3.4980E+00
 EPSSHRINKVR(%)  6.8736E+00

  
 TOTAL DATA POINTS NORMALLY DISTRIBUTED (N):         3142
 N*LOG(2PI) CONSTANT TO OBJECTIVE FUNCTION:    5774.6097426581628     
 OBJECTIVE FUNCTION VALUE WITHOUT CONSTANT:    36411.267966400927     
 OBJECTIVE FUNCTION VALUE WITH CONSTANT:       42185.877709059088     
 REPORTED OBJECTIVE FUNCTION DOES NOT CONTAIN CONSTANT
  
 TOTAL EFFECTIVE ETAS (NIND*NETA):                           480
  
 #TERE:
 Elapsed estimation  time in seconds:   199.59
 Elapsed covariance  time in seconds:    41.51
 Elapsed postprocess time in seconds:     4.01
1
 
 
 
 
 
 
 
 
 
 
 
 
 
 
 
 
 
 
 
 
 ************************************************************************************************************************
 ********************                                                                                ********************
 ********************               FIRST ORDER CONDITIONAL ESTIMATION WITH INTERACTION              ********************
 #OBJT:**************                       MINIMUM VALUE OF OBJECTIVE FUNCTION                      ********************
 ********************                                                                                ********************
 ************************************************************************************************************************
 





 #OBJV:********************************************    36411.268       **************************************************
1
 ************************************************************************************************************************
 ********************                                                                                ********************
 ********************               FIRST ORDER CONDITIONAL ESTIMATION WITH INTERACTION              ********************
 ********************                             FINAL PARAMETER ESTIMATE                           ********************
 ********************                                                                                ********************
 ************************************************************************************************************************
 


 THETA - VECTOR OF FIXED EFFECTS PARAMETERS   *********


         TH 1      TH 2      TH 3      TH 4      TH 5     
 
        -1.94E+00  1.77E+00  1.09E+00  4.57E+00  1.65E+00
 


 OMEGA - COV MATRIX FOR RANDOM EFFECTS - ETAS  ********


         ETA1      ETA2      ETA3     
 
 ETA1
+        8.20E-02
 
 ETA2
+        9.81E-02  2.69E-01
 
 ETA3
+       -3.60E-03 -1.93E-02  1.47E-01
 


 SIGMA - COV MATRIX FOR RANDOM EFFECTS - EPSILONS  ****


         EPS1     
 
 EPS1
+        3.31E+04
 
1


 OMEGA - CORR MATRIX FOR RANDOM EFFECTS - ETAS  *******


         ETA1      ETA2      ETA3     
 
 ETA1
+        2.86E-01
 
 ETA2
+        6.61E-01  5.18E-01
 
 ETA3
+       -3.28E-02 -9.71E-02  3.83E-01
 


 SIGMA - CORR MATRIX FOR RANDOM EFFECTS - EPSILONS  ***


         EPS1     
 
 EPS1
+        1.82E+02
 
1
 ************************************************************************************************************************
 ********************                                                                                ********************
 ********************               FIRST ORDER CONDITIONAL ESTIMATION WITH INTERACTION              ********************
 ********************                            STANDARD ERROR OF ESTIMATE                          ********************
 ********************                                                                                ********************
 ************************************************************************************************************************
 


 THETA - VECTOR OF FIXED EFFECTS PARAMETERS   *********


         TH 1      TH 2      TH 3      TH 4      TH 5     
 
         7.28E-02  1.15E-01  3.73E-02  4.95E-02  7.44E-02
 


 OMEGA - COV MATRIX FOR RANDOM EFFECTS - ETAS  ********


         ETA1      ETA2      ETA3     
 
 ETA1
+        1.81E-02
 
 ETA2
+        3.21E-02  6.72E-02
 
 ETA3
+        1.88E-02  3.93E-02  2.27E-02
 


 SIGMA - COV MATRIX FOR RANDOM EFFECTS - EPSILONS  ****


         EPS1     
 
 EPS1
+        4.89E+03
 
1


 OMEGA - CORR MATRIX FOR RANDOM EFFECTS - ETAS  *******


         ETA1      ETA2      ETA3     
 
 ETA1
+        3.16E-02
 
 ETA2
+        1.13E-01  6.49E-02
 
 ETA3
+        1.74E-01  2.00E-01  2.96E-02
 


 SIGMA - CORR MATRIX FOR RANDOM EFFECTS - EPSILONS  ***


         EPS1     
 
 EPS1
+        1.35E+01
 
1
 ************************************************************************************************************************
 ********************                                                                                ********************
 ********************               FIRST ORDER CONDITIONAL ESTIMATION WITH INTERACTION              ********************
 ********************                          COVARIANCE MATRIX OF ESTIMATE                         ********************
 ********************                                                                                ********************
 ************************************************************************************************************************
 

            TH 1      TH 2      TH 3      TH 4      TH 5      OM11      OM12      OM13      OM22      OM23      OM33      SG11  

 
 TH 1
+        5.30E-03
 
 TH 2
+        7.07E-03  1.31E-02
 
 TH 3
+        5.09E-04  5.58E-04  1.39E-03
 
 TH 4
+       -1.10E-03 -1.57E-03 -4.20E-04  2.45E-03
 
 TH 5
+        4.55E-03  5.57E-03  3.16E-04 -8.97E-04  5.54E-03
 
 OM11
+       -4.74E-04 -5.10E-04 -5.34E-05 -1.53E-04 -5.33E-04  3.28E-04
 
 OM12
+       -1.01E-03 -1.43E-03 -8.71E-05  2.03E-04 -1.35E-03  4.71E-04  1.03E-03
 
 OM13
+       -4.87E-04 -6.69E-04 -1.19E-04  1.84E-04 -2.90E-04  9.36E-05  1.32E-04  3.55E-04
 
 OM22
+       -2.01E-03 -3.35E-03 -2.17E-04  5.17E-04 -2.61E-03  6.78E-04  1.66E-03  1.41E-04  4.52E-03
 
 OM23
+       -6.26E-04 -9.80E-04 -2.42E-05  1.91E-04 -2.89E-04  1.48E-04  2.46E-04  6.27E-04  9.60E-05  1.54E-03
 
 OM33
+       -1.57E-04 -1.13E-04 -2.33E-04  2.26E-04 -6.37E-05  9.66E-06  4.88E-05  1.20E-04  4.45E-05  1.20E-04  5.14E-04
 
 SG11
+        5.73E+01  5.72E+01 -6.05E+00 -6.97E+01  1.29E+01 -7.03E+00 -1.58E+01 -8.49E+00 -4.47E+01 -3.05E+00 -1.19E+01  2.39E+07
 
1
 ************************************************************************************************************************
 ********************                                                                                ********************
 ********************               FIRST ORDER CONDITIONAL ESTIMATION WITH INTERACTION              ********************
 ********************                          CORRELATION MATRIX OF ESTIMATE                        ********************
 ********************                                                                                ********************
 ************************************************************************************************************************
 

            TH 1      TH 2      TH 3      TH 4      TH 5      OM11      OM12      OM13      OM22      OM23      OM33      SG11  

 
 TH 1
+        7.28E-02
 
 TH 2
+        8.47E-01  1.15E-01
 
 TH 3
+        1.87E-01  1.30E-01  3.73E-02
 
 TH 4
+       -3.06E-01 -2.78E-01 -2.27E-01  4.95E-02
 
 TH 5
+        8.40E-01  6.53E-01  1.14E-01 -2.44E-01  7.44E-02
 
 OM11
+       -3.60E-01 -2.45E-01 -7.90E-02 -1.71E-01 -3.95E-01  1.81E-02
 
 OM12
+       -4.32E-01 -3.88E-01 -7.26E-02  1.28E-01 -5.64E-01  8.09E-01  3.21E-02
 
 OM13
+       -3.55E-01 -3.10E-01 -1.69E-01  1.98E-01 -2.07E-01  2.74E-01  2.18E-01  1.88E-02
 
 OM22
+       -4.11E-01 -4.34E-01 -8.63E-02  1.55E-01 -5.21E-01  5.57E-01  7.67E-01  1.11E-01  6.72E-02
 
 OM23
+       -2.19E-01 -2.18E-01 -1.65E-02  9.84E-02 -9.88E-02  2.08E-01  1.95E-01  8.48E-01  3.64E-02  3.93E-02
 
 OM33
+       -9.50E-02 -4.36E-02 -2.75E-01  2.01E-01 -3.77E-02  2.35E-02  6.70E-02  2.82E-01  2.92E-02  1.34E-01  2.27E-02
 
 SG11
+        1.61E-01  1.02E-01 -3.31E-02 -2.88E-01  3.55E-02 -7.93E-02 -1.00E-01 -9.21E-02 -1.36E-01 -1.59E-02 -1.07E-01  4.89E+03
 
1
 ************************************************************************************************************************
 ********************                                                                                ********************
 ********************               FIRST ORDER CONDITIONAL ESTIMATION WITH INTERACTION              ********************
 ********************                      INVERSE COVARIANCE MATRIX OF ESTIMATE                     ********************
 ********************                                                                                ********************
 ************************************************************************************************************************
 

            TH 1      TH 2      TH 3      TH 4      TH 5      OM11      OM12      OM13      OM22      OM23      OM33      SG11  

 
 TH 1
+        2.02E+03
 
 TH 2
+       -6.46E+02  3.57E+02
 
 TH 3
+       -1.47E+02  3.07E+01  8.85E+02
 
 TH 4
+        2.33E+02 -5.34E+01  1.55E+02  7.51E+02
 
 TH 5
+       -1.11E+03  2.25E+02  9.13E+01 -8.68E+01  1.03E+03
 
 OM11
+        2.19E+03 -7.67E+02  3.11E+02  1.95E+03 -1.28E+03  1.64E+04
 
 OM12
+       -1.29E+03  3.59E+02 -1.34E+02 -9.67E+02  1.10E+03 -8.73E+03  7.51E+03
 
 OM13
+        1.66E+02  8.84E+01  4.89E+02 -6.29E+02  1.97E+02 -4.46E+03  2.82E+03  1.44E+04
 
 OM22
+       -1.45E+02  1.01E+02  3.73E+01  3.04E+01  8.32E+01  3.21E+02 -1.06E+03 -3.22E+02  6.32E+02
 
 OM23
+        9.04E+01 -4.30E+00 -2.57E+02  1.80E+02 -2.30E+02  1.48E+03 -1.36E+03 -5.47E+03  2.45E+02  2.86E+03
 
 OM33
+        1.46E+02 -8.74E+01  2.84E+02 -1.53E+01 -1.22E+02  8.62E+02 -6.21E+02 -1.63E+03  6.66E+01  4.77E+02  2.41E+03
 
 SG11
+       -2.38E-03  6.13E-04  1.26E-03  1.62E-03  1.83E-03  1.71E-03 -3.11E-04  1.11E-03  6.79E-04 -9.68E-04  5.98E-04  5.22E-08
 
1
 
 
 
 
 
 
 
 
 
 
 
 
 
 
 
 
 
 
 
 
 ************************************************************************************************************************
 ********************                                                                                ********************
 ********************               FIRST ORDER CONDITIONAL ESTIMATION WITH INTERACTION              ********************
 ********************                      EIGENVALUES OF COR MATRIX OF ESTIMATE                     ********************
 ********************                                                                                ********************
 ************************************************************************************************************************
 

             1         2         3         4         5         6         7         8         9        10        11        12

 
         4.69E-02  8.64E-02  1.51E-01  2.71E-01  3.75E-01  6.40E-01  6.94E-01  1.08E+00  1.18E+00  1.50E+00  1.83E+00  4.15E+00
 
 Elapsed finaloutput time in seconds:     0.44
 #CPUT: Total CPU Time in Seconds,       73.290
Stop Time:
Wed 31 Jul 2024 03:39:03 PM EDT
