Starting NMTRAN
  
 WARNINGS AND ERRORS (IF ANY) FOR PROBLEM    1
             
 (WARNING  2) NM-TRAN INFERS THAT THE DATA ARE POPULATION.
Recompiling certain components
Building NONMEM Executable
Starting nonmem execution ...
License Registered to: Metrum Research Group (with RADAR5NM)
Expiration Date:    14 JUL 2022
Current Date:        4 JAN 2022
Days until program expires : 190


 First Order Conditional Estimation with Interaction
 MONITORING OF SEARCH:


0ITERATION NO.:    0    OBJECTIVE VALUE:   31992.6769590109        NO. OF FUNC. EVALS.:   9
 CUMULATIVE NO. OF FUNC. EVALS.:        9
 NPARAMETR:  5.0000E-01  3.5000E+00  1.0000E+00  4.0000E+00  2.0000E+00  2.0000E-01  1.0000E-02  1.0000E-02  2.0000E-01  1.0000E-02
             2.0000E-01  5.0000E-02  5.0000E-02
 PARAMETER:  1.0000E-01  1.0000E-01  1.0000E-01  1.0000E-01  1.0000E-01  1.0000E-01  1.0000E-01  1.0000E-01  1.0000E-01  1.0000E-01
             1.0000E-01  1.0000E-01  1.0000E-01
 GRADIENT:   1.5766E+03 -2.7376E+04 -5.6812E+02 -5.5504E+04  1.6487E+04 -7.8793E+01  2.3932E+01 -3.1103E+01 -2.9203E+02 -7.8194E+01
             8.0275E+01  3.0521E+02 -7.0590E-01

0ITERATION NO.:    1    OBJECTIVE VALUE:   31737.5304735451        NO. OF FUNC. EVALS.:  13
 CUMULATIVE NO. OF FUNC. EVALS.:       22
 NPARAMETR:  4.9864E-01  3.6650E+00  1.0010E+00  4.3824E+00  1.9432E+00  2.0001E-01  9.9997E-03  1.0001E-02  2.0002E-01  1.0002E-02
             1.9999E-01  4.9995E-02  5.0000E-02
 PARAMETER:  9.9728E-02  1.0471E-01  1.0010E-01  1.0956E-01  9.7161E-02  1.0001E-01  9.9996E-02  1.0001E-01  1.0005E-01  1.0001E-01
             9.9986E-02  9.9947E-02  1.0000E-01
 GRADIENT:   2.9201E+03 -1.3110E+04 -1.4785E+03  4.7844E+04  2.0908E+04 -2.5441E+02  7.6561E+00 -1.2900E+01  2.2524E+01 -7.0604E+01
             4.3917E+01  2.8108E+02 -1.4627E-02

0ITERATION NO.:    2    OBJECTIVE VALUE:   31658.3883874989        NO. OF FUNC. EVALS.:  12
 CUMULATIVE NO. OF FUNC. EVALS.:       34
 NPARAMETR:  4.9613E-01  3.7438E+00  1.0035E+00  4.0537E+00  1.8714E+00  2.0002E-01  1.0000E-02  1.0001E-02  2.0002E-01  1.0003E-02
             1.9999E-01  4.9990E-02  5.0000E-02
 PARAMETER:  9.9227E-02  1.0697E-01  1.0035E-01  1.0134E-01  9.3570E-02  1.0006E-01  9.9995E-02  1.0001E-01  1.0005E-01  1.0003E-01
             9.9979E-02  9.9899E-02  1.0000E-01
 GRADIENT:   1.3532E+03 -1.4812E+04 -8.8216E+02 -4.1715E+04  1.5925E+04 -5.8877E+01 -5.9703E+00 -2.9920E+01  1.2439E+01 -6.5786E+01
             7.0874E+01  5.4390E+02 -4.7638E-01

0ITERATION NO.:    3    OBJECTIVE VALUE:   31302.7238121438        NO. OF FUNC. EVALS.:  11
 CUMULATIVE NO. OF FUNC. EVALS.:       45
 NPARAMETR:  4.8353E-01  4.3425E+00  1.0176E+00  4.0921E+00  1.4277E+00  2.0010E-01  1.0002E-02  1.0006E-02  2.0001E-01  1.0011E-02
             1.9996E-01  4.9938E-02  5.0000E-02
 PARAMETER:  9.6705E-02  1.2407E-01  1.0176E-01  1.0230E-01  7.1387E-02  1.0024E-01  9.9994E-02  1.0003E-01  1.0003E-01  1.0011E-01
             9.9907E-02  9.9383E-02  1.0000E-01
 GRADIENT:   1.3860E+02  1.3805E+04 -1.1694E+03 -2.2445E+04  7.3454E+03  9.8743E+00 -2.8067E+01 -3.4772E+01  1.2647E+02 -2.0093E+01
             5.1567E+01  9.3234E+02 -8.2027E-02

0ITERATION NO.:    4    OBJECTIVE VALUE:   31276.9464834390        NO. OF FUNC. EVALS.:  12
 CUMULATIVE NO. OF FUNC. EVALS.:       57
 NPARAMETR:  4.7328E-01  4.0654E+00  1.0416E+00  4.1511E+00  9.6896E-01  2.0015E-01  1.0006E-02  1.0013E-02  1.9994E-01  1.0016E-02
             1.9993E-01  4.9803E-02  5.0000E-02
 PARAMETER:  9.4656E-02  1.1616E-01  1.0416E-01  1.0378E-01  4.8448E-02  1.0039E-01  1.0002E-01  1.0009E-01  9.9855E-02  1.0018E-01
             9.9812E-02  9.8025E-02  1.0000E-01
 GRADIENT:  -3.4463E+02 -4.4898E+03 -2.3092E+02 -3.4061E+03 -8.3005E+03  2.0705E+01 -2.0854E+01 -3.5863E+01  1.7618E+02 -4.0326E+01
             5.3812E+01  9.7759E+02  1.0927E-01

0ITERATION NO.:    5    OBJECTIVE VALUE:   31257.5522434487        NO. OF FUNC. EVALS.:  11
 CUMULATIVE NO. OF FUNC. EVALS.:       68
 NPARAMETR:  4.4348E-01  4.0792E+00  1.2116E+00  4.1552E+00  9.8480E-01  2.0037E-01  1.0060E-02  1.0099E-02  1.9851E-01  1.0079E-02
             1.9943E-01  4.7667E-02  5.0000E-02
 PARAMETER:  8.8697E-02  1.1655E-01  1.2116E-01  1.0388E-01  4.9240E-02  1.0093E-01  1.0051E-01  1.0090E-01  9.6251E-02  1.0114E-01
             9.8530E-02  7.6111E-02  9.9999E-02
 GRADIENT:  -4.7135E+02 -3.7032E+03  2.6071E+03 -2.7468E+03 -8.7624E+03  1.9932E+01 -2.1754E+01 -2.9105E+01  1.8114E+02 -2.6442E+01
             3.7602E+01  7.7506E+02  6.7807E-02

0ITERATION NO.:    6    OBJECTIVE VALUE:   31238.7741655968        NO. OF FUNC. EVALS.:  10
 CUMULATIVE NO. OF FUNC. EVALS.:       78
 NPARAMETR:  2.9001E-01  4.0834E+00  1.1155E+00  4.1609E+00  9.8494E-01  2.0165E-01  1.0362E-02  1.0559E-02  1.9074E-01  1.0375E-02
             1.9693E-01  3.7936E-02  4.9999E-02
 PARAMETER:  5.8003E-02  1.1667E-01  1.1155E-01  1.0402E-01  4.9247E-02  1.0410E-01  1.0320E-01  1.0515E-01  7.6146E-02  1.0600E-01
             9.1957E-02 -3.8055E-02  9.9994E-02
 GRADIENT:  -1.1496E+03 -1.4114E+03  1.3819E+03 -1.7835E+03 -1.1229E+04 -4.4745E+00 -2.8377E+01 -3.3513E+01  1.8539E+02 -3.5703E+01
             5.2836E+01 -3.5181E+02 -1.5088E-01

0ITERATION NO.:    7    OBJECTIVE VALUE:   31231.5422766480        NO. OF FUNC. EVALS.:  11
 CUMULATIVE NO. OF FUNC. EVALS.:       89
 NPARAMETR:  4.1890E-01  4.1133E+00  1.1133E+00  4.1479E+00  9.3698E-01  2.0946E-01  1.1422E-02  1.1977E-02  1.7186E-01  1.1356E-02
             1.8927E-01  3.7210E-02  5.0005E-02
 PARAMETER:  8.3779E-02  1.1752E-01  1.1133E-01  1.0370E-01  4.6849E-02  1.2310E-01  1.1161E-01  1.1704E-01  2.3616E-02  1.2161E-01
             7.1234E-02 -4.7719E-02  1.0005E-01
 GRADIENT:  -6.9126E+02 -1.2077E+03  1.3893E+03 -1.2413E+03 -1.1625E+04  1.0173E+01 -2.4022E+01 -3.6439E+01  1.7756E+02 -3.8199E+01
             4.4053E+01 -4.8342E+02 -1.7811E-01

0ITERATION NO.:    8    OBJECTIVE VALUE:   31192.3291682664        NO. OF FUNC. EVALS.:  11
 CUMULATIVE NO. OF FUNC. EVALS.:      100
 NPARAMETR:  3.7025E-01  4.1119E+00  1.1023E+00  4.1632E+00  9.3387E-01  2.5571E-01  1.7651E-02  2.0673E-02  9.8370E-02  1.5204E-02
             1.5428E-01  3.7344E-02  5.0037E-02
 PARAMETER:  7.4050E-02  1.1748E-01  1.1023E-01  1.0408E-01  4.6694E-02  2.2286E-01  1.5610E-01  1.8283E-01 -2.5977E-01  2.0782E-01
            -3.9267E-02 -4.5925E-02  1.0037E-01
 GRADIENT:  -8.0108E+02 -4.0523E+03  1.4916E+03  1.3087E+03 -1.2278E+04  2.7783E+01 -3.7922E+01 -3.9711E+01  8.9794E+01 -5.3421E+01
            -1.3510E+00 -4.5911E+02 -1.5172E-01

0ITERATION NO.:    9    OBJECTIVE VALUE:   31167.7145252844        NO. OF FUNC. EVALS.:  10
 CUMULATIVE NO. OF FUNC. EVALS.:      110
 NPARAMETR:  3.4835E-01  4.0978E+00  1.0681E+00  4.1735E+00  9.2805E-01  3.1543E-01  7.4123E-02  7.4623E-02  8.1322E-02  6.2231E-02
             2.3774E-01  3.7058E-02  5.0189E-02
 PARAMETER:  6.9670E-02  1.1708E-01  1.0681E-01  1.0434E-01  4.6402E-02  3.2780E-01  5.9023E-01  5.9421E-01 -4.6922E-01  8.3128E-01
             7.3635E-02 -4.9768E-02  1.0188E-01
 GRADIENT:  -6.9291E+02 -6.0370E+03  1.6575E+03  2.4419E+03 -1.2736E+04  2.7418E+01 -1.8690E+00 -1.4292E+01  2.9590E+00  6.6935E+00
             1.0984E+02 -4.9902E+02 -1.5712E-01

0ITERATION NO.:   10    OBJECTIVE VALUE:   31156.9781088798        NO. OF FUNC. EVALS.:  10
 CUMULATIVE NO. OF FUNC. EVALS.:      120
 NPARAMETR:  3.2280E-01  4.0717E+00  1.0338E+00  4.1755E+00  9.4732E-01  3.6548E-01  1.0839E-01  1.1003E-01  1.0400E-01  9.5350E-02
             2.0926E-01  3.6686E-02  5.0294E-02
 PARAMETER:  6.4561E-02  1.1634E-01  1.0338E-01  1.0439E-01  4.7366E-02  4.0145E-01  8.0179E-01  8.1398E-01 -4.1057E-01  1.1000E+00
            -1.4727E-01 -5.4810E-02  1.0294E-01
 GRADIENT:  -6.2976E+02 -6.5669E+03  1.8522E+03  2.7879E+03 -1.2708E+04  2.4840E+01  2.7513E+01 -2.1922E+01  6.2216E+00  3.1351E+01
             1.6504E+01 -5.4242E+02 -1.4855E-01

0ITERATION NO.:   11    OBJECTIVE VALUE:   31154.0526165603        NO. OF FUNC. EVALS.:  11
 CUMULATIVE NO. OF FUNC. EVALS.:      131
 NPARAMETR:  3.1682E-01  4.0652E+00  1.0293E+00  4.1795E+00  9.5744E-01  4.1226E-01  1.1392E-01  1.3143E-01  1.0617E-01  1.0056E-01
             2.1616E-01  3.6559E-02  5.0342E-02
 PARAMETER:  6.3364E-02  1.1615E-01  1.0293E-01  1.0449E-01  4.7872E-02  4.6166E-01  7.9345E-01  9.1540E-01 -3.9121E-01  1.1051E+00
            -1.5716E-01 -5.6553E-02  1.0340E-01
 GRADIENT:  -6.1143E+02 -7.4305E+03  2.0275E+03  3.1322E+03 -1.2567E+04  4.0593E+01  1.5161E+01 -1.4153E+01  1.4296E+01  3.0203E+01
             2.1330E+01 -5.4957E+02 -1.4940E-01

0ITERATION NO.:   12    OBJECTIVE VALUE:   31150.7740753029        NO. OF FUNC. EVALS.:  10
 CUMULATIVE NO. OF FUNC. EVALS.:      141
 NPARAMETR:  3.4104E-01  4.1120E+00  1.0135E+00  4.1552E+00  9.3142E-01  2.9308E-01  1.1930E-01  2.2741E-01  1.1753E-01  1.3534E-01
             2.9698E-01  3.7027E-02  5.0944E-02
 PARAMETER:  6.8208E-02  1.1749E-01  1.0135E-01  1.0388E-01  4.6571E-02  2.9107E-01  9.8552E-01  1.8785E+00 -4.3111E-01  7.6581E-01
            -2.7509E-01 -5.0192E-02  1.0935E-01
 GRADIENT:  -1.0455E+03 -6.2432E+02  2.0632E+03 -3.2746E+02 -1.2760E+04 -1.3714E+01  2.1429E+01  3.5094E+01  2.5024E+01  5.1680E+00
             3.3071E+01 -5.3896E+02 -1.7405E-01

0ITERATION NO.:   13    OBJECTIVE VALUE:   31133.8017622771        NO. OF FUNC. EVALS.:  10
 CUMULATIVE NO. OF FUNC. EVALS.:      151
 NPARAMETR:  2.9026E-01  4.1126E+00  1.0159E+00  4.1767E+00  1.0028E+00  4.5891E-01  1.9891E-01  2.7858E-01  1.5720E-01  1.5112E-01
             2.8293E-01  3.7008E-02  5.2183E-02
 PARAMETER:  5.8052E-02  1.1750E-01  1.0159E-01  1.0442E-01  5.0141E-02  5.1527E-01  1.3131E+00  1.8391E+00 -4.1669E-01  5.3609E-01
            -2.4014E-01 -5.0450E-02  1.2137E-01
 GRADIENT:  -1.1064E+03  6.8330E+03  1.5206E+03  1.5909E+03 -1.0669E+04  1.5961E+01  4.8645E+01  1.5024E+01  4.0122E+01 -1.2365E+01
             3.6153E+01 -4.9101E+02 -1.3425E-01

0ITERATION NO.:   14    OBJECTIVE VALUE:   31056.8968470547        NO. OF FUNC. EVALS.:  11
 CUMULATIVE NO. OF FUNC. EVALS.:      162
 NPARAMETR:  3.2744E-01  4.1197E+00  9.7222E-01  4.1714E+00  1.1220E+00  3.7824E-01  1.2700E-01  2.3127E-01  1.0783E-01  1.2021E-01
             2.5833E-01  3.7875E-02  5.7489E-02
 PARAMETER:  6.5489E-02  1.1771E-01  9.7222E-02  1.0428E-01  5.6101E-02  4.1861E-01  9.2348E-01  1.6817E+00 -4.5930E-01  7.8366E-01
            -3.0167E-01 -3.8864E-02  1.6978E-01
 GRADIENT:  -5.7363E+02  1.0010E+04 -7.4759E+02 -2.2635E+03 -4.8250E+03  2.5756E+01  2.9426E+01  9.0836E+00  5.2717E+00  1.5868E+01
             1.9236E+01 -2.7941E+02 -1.0444E-01

0ITERATION NO.:   15    OBJECTIVE VALUE:   31016.5396215612        NO. OF FUNC. EVALS.:  10
 CUMULATIVE NO. OF FUNC. EVALS.:      172
 NPARAMETR:  3.3641E-01  4.0510E+00  1.0177E+00  4.1756E+00  1.2676E+00  2.7775E-01  9.2751E-02  1.6110E-01  1.0181E-01  8.9071E-02
             2.0227E-01  3.9117E-02  6.7145E-02
 PARAMETER:  6.7282E-02  1.1574E-01  1.0177E-01  1.0439E-01  6.3379E-02  2.6420E-01  7.8707E-01  1.3671E+00 -4.1774E-01  6.2310E-01
            -2.8993E-01 -2.2731E-02  2.4741E-01
 GRADIENT:  -1.3304E+02 -1.5761E+03  6.2992E+01 -7.3268E+03 -9.5782E+02  1.4341E+01  5.2714E-01  7.5930E+00  3.1372E+01 -3.9940E+00
             3.3192E+01 -5.1472E+01 -1.3858E-01

0ITERATION NO.:   16    OBJECTIVE VALUE:   31006.0336430532        NO. OF FUNC. EVALS.:  10
 CUMULATIVE NO. OF FUNC. EVALS.:      182
 NPARAMETR:  3.4920E-01  4.0725E+00  1.0475E+00  4.1965E+00  1.3051E+00  2.2129E-01  5.7993E-02  1.2137E-01  7.3855E-02  6.6204E-02
             1.7041E-01  3.9903E-02  8.0906E-02
 PARAMETER:  6.9840E-02  1.1636E-01  1.0475E-01  1.0491E-01  6.5253E-02  1.5058E-01  5.5133E-01  1.1539E+00 -5.1205E-01  6.6772E-01
            -3.3334E-01 -1.2787E-02  3.4063E-01
 GRADIENT:  -9.2508E+01 -1.9275E+02 -2.2135E-01 -3.5585E+03  5.2830E+02  7.1507E+00 -1.8916E+01 -6.9172E-01 -2.2137E+01  9.1452E-01
             1.6725E+01  2.7862E+01 -1.0943E-01

0ITERATION NO.:   17    OBJECTIVE VALUE:   31004.6366697430        NO. OF FUNC. EVALS.:  10
 CUMULATIVE NO. OF FUNC. EVALS.:      192
 NPARAMETR:  3.5642E-01  4.0639E+00  1.0386E+00  4.2062E+00  1.3064E+00  2.3202E-01  7.3872E-02  1.3689E-01  8.6120E-02  7.7218E-02
             1.7661E-01  3.9950E-02  9.2480E-02
 PARAMETER:  7.1285E-02  1.1611E-01  1.0386E-01  1.0516E-01  6.5318E-02  1.7426E-01  6.8585E-01  1.2709E+00 -4.7952E-01  6.3205E-01
            -3.6988E-01 -1.2199E-02  4.0749E-01
 GRADIENT:   2.1611E+01 -1.8916E+02 -2.5742E+02 -1.3563E+03  4.3557E+02  2.6078E+00 -1.9510E+00 -1.5157E-01  3.3090E-01  7.0960E-01
             8.1777E+00  3.1072E+01 -9.0786E-02

0ITERATION NO.:   18    OBJECTIVE VALUE:   31001.7228024946        NO. OF FUNC. EVALS.:  10
 CUMULATIVE NO. OF FUNC. EVALS.:      202
 NPARAMETR:  3.6595E-01  4.0732E+00  1.0596E+00  4.2143E+00  1.2921E+00  2.2520E-01  7.6106E-02  1.3871E-01  8.7562E-02  7.8916E-02
             1.7369E-01  3.9774E-02  1.4204E-01
 PARAMETER:  7.3189E-02  1.1638E-01  1.0596E-01  1.0536E-01  6.4603E-02  1.5934E-01  7.1721E-01  1.3072E+00 -4.8561E-01  6.0576E-01
            -4.1084E-01 -1.4411E-02  6.2203E-01
 GRADIENT:  -2.5221E+01 -3.4470E+01  1.9513E+02  7.1450E+02 -3.3158E+02 -7.6912E-01  4.8193E+00 -8.4194E-01  1.6419E-01  1.4446E+00
            -3.6864E-01 -1.9747E+00 -1.0807E-01

0ITERATION NO.:   19    OBJECTIVE VALUE:   31001.7228024946        NO. OF FUNC. EVALS.:  24
 CUMULATIVE NO. OF FUNC. EVALS.:      226
 NPARAMETR:  3.6595E-01  4.0732E+00  1.0596E+00  4.2143E+00  1.2921E+00  2.2520E-01  7.6106E-02  1.3871E-01  8.7562E-02  7.8916E-02
             1.7369E-01  3.9774E-02  1.4204E-01
 PARAMETER:  7.3189E-02  1.1638E-01  1.0596E-01  1.0536E-01  6.4603E-02  1.5934E-01  7.1721E-01  1.3072E+00 -4.8561E-01  6.0576E-01
            -4.1084E-01 -1.4411E-02  6.2203E-01
 GRADIENT:  -2.9824E+01 -2.7931E+03 -5.9987E+02  5.2235E+01 -4.0319E+02 -7.6912E-01  4.8193E+00 -8.4194E-01  1.6419E-01  1.4446E+00
            -3.6864E-01 -2.6025E+00 -1.0805E-01

0ITERATION NO.:   20    OBJECTIVE VALUE:   30998.3319503479        NO. OF FUNC. EVALS.:  21
 CUMULATIVE NO. OF FUNC. EVALS.:      247
 NPARAMETR:  4.1322E-01  4.1087E+00  1.1000E+00  4.2124E+00  1.2858E+00  2.0111E-01  6.3879E-02  1.2916E-01  8.0766E-02  7.0690E-02
             1.6633E-01  3.9898E-02  2.3761E-01
 PARAMETER:  8.2644E-02  1.1739E-01  1.1000E-01  1.0531E-01  6.4290E-02  1.0276E-01  6.3703E-01  1.2880E+00 -4.9678E-01  5.6715E-01
            -4.3093E-01 -1.2845E-02  8.7930E-01
 GRADIENT:  -7.8873E+00 -5.0939E+02 -2.1054E+02  4.9842E+02 -1.1731E+02 -6.3872E+00 -2.6477E+00  7.6958E-01 -1.0492E+00 -3.2773E+00
            -1.2632E+00 -2.0093E+00 -1.4625E-01

0ITERATION NO.:   21    OBJECTIVE VALUE:   30997.9097370023        NO. OF FUNC. EVALS.:  21
 CUMULATIVE NO. OF FUNC. EVALS.:      268
 NPARAMETR:  4.1869E-01  4.1158E+00  1.1150E+00  4.2110E+00  1.2896E+00  2.1031E-01  6.6745E-02  1.3055E-01  8.1549E-02  7.2079E-02
             1.6648E-01  3.9908E-02  3.4243E-01
 PARAMETER:  8.3739E-02  1.1759E-01  1.1150E-01  1.0527E-01  6.4480E-02  1.2514E-01  6.5088E-01  1.2731E+00 -4.9769E-01  5.8649E-01
            -4.2338E-01 -1.2721E-02  1.0620E+00
 GRADIENT:  -4.8703E+01 -5.2280E+01  7.5100E+01  1.4228E+02 -5.6770E+01 -2.0956E+00 -4.1796E-01 -9.2897E-01 -2.7662E+00 -1.2420E+00
            -2.3481E+00  3.0167E+00 -1.8403E-01

0ITERATION NO.:   22    OBJECTIVE VALUE:   30997.7547405953        NO. OF FUNC. EVALS.:  21
 CUMULATIVE NO. OF FUNC. EVALS.:      289
 NPARAMETR:  4.3154E-01  4.1201E+00  1.1172E+00  4.2088E+00  1.2869E+00  2.1614E-01  6.8178E-02  1.3367E-01  8.2430E-02  7.3725E-02
             1.6990E-01  3.9873E-02  5.6500E-01
 PARAMETER:  8.6308E-02  1.1772E-01  1.1172E-01  1.0522E-01  6.4346E-02  1.3880E-01  6.5583E-01  1.2859E+00 -4.9309E-01  6.0114E-01
            -4.1631E-01 -1.3163E-02  1.3124E+00
 GRADIENT:  -1.1750E+01  1.7758E+02  3.1289E+01 -1.8660E+01 -4.0588E+00 -1.4636E+00  1.0558E-02  8.8728E-01 -1.1423E+00  3.5455E-01
             8.4637E-02  4.6232E+00 -1.6218E-01

0ITERATION NO.:   23    OBJECTIVE VALUE:   30997.7309307588        NO. OF FUNC. EVALS.:  21
 CUMULATIVE NO. OF FUNC. EVALS.:      310
 NPARAMETR:  4.3591E-01  4.1198E+00  1.1172E+00  4.2083E+00  1.2869E+00  2.2159E-01  6.9333E-02  1.3401E-01  8.3240E-02  7.3855E-02
             1.6921E-01  3.9797E-02  1.0016E+00
 PARAMETER:  8.7182E-02  1.1771E-01  1.1172E-01  1.0521E-01  6.4343E-02  1.5125E-01  6.5869E-01  1.2732E+00 -4.8801E-01  6.0500E-01
            -4.1121E-01 -1.4121E-02  1.5986E+00
 GRADIENT:   6.1493E+00  7.8655E+01  1.1469E+01  1.1327E+02 -1.7946E+01  4.1393E-01  7.0823E-01 -5.4525E-01  1.4606E+00  1.7135E-01
            -4.2800E-01  6.0219E+00  2.0809E-01

0ITERATION NO.:   24    OBJECTIVE VALUE:   30997.7159642950        NO. OF FUNC. EVALS.:  21
 CUMULATIVE NO. OF FUNC. EVALS.:      331
 NPARAMETR:  4.3279E-01  4.1185E+00  1.1156E+00  4.2084E+00  1.2876E+00  2.2043E-01  6.9043E-02  1.3392E-01  8.2938E-02  7.3677E-02
             1.6932E-01  3.9783E-02  7.4022E-01
 PARAMETER:  8.6559E-02  1.1767E-01  1.1156E-01  1.0521E-01  6.4380E-02  1.4864E-01  6.5765E-01  1.2757E+00 -4.8992E-01  6.0248E-01
            -4.1168E-01 -1.4297E-02  1.4475E+00
 GRADIENT:   1.0088E-01  1.9654E+01  1.2060E+00 -1.5423E+01  7.4826E+00  4.6481E-02  2.2400E-01 -7.9771E-02  5.3608E-01  6.0838E-02
            -7.7839E-02 -9.2045E-01 -8.3775E-02

0ITERATION NO.:   25    OBJECTIVE VALUE:   30997.7131202900        NO. OF FUNC. EVALS.:  21
 CUMULATIVE NO. OF FUNC. EVALS.:      352
 NPARAMETR:  4.3285E-01  4.1186E+00  1.1155E+00  4.2084E+00  1.2874E+00  2.2033E-01  6.8975E-02  1.3407E-01  8.2765E-02  7.3629E-02
             1.6949E-01  3.9782E-02  8.0633E-01
 PARAMETER:  8.6570E-02  1.1767E-01  1.1155E-01  1.0521E-01  6.4372E-02  1.4841E-01  6.5716E-01  1.2773E+00 -4.9106E-01  6.0183E-01
            -4.1173E-01 -1.4304E-02  1.4902E+00
 GRADIENT:   3.2657E-01  2.0296E+01 -9.5906E-01  1.1149E+01  2.4479E+00  2.8275E-02  3.7451E-02  1.2183E-01 -8.4642E-03  7.9283E-02
             8.1139E-02  1.2403E-01 -2.7957E-02

0ITERATION NO.:   26    OBJECTIVE VALUE:   30997.7127237327        NO. OF FUNC. EVALS.:  21
 CUMULATIVE NO. OF FUNC. EVALS.:      373
 NPARAMETR:  4.3282E-01  4.1184E+00  1.1155E+00  4.2083E+00  1.2874E+00  2.2013E-01  6.8866E-02  1.3381E-01  8.2714E-02  7.3502E-02
             1.6926E-01  3.9776E-02  8.4779E-01
 PARAMETER:  8.6564E-02  1.1767E-01  1.1155E-01  1.0521E-01  6.4372E-02  1.4794E-01  6.5642E-01  1.2755E+00 -4.9108E-01  6.0145E-01
            -4.1155E-01 -1.4380E-02  1.5153E+00
 GRADIENT:   9.8889E-01 -6.2398E+00  4.6328E-01  5.9527E+00 -1.6524E+00 -6.2514E-03  1.6800E-02 -3.7391E-02  5.6231E-03 -1.9376E-03
            -2.2389E-03  2.9053E-01  8.2946E-03

0ITERATION NO.:   27    OBJECTIVE VALUE:   30997.7126904743        NO. OF FUNC. EVALS.:  21
 CUMULATIVE NO. OF FUNC. EVALS.:      394
 NPARAMETR:  4.3260E-01  4.1184E+00  1.1154E+00  4.2083E+00  1.2875E+00  2.2016E-01  6.8880E-02  1.3387E-01  8.2721E-02  7.3523E-02
             1.6931E-01  3.9775E-02  8.4101E-01
 PARAMETER:  8.6521E-02  1.1767E-01  1.1154E-01  1.0521E-01  6.4375E-02  1.4801E-01  6.5652E-01  1.2759E+00 -4.9108E-01  6.0145E-01
            -4.1164E-01 -1.4393E-02  1.5113E+00
 GRADIENT:   1.2650E-01  1.1472E+00 -1.4008E-01  3.3729E+00 -4.4169E-03  2.3022E-02 -3.3321E-03  3.9357E-03 -3.1272E-03  2.1549E-04
             6.7365E-03 -5.6291E-03  7.2788E-04

0ITERATION NO.:   28    OBJECTIVE VALUE:   30997.7126904743        NO. OF FUNC. EVALS.:  14
 CUMULATIVE NO. OF FUNC. EVALS.:      408
 NPARAMETR:  4.3260E-01  4.1184E+00  1.1154E+00  4.2083E+00  1.2875E+00  2.2016E-01  6.8880E-02  1.3387E-01  8.2721E-02  7.3523E-02
             1.6931E-01  3.9775E-02  8.4101E-01
 PARAMETER:  8.6521E-02  1.1767E-01  1.1154E-01  1.0521E-01  6.4375E-02  1.4801E-01  6.5652E-01  1.2759E+00 -4.9108E-01  6.0145E-01
            -4.1164E-01 -1.4393E-02  1.5113E+00
 GRADIENT:   1.2650E-01  1.1472E+00 -1.4008E-01  3.3729E+00 -4.4169E-03  2.3022E-02 -3.3321E-03  3.9357E-03 -3.1272E-03  2.1549E-04
             6.7365E-03 -5.6291E-03  7.2788E-04
 Elapsed estimation  time in seconds:    25.66
 Elapsed covariance  time in seconds:    23.00
 Elapsed postprocess time in seconds:     2.88
 Elapsed finaloutput time in seconds:     0.58
Done with nonmem execution
